***************************************
*** ###easy### TPC-C Load Generator ***
***************************************
option h with value '192.168.0.6'
option P with value '3306'
option d with value 'scutech-tpcc'
option u with value 'yunify'
option p with value 'Zhu88jie'
option w with value '50'
option c with value '32'
option r with value '600'
option l with value '3600'
<Parameters>
     [server]: 192.168.0.6
     [port]: 3306
     [DBname]: scutech-tpcc
       [user]: yunify
       [pass]: Zhu88jie
  [warehouse]: 50
 [connection]: 32
     [rampup]: 600 (sec.)
    [measure]: 3600 (sec.)

RAMP-UP TIME.(600 sec.)

MEASURING START.

  10, 2203(0):1.255|4.574, 2201(0):0.262|6.548, 220(0):0.134|0.374, 220(0):1.511|3.136, 218(0):4.088|5.525
  20, 2186(0):1.237|1.487, 2186(0):0.247|0.600, 219(0):0.116|0.132, 217(0):1.396|1.474, 220(0):3.805|3.915
  30, 2161(0):1.217|1.524, 2158(0):0.249|0.619, 216(0):0.124|0.179, 217(0):1.387|1.435, 216(0):3.829|4.069
  40, 2189(0):1.223|1.394, 2195(0):0.249|0.427, 218(0):0.123|0.142, 219(0):1.419|1.562, 218(0):3.880|4.106
  50, 2222(0):1.254|1.321, 2213(0):0.256|0.320, 223(0):0.117|0.146, 222(0):1.448|1.576, 222(0):3.912|4.180
  60, 2180(0):1.197|1.415, 2185(0):0.241|0.604, 217(0):0.117|0.139, 218(0):1.368|1.482, 219(0):3.781|4.104
  70, 2215(0):1.225|1.517, 2217(0):0.246|0.351, 222(0):0.122|0.175, 223(0):1.411|1.448, 221(0):3.815|4.066
  80, 2107(0):1.219|1.440, 2108(0):0.246|0.413, 211(0):0.118|0.253, 211(0):1.394|1.500, 211(0):3.815|4.197
  90, 2095(0):1.240|1.482, 2097(0):0.252|0.386, 210(0):0.124|0.207, 208(0):1.509|1.601, 212(0):3.856|4.122
 100, 2227(0):1.216|1.426, 2224(0):0.249|0.472, 223(0):0.118|0.127, 223(0):1.388|1.430, 221(0):3.864|4.104
 110, 2158(0):1.246|1.828, 2157(0):0.270|0.362, 215(0):0.128|0.299, 218(0):1.587|1.674, 214(0):4.004|4.773
 120, 2164(0):1.262|1.436, 2163(0):0.270|0.495, 216(0):0.137|0.143, 215(0):1.456|1.611, 216(0):3.943|4.389
 130, 2160(0):1.243|1.377, 2157(0):0.253|0.288, 216(0):0.132|0.138, 214(0):1.440|1.547, 216(0):3.982|4.068
 140, 2174(0):1.214|1.329, 2178(0):0.251|0.482, 218(0):0.118|0.134, 219(0):1.383|1.399, 219(0):3.824|4.027
 150, 2223(0):1.228|1.506, 2218(0):0.247|0.307, 222(0):0.117|0.148, 221(0):1.427|1.513, 220(0):3.878|4.047
 160, 2198(0):1.228|1.553, 2190(0):0.249|0.368, 219(0):0.126|0.279, 221(0):1.416|1.676, 222(0):3.917|4.015
 170, 2212(0):1.243|1.571, 2231(0):0.254|0.623, 223(0):0.136|0.179, 223(0):1.415|1.490, 221(0):3.974|4.352
 180, 2181(0):1.236|1.535, 2173(0):0.264|0.628, 217(0):0.144|0.184, 216(0):1.422|1.614, 217(0):3.859|3.901
 190, 2144(0):1.207|1.385, 2142(0):0.252|0.402, 214(0):0.121|0.157, 215(0):1.405|1.590, 215(0):3.800|4.025
 200, 2094(0):1.223|1.490, 2102(0):0.256|0.493, 211(0):0.117|0.125, 208(0):1.442|1.554, 214(0):3.756|3.828
 210, 2201(0):1.241|1.497, 2185(0):0.256|0.421, 219(0):0.132|0.169, 221(0):1.411|1.633, 217(0):3.874|3.927
 220, 2184(0):1.238|1.416, 2196(0):0.255|0.497, 219(0):0.119|0.134, 220(0):1.466|1.568, 217(0):3.851|4.142
 230, 2215(0):1.215|1.444, 2216(0):0.254|0.496, 221(0):0.123|0.203, 221(0):1.391|1.456, 221(0):3.817|3.945
 240, 2174(0):1.232|1.414, 2171(0):0.252|0.359, 217(0):0.118|0.136, 216(0):1.412|1.656, 218(0):3.873|4.402
 250, 2127(0):1.243|1.425, 2128(0):0.248|0.292, 213(0):0.119|0.129, 213(0):1.380|1.427, 214(0):4.103|4.320
 260, 2261(0):1.175|1.279, 2254(0):0.245|0.473, 226(0):0.124|0.147, 226(0):1.377|1.429, 224(0):3.789|3.926
 270, 2215(0):1.226|1.526, 2218(0):0.246|0.613, 222(0):0.120|0.214, 220(0):1.399|1.458, 221(0):3.878|4.216
 280, 2203(0):1.241|1.487, 2209(0):0.253|0.364, 220(0):0.124|0.132, 223(0):1.405|1.461, 222(0):3.894|4.070
 290, 2238(0):1.231|1.501, 2239(0):0.256|0.528, 224(0):0.125|0.148, 223(0):1.480|1.628, 223(0):3.904|4.159
 300, 2181(0):1.225|1.332, 2173(0):0.247|0.468, 218(0):0.115|0.132, 218(0):1.442|1.650, 221(0):3.810|4.131
 310, 2101(0):1.228|1.671, 2106(0):0.251|0.551, 209(0):0.127|0.154, 209(0):1.493|1.719, 207(0):3.790|3.819
 320, 2096(0):1.244|1.433, 2104(0):0.250|0.426, 212(0):0.125|0.133, 209(0):1.406|1.740, 215(0):3.919|3.964
 330, 2228(0):1.238|1.452, 2216(0):0.249|0.544, 221(0):0.129|0.382, 224(0):1.412|1.553, 223(0):3.787|3.887
 340, 2157(0):1.233|1.357, 2159(0):0.252|0.478, 216(0):0.117|0.140, 217(0):1.428|1.497, 211(0):3.955|4.060
 350, 2199(0):1.218|1.444, 2195(0):0.246|0.558, 220(0):0.131|0.163, 219(0):1.416|1.464, 224(0):3.791|3.881
 360, 2149(0):1.247|1.324, 2150(0):0.255|0.475, 214(0):0.127|0.157, 215(0):1.423|1.539, 210(0):3.871|4.051
 370, 2163(0):1.263|2.218, 2161(0):0.260|0.429, 217(0):0.121|0.152, 216(0):1.484|1.765, 217(0):3.919|4.390
 380, 2162(0):1.240|1.627, 2160(0):0.261|0.456, 216(0):0.118|0.142, 214(0):1.557|1.650, 216(0):3.968|4.310
 390, 2215(0):1.208|1.315, 2227(0):0.244|0.397, 222(0):0.123|0.127, 224(0):1.414|1.624, 224(0):3.873|4.164
 400, 2164(0):1.245|1.574, 2154(0):0.258|0.505, 216(0):0.127|0.133, 218(0):1.422|1.696, 217(0):3.989|4.257
 410, 2185(0):1.221|1.364, 2185(0):0.252|0.514, 219(0):0.118|0.130, 216(0):1.382|1.581, 217(0):3.809|3.853
 420, 2168(0):1.233|1.386, 2170(0):0.250|0.303, 216(0):0.121|0.143, 217(0):1.405|1.535, 220(0):3.978|4.048
 430, 2059(0):1.250|1.517, 2064(0):0.255|0.435, 207(0):0.125|0.134, 205(0):1.413|1.442, 206(0):3.884|3.951
 440, 2149(0):1.230|1.424, 2148(0):0.253|0.533, 215(0):0.119|0.142, 218(0):1.405|1.466, 211(0):4.016|4.621
 450, 2170(0):1.226|1.420, 2167(0):0.248|0.526, 215(0):0.118|0.160, 214(0):1.401|1.637, 217(0):3.825|3.866
 460, 2220(0):1.217|1.472, 2217(0):0.255|0.459, 223(0):0.122|0.144, 224(0):1.423|1.549, 220(0):3.834|3.975
 470, 2201(0):1.215|1.566, 2201(0):0.260|0.531, 221(0):0.127|0.136, 220(0):1.370|1.432, 222(0):3.728|3.853
 480, 2139(0):1.271|1.710, 2143(0):0.261|0.348, 213(0):0.128|0.145, 213(0):1.452|2.581, 212(0):4.005|4.208
 490, 2158(0):1.247|1.495, 2159(0):0.254|0.483, 216(0):0.122|0.153, 216(0):1.434|1.551, 216(0):3.994|4.342
 500, 2132(0):1.223|1.516, 2127(0):0.252|0.605, 214(0):0.123|0.139, 214(0):1.429|1.585, 214(0):3.869|3.963
 510, 2166(0):1.277|1.494, 2170(0):0.262|0.504, 216(0):0.136|0.161, 216(0):1.430|1.489, 216(0):3.930|4.127
 520, 2225(0):1.211|1.446, 2224(0):0.247|0.345, 222(0):0.122|0.138, 223(0):1.377|1.475, 223(0):3.776|3.905
 530, 2148(0):1.256|1.503, 2148(0):0.271|0.597, 215(0):0.138|0.154, 214(0):1.456|1.677, 216(0):3.970|4.445
 540, 2180(0):1.219|1.424, 2179(0):0.250|0.453, 218(0):0.121|0.150, 217(0):1.395|1.668, 217(0):3.818|4.234
 550, 2100(0):1.219|1.416, 2097(0):0.250|0.420, 210(0):0.119|0.246, 212(0):1.401|1.480, 208(0):3.778|4.161
 560, 2183(0):1.239|1.562, 2177(0):0.253|0.464, 218(0):0.127|0.139, 217(0):1.422|1.534, 221(0):3.874|3.960
 570, 2171(0):1.227|1.378, 2187(0):0.252|0.519, 218(0):0.124|0.154, 220(0):1.449|1.468, 216(0):3.849|4.089
 580, 2173(0):1.231|1.403, 2161(0):0.254|0.509, 216(0):0.120|0.145, 215(0):1.494|1.732, 219(0):3.838|4.186
 590, 2068(0):1.284|2.153, 2072(0):0.266|0.540, 207(0):0.120|0.137, 205(0):1.424|1.505, 204(0):3.921|4.216
 600, 2188(0):1.235|1.478, 2190(0):0.249|0.478, 219(0):0.136|0.141, 220(0):1.452|1.510, 219(0):3.906|4.096
 610, 2139(0):1.294|1.603, 2140(0):0.283|0.539, 214(0):0.139|0.324, 214(0):1.537|1.670, 213(0):3.949|4.318
 620, 2182(0):1.220|1.432, 2178(0):0.247|0.320, 219(0):0.123|0.139, 219(0):1.389|1.626, 225(0):3.805|4.031
 630, 2168(0):1.244|1.426, 2170(0):0.258|0.497, 216(0):0.118|0.157, 218(0):1.454|1.655, 212(0):4.148|4.377
 640, 2133(0):1.231|1.522, 2131(0):0.263|0.533, 213(0):0.120|0.138, 212(0):1.416|1.532, 213(0):3.756|3.929
 650, 2175(0):1.239|1.430, 2180(0):0.256|0.466, 218(0):0.120|0.135, 217(0):1.431|1.472, 217(0):3.904|4.056
 660, 2128(0):1.219|1.417, 2120(0):0.250|0.457, 213(0):0.129|0.142, 212(0):1.360|1.475, 214(0):3.856|4.003
 670, 2209(0):1.223|1.359, 2208(0):0.248|0.512, 220(0):0.128|0.147, 221(0):1.466|1.571, 220(0):3.906|4.321
 680, 2142(0):1.257|1.578, 2149(0):0.257|0.495, 216(0):0.137|0.276, 215(0):1.449|1.511, 215(0):3.888|4.223
 690, 2135(0):1.240|1.532, 2133(0):0.260|0.538, 213(0):0.133|0.375, 215(0):1.431|1.454, 213(0):3.892|3.960
 700, 2187(0):1.220|1.357, 2189(0):0.259|0.507, 219(0):0.125|0.142, 215(0):1.394|1.573, 224(0):3.872|4.066
 710, 2171(0):1.244|1.383, 2167(0):0.252|0.542, 216(0):0.126|0.165, 218(0):1.425|1.605, 211(0):3.866|4.110
 720, 2194(0):1.232|1.449, 2198(0):0.255|0.365, 220(0):0.116|0.145, 222(0):1.422|1.512, 220(0):3.940|4.251
 730, 2179(0):1.230|1.479, 2174(0):0.257|0.313, 218(0):0.127|0.144, 216(0):1.494|1.771, 219(0):3.920|4.038
 740, 2220(0):1.249|1.674, 2227(0):0.261|0.539, 222(0):0.126|0.151, 222(0):1.451|1.488, 221(0):4.035|4.130
 750, 2156(0):1.250|1.557, 2160(0):0.262|1.989, 215(0):0.118|0.141, 216(0):1.438|1.545, 215(0):3.956|4.106
 760, 2191(0):1.233|1.463, 2183(0):0.252|0.548, 219(0):0.129|0.161, 218(0):1.404|1.427, 222(0):3.825|4.219
 770, 2080(0):1.244|1.450, 2089(0):0.252|0.531, 208(0):0.125|0.139, 211(0):1.410|1.526, 210(0):3.975|4.198
 780, 2182(0):1.245|1.574, 2176(0):0.253|0.542, 218(0):0.131|0.138, 216(0):1.464|1.541, 215(0):3.768|4.053
 790, 2187(0):1.216|1.428, 2183(0):0.246|0.652, 219(0):0.124|0.158, 220(0):1.385|1.544, 219(0):3.796|4.015
 800, 2204(0):1.208|1.290, 2206(0):0.253|0.805, 221(0):0.124|0.130, 220(0):1.397|1.590, 219(0):3.851|4.007
 810, 2114(0):1.224|1.509, 2115(0):0.246|0.552, 211(0):0.140|0.145, 212(0):1.416|1.447, 212(0):3.785|3.958
 820, 2196(0):1.245|1.564, 2194(0):0.249|0.467, 220(0):0.130|0.149, 220(0):1.433|1.613, 218(0):3.931|4.035
 830, 2111(0):1.230|1.425, 2116(0):0.251|0.532, 211(0):0.131|0.145, 210(0):1.441|1.518, 212(0):3.759|3.908
 840, 2191(0):1.271|1.568, 2189(0):0.266|0.481, 219(0):0.127|0.141, 220(0):1.481|1.589, 220(0):3.816|4.188
 850, 2163(0):1.247|1.616, 2159(0):0.248|0.548, 217(0):0.123|0.138, 215(0):1.403|1.501, 217(0):3.830|4.022
 860, 2144(0):1.231|1.457, 2146(0):0.259|0.736, 214(0):0.128|0.205, 214(0):1.403|1.463, 212(0):3.893|4.085
 870, 2145(0):1.232|1.419, 2143(0):0.261|0.493, 214(0):0.123|0.145, 215(0):1.477|1.646, 215(0):3.906|4.128
 880, 2095(0):1.245|1.331, 2092(0):0.253|0.493, 210(0):0.120|0.179, 210(0):1.437|1.497, 209(0):3.883|3.997
 890, 2116(0):1.212|1.488, 2118(0):0.256|0.529, 212(0):0.112|0.150, 211(0):1.382|1.692, 212(0):3.818|4.031
 900, 2162(0):1.224|1.421, 2162(0):0.256|0.522, 216(0):0.121|0.130, 216(0):1.429|1.485, 216(0):3.834|4.025
 910, 2144(0):1.233|1.494, 2149(0):0.251|0.433, 214(0):0.112|0.124, 215(0):1.433|1.469, 215(0):3.786|3.972
 920, 2182(0):1.264|1.703, 2181(0):0.267|0.395, 218(0):0.124|0.148, 219(0):1.455|1.622, 217(0):3.875|4.129
 930, 2149(0):1.231|1.514, 2144(0):0.253|0.499, 215(0):0.129|0.367, 215(0):1.439|1.444, 216(0):3.828|3.903
 940, 2195(0):1.241|1.333, 2199(0):0.256|0.526, 220(0):0.126|0.130, 220(0):1.445|1.558, 220(0):3.799|3.901
 950, 2205(0):1.239|1.381, 2209(0):0.251|0.827, 221(0):0.120|0.140, 220(0):1.481|1.641, 220(0):3.889|4.032
 960, 2125(0):1.257|1.656, 2127(0):0.266|0.540, 212(0):0.123|0.151, 213(0):1.443|1.642, 213(0):3.955|4.076
 970, 2181(0):1.220|1.563, 2173(0):0.252|0.462, 218(0):0.131|0.145, 218(0):1.440|1.521, 217(0):3.759|4.125
 980, 2110(0):1.210|1.539, 2117(0):0.250|0.407, 212(0):0.128|0.146, 209(0):1.405|1.481, 218(0):3.833|4.083
 990, 2164(0):1.248|1.500, 2156(0):0.257|0.376, 215(0):0.118|0.128, 218(0):1.421|1.513, 210(0):3.825|4.389
1000, 2129(0):1.212|1.353, 2125(0):0.260|0.572, 213(0):0.136|0.193, 212(0):1.430|1.594, 215(0):3.916|4.064
1010, 2108(0):1.249|1.408, 2114(0):0.256|0.449, 211(0):0.139|0.271, 211(0):1.436|1.597, 209(0):3.848|4.200
1020, 2158(0):1.221|1.357, 2154(0):0.250|0.456, 216(0):0.126|0.133, 214(0):1.405|1.590, 216(0):3.806|3.970
1030, 2208(0):1.220|1.301, 2211(0):0.249|0.317, 220(0):0.119|0.131, 223(0):1.432|1.533, 221(0):3.845|3.914
1040, 2208(0):1.207|1.448, 2206(0):0.253|0.601, 222(0):0.123|0.135, 221(0):1.407|1.436, 222(0):3.768|3.912
1050, 2202(0):1.199|1.360, 2203(0):0.246|0.503, 219(0):0.126|0.139, 219(0):1.368|1.413, 219(0):3.748|4.038
1060, 2190(0):1.235|1.718, 2190(0):0.247|0.435, 220(0):0.129|0.135, 220(0):1.424|1.585, 219(0):3.781|4.224
1070, 2159(0):1.247|1.423, 2164(0):0.273|0.370, 215(0):0.138|0.245, 215(0):1.456|1.549, 217(0):3.882|4.106
1080, 2177(0):1.255|1.663, 2176(0):0.260|0.415, 218(0):0.124|0.140, 219(0):1.623|1.696, 216(0):3.788|3.922
1090, 2139(0):1.239|1.447, 2141(0):0.270|0.461, 214(0):0.138|0.244, 211(0):1.433|1.544, 213(0):3.904|4.090
1100, 2013(0):1.269|1.664, 2014(0):0.265|0.548, 202(0):0.135|0.178, 202(0):1.519|1.576, 205(0):3.991|4.927
1110, 2136(0):1.198|1.347, 2134(0):0.252|0.379, 213(0):0.122|0.132, 217(0):1.414|1.612, 211(0):3.836|4.049
1120, 2179(0):1.228|1.349, 2178(0):0.243|0.359, 218(0):0.128|0.148, 216(0):1.409|1.616, 219(0):3.917|4.129
1130, 2136(0):1.225|1.449, 2125(0):0.247|0.392, 213(0):0.119|0.129, 213(0):1.426|1.501, 212(0):3.743|4.251
1140, 2143(0):1.266|1.407, 2152(0):0.247|0.500, 214(0):0.123|0.143, 215(0):1.467|1.562, 215(0):3.888|3.932
1150, 2157(0):1.252|1.576, 2157(0):0.256|0.286, 216(0):0.128|0.141, 216(0):1.418|1.467, 215(0):3.921|4.107
1160, 2199(0):1.213|1.534, 2198(0):0.245|0.429, 220(0):0.121|0.263, 219(0):1.362|1.385, 222(0):3.862|4.002
1170, 2171(0):1.266|1.487, 2170(0):0.255|0.625, 217(0):0.125|0.131, 218(0):1.447|1.490, 214(0):4.010|4.183
1180, 2194(0):1.235|1.558, 2193(0):0.248|0.306, 220(0):0.120|0.132, 219(0):1.420|1.469, 220(0):3.975|4.106
1190, 2145(0):1.240|1.411, 2151(0):0.261|0.429, 214(0):0.135|0.165, 216(0):1.446|1.567, 216(0):3.951|4.031
1200, 2154(0):1.272|1.494, 2154(0):0.257|0.541, 216(0):0.133|0.185, 215(0):1.443|1.512, 214(0):3.848|4.271
1210, 2143(0):1.247|1.622, 2138(0):0.258|0.303, 214(0):0.126|0.135, 212(0):1.497|1.652, 215(0):3.860|3.952
1220, 2183(0):1.221|2.645, 2192(0):0.255|0.562, 219(0):0.122|0.151, 217(0):1.424|1.541, 221(0):4.032|4.226
1230, 2136(0):1.239|1.446, 2136(0):0.245|2.722, 213(0):0.141|0.161, 214(0):1.407|1.462, 212(0):3.945|4.193
1240, 2131(0):1.258|1.414, 2116(0):0.259|0.522, 213(0):0.124|0.223, 213(0):1.443|1.532, 217(0):3.947|4.065
1250, 2135(0):1.231|1.476, 2143(0):0.256|0.525, 214(0):0.121|0.141, 215(0):1.408|1.484, 207(0):3.908|4.074
1260, 2169(0):1.269|1.402, 2166(0):0.260|0.477, 216(0):0.129|0.147, 218(0):1.437|1.574, 219(0):4.001|4.116
1270, 2189(0):1.253|1.385, 2193(0):0.257|0.579, 219(0):0.131|0.163, 219(0):1.408|1.580, 218(0):3.869|4.392
1280, 2146(0):1.218|1.434, 2142(0):0.255|0.566, 214(0):0.130|0.241, 214(0):1.405|1.557, 214(0):3.892|3.995
1290, 2173(0):1.215|1.313, 2178(0):0.246|0.515, 217(0):0.119|0.125, 216(0):1.417|1.658, 219(0):3.905|4.112
1300, 2260(0):1.212|1.475, 2253(0):0.254|0.327, 227(0):0.120|0.165, 227(0):1.393|1.638, 226(0):3.868|4.116
1310, 2192(0):1.217|1.440, 2196(0):0.250|0.676, 219(0):0.127|0.137, 219(0):1.396|1.688, 218(0):3.785|4.120
1320, 2134(0):1.215|1.419, 2130(0):0.250|0.512, 214(0):0.123|0.339, 214(0):1.387|1.585, 215(0):3.868|4.183
1330, 2188(0):1.252|1.438, 2194(0):0.258|0.632, 218(0):0.130|0.162, 219(0):1.443|1.627, 217(0):3.843|4.341
1340, 2168(0):1.214|1.476, 2170(0):0.247|0.325, 217(0):0.116|0.129, 215(0):1.449|1.591, 219(0):3.861|4.008
1350, 2132(0):1.249|1.772, 2130(0):0.270|0.582, 214(0):0.124|0.157, 213(0):1.388|1.458, 215(0):3.805|3.918
1360, 2130(0):1.272|1.568, 2125(0):0.277|0.528, 212(0):0.129|0.160, 214(0):1.449|1.529, 211(0):3.978|4.401
1370, 2157(0):1.232|1.520, 2151(0):0.254|0.354, 216(0):0.128|0.176, 218(0):1.460|1.541, 216(0):3.831|3.941
1380, 2173(0):1.233|1.371, 2180(0):0.255|0.553, 218(0):0.120|0.126, 215(0):1.415|1.473, 220(0):3.851|3.989
1390, 2142(0):1.222|1.358, 2148(0):0.252|0.555, 214(0):0.119|0.130, 215(0):1.412|1.599, 210(0):3.850|4.089
1400, 2144(0):1.240|1.643, 2147(0):0.259|0.407, 215(0):0.141|0.150, 214(0):1.415|1.464, 216(0):3.964|4.125
1410, 2162(0):1.280|1.464, 2150(0):0.257|0.608, 215(0):0.128|0.154, 213(0):1.463|1.490, 216(0):3.953|4.096
1420, 2161(0):1.228|1.469, 2172(0):0.247|0.298, 217(0):0.120|0.176, 221(0):1.402|1.418, 216(0):3.931|4.463
1430, 2163(0):1.240|1.371, 2156(0):0.254|0.510, 215(0):0.120|0.129, 216(0):1.405|1.504, 215(0):3.830|3.994
1440, 2184(0):1.225|1.506, 2178(0):0.248|0.308, 219(0):0.127|0.147, 217(0):1.392|1.459, 219(0):3.751|3.888
1450, 2174(0):1.219|1.461, 2173(0):0.243|0.517, 218(0):0.127|0.212, 216(0):1.404|1.474, 216(0):3.911|4.183
1460, 2178(0):1.232|1.421, 2182(0):0.254|0.565, 217(0):0.115|0.273, 220(0):1.405|1.457, 220(0):3.888|4.122
1470, 2109(0):1.228|1.488, 2109(0):0.254|0.429, 211(0):0.125|0.211, 211(0):1.457|1.528, 210(0):4.111|4.824
1480, 2147(0):1.227|1.719, 2147(0):0.250|0.507, 215(0):0.123|0.146, 214(0):1.425|1.575, 215(0):3.856|4.003
1490, 2174(0):1.226|1.327, 2180(0):0.252|0.338, 217(0):0.136|0.182, 217(0):1.439|1.548, 219(0):3.786|4.233
1500, 2199(0):1.237|1.479, 2198(0):0.252|0.314, 221(0):0.123|0.281, 221(0):1.397|1.443, 218(0):3.790|3.996
1510, 2145(0):1.246|1.593, 2143(0):0.254|0.379, 213(0):0.127|0.147, 213(0):1.443|1.656, 214(0):3.916|4.033
1520, 2170(0):1.240|1.544, 2163(0):0.252|0.465, 217(0):0.123|0.173, 217(0):1.429|1.614, 217(0):3.877|4.174
1530, 2126(0):1.256|1.460, 2132(0):0.262|0.441, 213(0):0.123|0.144, 216(0):1.430|1.514, 213(0):3.818|4.022
1540, 2201(0):1.196|1.461, 2204(0):0.250|0.598, 220(0):0.127|0.179, 218(0):1.436|1.566, 221(0):3.723|4.043
1550, 2150(0):1.226|1.297, 2136(0):0.255|0.482, 215(0):0.121|0.130, 215(0):1.404|1.471, 213(0):3.834|4.047
1560, 2111(0):1.224|1.413, 2126(0):0.256|0.407, 211(0):0.127|0.141, 210(0):1.415|1.510, 215(0):3.875|4.106
1570, 2104(1):1.258|5.286, 2108(0):0.266|0.426, 211(0):0.145|0.157, 212(0):1.486|1.758, 208(0):3.928|4.195
1580, 2159(0):1.225|1.431, 2160(0):0.255|0.575, 216(0):0.125|0.141, 215(0):1.430|1.655, 219(0):3.995|4.153
1590, 2154(0):1.249|1.458, 2147(0):0.260|0.398, 215(0):0.126|0.347, 216(0):1.440|1.736, 211(0):3.928|4.121
1600, 2126(0):1.261|1.735, 2125(0):0.261|0.352, 213(0):0.133|0.185, 212(0):1.404|1.428, 215(0):4.046|4.843
1610, 2144(0):1.232|1.437, 2141(0):0.260|0.551, 214(0):0.136|0.180, 214(0):1.428|1.567, 213(0):3.831|3.938
1620, 2169(0):1.277|1.485, 2170(0):0.262|0.410, 217(0):0.130|0.134, 218(0):1.486|1.802, 216(0):3.942|4.023
1630, 2173(0):1.241|1.388, 2173(0):0.261|0.355, 217(0):0.120|0.144, 216(0):1.417|1.687, 219(0):3.833|4.232
1640, 2165(0):1.232|1.336, 2160(0):0.252|0.311, 216(0):0.123|0.206, 217(0):1.383|1.462, 215(0):3.823|3.997
1650, 2151(0):1.228|2.957, 2160(0):0.259|0.462, 216(0):0.130|0.147, 214(0):1.435|1.501, 215(0):3.938|4.073
1660, 2204(0):1.221|1.616, 2205(0):0.258|0.321, 221(0):0.115|0.131, 221(0):1.452|1.577, 220(0):3.819|4.250
1670, 2132(0):1.238|1.435, 2122(0):0.250|0.336, 212(0):0.124|0.128, 212(0):1.395|1.430, 216(0):3.775|3.990
1680, 2163(0):1.219|1.449, 2174(0):0.248|0.446, 217(0):0.116|0.127, 219(0):1.419|1.456, 215(0):3.800|4.052
1690, 2141(0):1.242|1.558, 2136(0):0.257|0.423, 213(0):0.139|0.161, 215(0):1.420|1.584, 215(0):3.890|4.452
1700, 2135(0):1.233|1.609, 2137(0):0.255|0.503, 214(0):0.121|0.190, 212(0):1.394|1.458, 212(0):3.796|4.193
1710, 2183(0):1.237|1.353, 2184(0):0.242|0.339, 219(0):0.133|0.146, 219(0):1.441|1.590, 218(0):3.807|4.123
1720, 2119(0):1.219|1.378, 2121(0):0.245|0.327, 213(0):0.122|0.131, 212(0):1.404|1.463, 217(0):3.885|4.192
1730, 2213(0):1.225|1.337, 2201(0):0.250|0.452, 220(0):0.117|0.137, 220(0):1.416|1.582, 217(0):3.781|4.022
1740, 2162(0):1.233|1.399, 2179(0):0.251|0.553, 216(0):0.122|0.148, 217(0):1.395|1.521, 218(0):3.838|4.052
1750, 2144(0):1.222|1.445, 2132(0):0.253|0.446, 214(0):0.127|0.150, 215(0):1.442|1.503, 212(0):3.859|3.917
1760, 2193(0):1.218|2.192, 2194(0):0.257|0.343, 220(0):0.128|0.209, 217(0):1.445|1.604, 220(0):3.748|4.100
1770, 2093(0):1.243|1.673, 2087(0):0.254|0.497, 209(0):0.131|0.164, 210(0):1.450|1.562, 209(0):3.796|4.084
1780, 2105(0):1.261|1.385, 2117(0):0.261|0.383, 210(0):0.131|0.224, 211(0):1.454|1.481, 211(0):3.860|4.129
1790, 2190(0):1.218|1.465, 2189(0):0.248|0.533, 220(0):0.121|0.129, 219(0):1.414|1.451, 218(0):3.903|4.046
1800, 2150(0):1.224|1.456, 2145(0):0.249|0.423, 215(0):0.121|0.168, 214(0):1.391|1.427, 216(0):3.929|4.077
1810, 2105(0):1.214|1.554, 2114(0):0.247|0.505, 210(0):0.124|0.134, 212(0):1.407|1.849, 212(0):3.822|4.623
1820, 2171(0):1.228|1.480, 2163(0):0.250|0.356, 217(0):0.119|0.187, 216(0):1.414|1.577, 215(0):4.091|4.137
1830, 2116(0):1.270|1.574, 2120(0):0.267|0.571, 212(0):0.135|0.179, 212(0):1.487|1.558, 216(0):3.928|4.320
1840, 2120(0):1.269|1.556, 2110(0):0.274|0.653, 211(0):0.135|0.171, 212(0):1.505|1.613, 208(0):4.067|4.152
1850, 2124(0):1.251|1.589, 2133(0):0.253|0.342, 214(0):0.125|0.142, 213(0):1.426|1.486, 211(0):3.915|4.156
1860, 2187(0):1.211|1.548, 2185(0):0.238|0.358, 218(0):0.117|0.121, 217(0):1.379|1.508, 218(0):3.884|4.064
1870, 2078(0):1.251|1.535, 2078(0):0.255|0.295, 208(0):0.127|0.156, 210(0):1.422|1.497, 215(0):4.034|4.408
1880, 2175(0):1.230|1.608, 2174(0):0.265|0.358, 217(0):0.123|0.143, 216(0):1.395|1.491, 212(0):3.989|4.378
1890, 2164(0):1.241|1.550, 2159(0):0.260|0.553, 217(0):0.118|0.140, 215(0):1.482|1.663, 216(0):3.922|4.075
1900, 2175(0):1.239|1.428, 2177(0):0.260|0.403, 217(0):0.137|0.145, 219(0):1.403|1.411, 219(0):3.837|4.018
1910, 2165(0):1.218|1.314, 2166(0):0.259|0.458, 217(0):0.122|0.165, 217(0):1.428|1.573, 216(0):3.949|4.109
1920, 2173(0):1.221|1.325, 2177(0):0.253|0.389, 218(0):0.124|0.127, 216(0):1.418|1.524, 221(0):3.767|3.843
1930, 2171(0):1.216|1.591, 2162(0):0.258|0.439, 215(0):0.122|0.145, 217(0):1.565|2.401, 213(0):3.956|4.169
1940, 2129(0):1.230|1.499, 2135(0):0.258|0.560, 214(0):0.125|0.136, 214(0):1.444|1.655, 212(0):3.864|4.427
1950, 2137(0):1.248|1.421, 2143(0):0.251|0.535, 215(0):0.124|0.128, 216(0):1.411|1.518, 216(0):3.883|4.107
1960, 2116(0):1.248|1.482, 2111(0):0.259|0.354, 211(0):0.138|0.341, 206(0):1.438|1.570, 214(0):3.877|4.029
1970, 2112(0):1.232|1.375, 2115(0):0.246|0.498, 211(0):0.131|0.172, 212(0):1.398|1.424, 212(0):3.952|4.285
1980, 2177(0):1.215|1.335, 2178(0):0.244|0.549, 218(0):0.132|0.215, 219(0):1.376|1.414, 213(0):3.753|3.979
1990, 2173(0):1.228|1.688, 2174(0):0.256|0.454, 216(0):0.120|0.142, 218(0):1.409|1.611, 217(0):3.890|4.047
2000, 2071(0):1.250|1.392, 2070(0):0.259|0.325, 208(0):0.121|0.126, 208(0):1.505|1.598, 207(0):4.142|4.411
2010, 2169(0):1.228|1.378, 2165(0):0.254|0.431, 216(0):0.131|0.338, 217(0):1.478|1.574, 216(0):3.852|3.954
2020, 2131(0):1.221|1.449, 2135(0):0.245|0.502, 214(0):0.119|0.126, 212(0):1.408|1.529, 215(0):3.942|4.167
2030, 2095(0):1.211|1.462, 2091(0):0.261|0.557, 209(0):0.125|0.156, 212(0):1.383|1.412, 207(0):3.854|3.984
2040, 2180(0):1.215|1.437, 2179(0):0.253|0.516, 219(0):0.125|0.155, 216(0):1.410|1.456, 220(0):3.731|3.832
2050, 2130(0):1.255|1.366, 2137(0):0.255|0.543, 213(0):0.128|0.286, 215(0):1.440|1.555, 214(0):3.926|4.064
2060, 2115(0):1.252|1.608, 2113(0):0.260|0.446, 209(0):0.124|0.144, 209(0):1.427|1.486, 211(0):4.008|4.260
2070, 2154(0):1.230|1.355, 2154(0):0.250|0.545, 217(0):0.130|0.161, 218(0):1.390|1.649, 214(0):3.906|3.954
2080, 2164(0):1.252|1.546, 2157(0):0.258|0.369, 217(0):0.128|0.136, 215(0):1.420|1.584, 217(0):3.976|4.248
2090, 2113(0):1.254|1.525, 2118(0):0.262|0.358, 211(0):0.131|0.164, 210(0):1.468|1.718, 216(0):3.836|4.347
2100, 2135(0):1.253|1.493, 2130(0):0.262|0.345, 214(0):0.124|0.158, 214(0):1.472|1.599, 210(0):4.023|4.114
2110, 2172(0):1.227|1.434, 2171(0):0.254|0.535, 217(0):0.124|0.128, 218(0):1.408|1.489, 219(0):3.950|4.068
2120, 2080(0):1.239|3.600, 2087(0):0.256|0.422, 208(0):0.123|0.148, 208(0):1.467|1.528, 206(0):3.924|4.131
2130, 2191(0):1.232|1.588, 2196(0):0.263|0.387, 219(0):0.150|0.413, 220(0):1.471|1.653, 219(0):3.829|4.005
2140, 2152(0):1.251|1.420, 2150(0):0.255|0.323, 216(0):0.127|0.137, 214(0):1.505|1.668, 219(0):3.916|4.136
2150, 2114(0):1.216|1.392, 2103(0):0.254|0.575, 209(0):0.121|0.125, 210(0):1.468|1.624, 207(0):3.902|3.999
2160, 2133(0):1.240|1.356, 2143(0):0.250|0.326, 215(0):0.118|0.122, 215(0):1.426|1.621, 213(0):3.833|4.041
2170, 2147(0):1.228|1.417, 2146(0):0.246|0.466, 214(0):0.129|0.141, 215(0):1.441|1.666, 214(0):3.883|3.982
2180, 2126(0):1.245|1.475, 2115(0):0.256|0.322, 213(0):0.133|0.147, 212(0):1.422|1.726, 216(0):3.898|4.011
2190, 2128(0):1.246|1.460, 2134(0):0.248|0.420, 212(0):0.129|0.139, 214(0):1.437|1.528, 210(0):3.845|4.141
2200, 2185(0):1.252|1.385, 2187(0):0.258|0.441, 219(0):0.115|0.121, 217(0):1.446|1.459, 220(0):3.854|4.357
2210, 2060(0):1.230|1.489, 2059(0):0.258|0.513, 206(0):0.121|0.149, 206(0):1.424|1.761, 209(0):3.939|3.997
2220, 2183(0):1.258|1.706, 2176(0):0.262|0.332, 219(0):0.144|0.174, 218(0):1.454|1.613, 215(0):3.916|4.440
2230, 2071(0):1.237|1.533, 2075(0):0.251|0.592, 207(0):0.118|0.139, 208(0):1.413|1.457, 206(0):3.881|4.017
2240, 2206(0):1.210|1.523, 2210(0):0.243|0.435, 220(0):0.117|0.166, 220(0):1.385|1.452, 221(0):3.861|4.435
2250, 2114(0):1.217|1.330, 2109(0):0.254|0.416, 211(0):0.130|0.140, 212(0):1.403|1.580, 210(0):3.913|4.215
2260, 2192(0):1.214|1.313, 2201(0):0.253|0.322, 220(0):0.120|0.128, 218(0):1.400|1.435, 222(0):3.895|4.195
2270, 2119(0):1.198|1.325, 2106(0):0.249|0.580, 211(0):0.117|0.136, 213(0):1.385|1.400, 209(0):3.799|4.122
2280, 2160(0):1.247|1.508, 2171(0):0.260|0.502, 217(0):0.144|0.157, 215(0):1.434|1.502, 216(0):3.766|3.869
2290, 2080(0):1.232|1.629, 2080(0):0.258|0.545, 207(0):0.119|0.182, 209(0):1.446|1.655, 210(0):3.885|4.100
2300, 2182(0):1.230|1.360, 2178(0):0.257|0.489, 219(0):0.120|0.131, 218(0):1.399|1.481, 217(0):3.886|4.219
2310, 2101(0):1.232|1.417, 2107(0):0.255|0.570, 210(0):0.131|0.148, 211(0):1.408|1.431, 212(0):3.997|4.130
2320, 2180(0):1.264|1.661, 2175(0):0.274|0.479, 218(0):0.131|0.158, 217(0):1.582|1.614, 216(0):3.878|4.142
2330, 2168(0):1.225|1.421, 2168(0):0.256|0.407, 217(0):0.154|0.179, 217(0):1.426|1.709, 217(0):3.945|4.072
2340, 2137(0):1.215|1.487, 2138(0):0.250|0.338, 214(0):0.132|0.142, 212(0):1.424|1.451, 215(0):3.898|3.963
2350, 2117(0):1.244|1.480, 2110(0):0.257|0.465, 211(0):0.118|0.134, 213(0):1.405|1.667, 211(0):3.896|4.030
2360, 2187(0):1.230|1.406, 2190(0):0.260|0.562, 219(0):0.122|0.376, 218(0):1.396|1.465, 220(0):3.885|4.031
2370, 2088(0):1.241|1.325, 2097(0):0.256|0.492, 209(0):0.127|0.160, 211(0):1.413|1.484, 207(0):3.891|3.962
2380, 2152(0):1.228|1.546, 2149(0):0.256|0.537, 214(0):0.124|0.138, 216(0):1.464|1.588, 217(0):3.808|3.984
2390, 2142(0):1.248|1.405, 2130(0):0.262|0.504, 214(0):0.114|0.132, 210(0):1.436|1.688, 211(0):3.796|3.937
2400, 2159(0):1.264|1.497, 2165(0):0.263|0.400, 217(0):0.129|0.149, 220(0):1.484|1.550, 218(0):3.976|3.993
2410, 2104(0):1.268|1.685, 2109(0):0.271|0.348, 210(0):0.128|0.139, 208(0):1.469|1.569, 210(0):3.958|4.122
2420, 2095(0):1.223|1.421, 2095(0):0.258|0.394, 210(0):0.134|0.152, 210(0):1.440|1.644, 209(0):3.845|4.098
2430, 2077(0):1.242|1.528, 2077(0):0.251|0.458, 208(0):0.120|0.149, 207(0):1.414|1.477, 209(0):3.883|3.966
2440, 2120(0):1.237|1.648, 2114(0):0.253|0.513, 212(0):0.124|0.127, 213(0):1.420|1.449, 212(0):3.876|3.981
2450, 2098(0):1.238|1.527, 2096(0):0.254|0.348, 209(0):0.121|0.206, 209(0):1.412|1.427, 209(0):3.825|4.678
2460, 2174(0):1.216|1.375, 2180(0):0.252|0.533, 218(0):0.127|0.144, 219(0):1.392|1.503, 218(0):3.842|3.936
2470, 2138(0):1.229|1.420, 2137(0):0.260|0.474, 214(0):0.121|0.133, 213(0):1.407|1.504, 212(0):3.887|3.977
2480, 2146(0):1.224|1.394, 2150(0):0.250|0.341, 214(0):0.124|0.168, 216(0):1.441|1.513, 217(0):3.922|4.018
2490, 2154(0):1.267|1.542, 2153(0):0.259|0.373, 216(0):0.126|0.168, 212(0):1.448|1.533, 214(0):4.023|4.312
2500, 2123(0):1.235|1.451, 2121(0):0.249|0.313, 212(0):0.115|0.135, 215(0):1.463|1.548, 213(0):3.817|4.018
2510, 2133(0):1.240|1.344, 2136(0):0.252|0.541, 214(0):0.135|0.149, 214(0):1.435|1.446, 213(0):3.770|3.904
2520, 2106(0):1.244|1.486, 2109(0):0.258|0.592, 210(0):0.127|0.137, 208(0):1.423|1.600, 210(0):3.824|4.046
2530, 2105(0):1.274|1.541, 2099(0):0.264|0.489, 210(0):0.129|0.146, 212(0):1.484|1.733, 210(0):3.995|4.236
2540, 2158(0):1.256|1.573, 2157(0):0.263|0.519, 217(0):0.130|0.157, 215(0):1.433|1.627, 218(0):3.869|3.991
2550, 2118(0):1.254|1.361, 2118(0):0.251|0.505, 211(0):0.135|0.179, 210(0):1.421|1.444, 213(0):3.943|4.062
2560, 2097(0):1.222|1.504, 2099(0):0.255|0.417, 210(0):0.126|0.134, 212(0):1.546|1.664, 208(0):3.868|4.078
2570, 2183(0):1.220|1.403, 2177(0):0.242|0.476, 219(0):0.121|0.184, 219(0):1.396|1.439, 218(0):3.839|3.897
2580, 2095(0):1.246|1.792, 2095(0):0.256|0.448, 208(0):0.120|0.132, 208(0):1.443|1.506, 208(0):3.896|4.119
2590, 2124(0):1.222|1.434, 2119(0):0.250|0.368, 212(0):0.115|0.125, 213(0):1.412|1.562, 214(0):3.863|4.182
2600, 2165(0):1.239|1.653, 2169(0):0.254|0.519, 217(0):0.125|0.136, 216(0):1.407|1.415, 216(0):3.895|4.070
2610, 2071(0):1.234|1.419, 2083(0):0.247|0.543, 208(0):0.124|0.146, 209(0):1.445|1.501, 207(0):3.868|4.124
2620, 2157(0):1.234|1.613, 2155(0):0.253|0.489, 215(0):0.120|0.167, 214(0):1.429|1.554, 216(0):3.841|4.352
2630, 2185(0):1.227|1.575, 2177(0):0.250|0.559, 218(0):0.125|0.155, 217(0):1.391|1.677, 220(0):3.923|4.223
2640, 2124(0):1.222|1.401, 2130(0):0.254|0.580, 214(0):0.118|0.130, 213(0):1.424|1.638, 212(0):3.904|4.103
2650, 2145(0):1.205|1.304, 2146(0):0.247|0.365, 214(0):0.120|0.145, 215(0):1.424|1.491, 213(0):3.769|4.087
2660, 2133(0):1.210|1.395, 2128(0):0.246|0.416, 212(0):0.114|0.133, 213(0):1.411|1.619, 212(0):3.935|4.215
2670, 2167(0):1.220|1.306, 2172(0):0.243|0.475, 217(0):0.118|0.131, 217(0):1.467|1.581, 217(0):3.857|3.989
2680, 2121(0):1.204|1.333, 2121(0):0.247|0.481, 213(0):0.120|0.129, 213(0):1.457|1.540, 213(0):3.964|4.154
2690, 2131(0):1.233|1.378, 2130(0):0.253|0.352, 213(0):0.123|0.139, 213(0):1.448|1.535, 214(0):3.972|4.111
2700, 2177(0):1.226|1.396, 2176(0):0.248|0.459, 218(0):0.122|0.131, 217(0):1.421|1.462, 217(0):3.965|4.021
2710, 2144(0):1.225|1.446, 2141(0):0.250|0.355, 214(0):0.126|0.139, 215(0):1.414|1.605, 214(0):3.789|4.152
2720, 2084(0):1.241|1.456, 2090(0):0.258|0.345, 209(0):0.122|0.130, 210(0):1.525|1.551, 211(0):3.844|3.997
2730, 2139(0):1.245|1.390, 2134(0):0.254|0.339, 213(0):0.126|0.136, 212(0):1.403|1.440, 212(0):3.895|4.107
2740, 2122(0):1.213|1.593, 2123(0):0.248|0.365, 212(0):0.123|0.135, 214(0):1.405|1.468, 214(0):3.964|4.068
2750, 2140(0):1.213|1.515, 2146(0):0.261|0.425, 215(0):0.123|0.141, 214(0):1.387|1.625, 212(0):3.850|3.955
2760, 2119(0):1.257|1.642, 2109(0):0.263|0.469, 211(0):0.128|0.397, 210(0):1.476|1.542, 217(0):3.841|4.361
2770, 2156(0):1.237|1.430, 2163(0):0.256|0.347, 216(0):0.123|0.148, 214(0):1.459|1.539, 213(0):3.807|3.946
2780, 2107(0):1.228|1.373, 2099(0):0.266|0.697, 210(0):0.128|0.154, 213(0):1.575|1.784, 209(0):3.819|3.857
2790, 2136(0):1.253|1.322, 2142(0):0.254|0.375, 215(0):0.126|0.136, 214(0):1.433|1.493, 214(0):3.997|4.028
2800, 2110(0):1.250|1.504, 2106(0):0.267|0.558, 210(0):0.128|0.148, 210(0):1.469|1.728, 210(0):4.103|4.169
2810, 2102(0):1.235|1.305, 2105(0):0.254|0.395, 211(0):0.118|0.133, 211(0):1.456|1.649, 210(0):3.998|4.235
2820, 2104(0):1.244|1.362, 2102(0):0.251|0.470, 210(0):0.117|0.142, 210(0):1.407|1.474, 211(0):4.000|4.187
2830, 2149(0):1.233|1.330, 2156(0):0.253|0.548, 216(0):0.135|0.352, 216(0):1.398|1.739, 215(0):3.896|4.053
2840, 2126(0):1.240|1.358, 2123(0):0.261|0.456, 212(0):0.135|0.149, 212(0):1.429|1.462, 212(0):3.950|4.039
2850, 2146(0):1.244|1.330, 2145(0):0.249|0.436, 214(0):0.124|0.149, 214(0):1.410|1.431, 215(0):3.968|3.975
2860, 2120(0):1.232|1.318, 2117(0):0.257|0.521, 212(0):0.123|0.135, 213(0):1.451|1.562, 211(0):3.987|4.126
2870, 2177(0):1.256|1.441, 2177(0):0.251|0.282, 217(0):0.118|0.133, 217(0):1.428|1.699, 218(0):3.853|4.189
2880, 2146(0):1.230|1.599, 2143(0):0.249|0.571, 216(0):0.120|0.128, 215(0):1.424|1.554, 215(0):3.968|4.173
2890, 2113(0):1.242|2.244, 2116(0):0.258|0.377, 211(0):0.136|0.173, 210(0):1.422|1.607, 211(0):3.799|4.050
2900, 2129(0):1.227|1.538, 2136(0):0.246|0.326, 213(0):0.133|0.146, 214(0):1.458|1.590, 215(0):3.900|4.013
2910, 2153(0):1.246|1.390, 2146(0):0.251|0.390, 215(0):0.120|0.366, 215(0):1.428|1.628, 214(0):3.875|4.025
2920, 2150(0):1.224|1.490, 2158(0):0.251|0.475, 215(0):0.119|0.126, 215(0):1.379|1.385, 214(0):3.832|3.927
2930, 2181(0):1.216|1.485, 2167(0):0.249|0.293, 217(0):0.138|0.154, 218(0):1.413|1.453, 217(0):3.828|4.095
2940, 2081(0):1.264|1.499, 2079(0):0.258|0.509, 209(0):0.133|0.153, 207(0):1.495|1.575, 210(0):3.987|4.267
2950, 2117(0):1.266|1.701, 2133(0):0.258|0.570, 212(0):0.123|0.134, 213(0):1.441|1.520, 212(0):3.981|4.361
2960, 2109(0):1.226|1.367, 2105(0):0.248|0.465, 211(0):0.124|0.139, 211(0):1.441|1.483, 210(0):3.996|4.317
2970, 2089(0):1.225|1.387, 2091(0):0.252|0.482, 209(0):0.120|0.143, 209(0):1.429|1.621, 209(0):3.956|4.235
2980, 2169(0):1.226|1.570, 2168(0):0.260|0.492, 216(0):0.123|0.150, 216(0):1.419|1.586, 218(0):4.054|4.342
2990, 2131(0):1.245|1.477, 2137(0):0.254|0.564, 214(0):0.126|0.139, 214(0):1.461|1.636, 212(0):3.951|4.041
3000, 2139(0):1.246|1.397, 2133(0):0.258|0.450, 213(0):0.122|0.146, 213(0):1.493|1.625, 215(0):3.835|4.485
3010, 2198(0):1.214|1.365, 2197(0):0.246|0.546, 220(0):0.130|0.151, 220(0):1.415|1.482, 220(0):3.764|3.845
3020, 2126(0):1.252|1.442, 2128(0):0.251|0.312, 213(0):0.133|0.158, 214(0):1.438|1.667, 212(0):3.870|4.491
3030, 2099(0):1.270|1.642, 2099(0):0.270|0.372, 210(0):0.144|0.201, 210(0):1.520|1.607, 211(0):4.113|4.245
3040, 2163(0):1.216|1.593, 2155(0):0.260|0.529, 216(0):0.128|0.134, 214(0):1.416|1.568, 215(0):3.963|4.407
3050, 2138(0):1.216|1.320, 2144(0):0.243|0.512, 213(0):0.124|0.159, 214(0):1.396|1.441, 214(0):3.869|4.183
3060, 2126(0):1.259|1.494, 2125(0):0.261|0.421, 213(0):0.122|0.187, 213(0):1.409|1.797, 212(0):4.004|4.514
3070, 2125(0):1.225|1.440, 2124(0):0.259|0.563, 213(0):0.125|0.136, 215(0):1.412|1.550, 213(0):3.887|4.111
3080, 2144(0):1.227|1.328, 2149(0):0.251|0.376, 214(0):0.120|0.130, 214(0):1.440|1.519, 213(0):3.755|3.845
3090, 2078(0):1.247|1.594, 2075(0):0.253|0.307, 208(0):0.123|0.144, 206(0):1.426|1.787, 209(0):3.785|4.355
3100, 2175(0):1.237|1.436, 2174(0):0.247|0.422, 217(0):0.134|0.141, 217(0):1.479|1.573, 219(0):3.840|4.028
3110, 2046(0):1.248|1.430, 2049(0):0.262|0.384, 206(0):0.129|0.177, 207(0):1.453|1.640, 204(0):3.928|4.079
3120, 2179(0):1.233|1.437, 2177(0):0.252|0.317, 218(0):0.127|0.140, 214(0):1.403|1.509, 220(0):3.956|4.058
3130, 2146(0):1.232|1.539, 2142(0):0.249|0.303, 214(0):0.133|0.152, 217(0):1.395|1.450, 213(0):3.920|4.038
3140, 2125(0):1.241|1.591, 2126(0):0.252|0.433, 212(0):0.131|0.264, 213(0):1.440|1.508, 211(0):3.947|4.054
3150, 2146(0):1.227|1.511, 2142(0):0.250|0.319, 215(0):0.117|0.124, 214(0):1.411|1.459, 215(0):4.030|4.086
3160, 2126(0):1.249|1.706, 2135(0):0.253|0.433, 213(0):0.121|0.134, 214(0):1.400|1.508, 212(0):3.896|4.043
3170, 2148(0):1.226|1.457, 2151(0):0.251|0.539, 215(0):0.125|0.151, 215(0):1.402|1.604, 215(0):3.750|3.890
3180, 2092(0):1.250|1.573, 2081(0):0.252|0.320, 208(0):0.125|0.139, 209(0):1.415|1.483, 208(0):3.852|4.193
3190, 2133(0):1.192|1.504, 2137(0):0.248|0.551, 214(0):0.123|0.138, 213(0):1.379|1.422, 215(0):3.708|3.835
3200, 2162(0):1.223|1.475, 2153(0):0.244|0.487, 216(0):0.121|0.129, 216(0):1.413|1.554, 219(0):3.981|4.167
3210, 2112(0):1.207|1.393, 2129(0):0.249|0.627, 211(0):0.115|0.117, 210(0):1.420|1.577, 208(0):3.804|3.966
3220, 2216(0):1.173|1.309, 2211(0):0.239|0.444, 222(0):0.128|0.149, 223(0):1.357|1.435, 221(0):3.742|3.857
3230, 2157(0):1.191|2.314, 2146(0):0.238|0.463, 215(0):0.120|0.146, 214(0):1.349|1.412, 217(0):3.847|4.000
3240, 2236(0):1.160|1.300, 2247(0):0.236|0.510, 225(0):0.115|0.118, 226(0):1.316|1.385, 224(0):3.844|4.058
3250, 2145(0):1.161|1.595, 2145(0):0.232|0.419, 214(0):0.109|0.117, 214(0):1.375|1.484, 214(0):3.758|3.914
3260, 2196(0):1.178|1.361, 2194(0):0.233|0.471, 220(0):0.111|0.357, 219(0):1.381|1.660, 220(0):3.693|3.794
3270, 2195(0):1.177|1.427, 2189(0):0.237|0.474, 219(0):0.120|0.129, 220(0):1.441|1.626, 220(0):3.822|3.861
3280, 2212(0):1.172|1.427, 2221(0):0.239|0.541, 222(0):0.120|0.138, 221(0):1.330|1.353, 220(0):3.700|3.785
3290, 2211(0):1.179|1.264, 2204(0):0.236|0.455, 220(0):0.108|0.129, 220(0):1.398|1.558, 221(0):3.743|3.969
3300, 2171(0):1.165|1.431, 2174(0):0.235|0.290, 217(0):0.117|0.125, 218(0):1.327|1.338, 217(0):3.691|3.928
3310, 2190(0):1.218|1.692, 2186(0):0.247|0.439, 219(0):0.117|0.152, 217(0):1.412|1.659, 219(0):3.817|4.438
3320, 2147(0):1.173|1.502, 2157(0):0.240|0.480, 216(0):0.118|0.131, 218(0):1.345|1.438, 216(0):3.815|3.931
3330, 2125(0):1.162|1.359, 2119(0):0.231|0.394, 212(0):0.124|0.131, 212(0):1.355|1.498, 211(0):3.731|4.161
3340, 2227(0):1.160|1.361, 2226(0):0.225|0.452, 223(0):0.109|0.139, 222(0):1.309|1.494, 223(0):3.648|3.885
3350, 2213(0):1.157|1.349, 2208(0):0.229|0.334, 221(0):0.108|0.118, 221(0):1.352|1.510, 221(0):3.663|3.742
3360, 2191(0):1.193|1.628, 2193(0):0.258|0.520, 219(0):0.131|0.186, 220(0):1.410|1.877, 220(0):3.763|3.982
3370, 2173(0):1.160|1.339, 2176(0):0.234|0.464, 217(0):0.118|0.251, 217(0):1.343|1.478, 217(0):3.834|4.050
3380, 2139(0):1.165|1.401, 2145(0):0.231|0.272, 215(0):0.111|0.116, 212(0):1.348|1.452, 218(0):3.650|3.835
3390, 2209(0):1.163|1.256, 2209(0):0.238|0.536, 221(0):0.110|0.127, 222(0):1.384|1.446, 217(0):3.682|3.963
3400, 2243(0):1.176|1.499, 2238(0):0.244|0.468, 222(0):0.120|0.130, 223(0):1.356|1.453, 223(0):3.723|3.978
3410, 2185(0):1.169|1.309, 2179(0):0.234|0.454, 219(0):0.118|0.120, 219(0):1.345|1.646, 219(0):3.611|3.862
3420, 2116(0):1.181|1.342, 2120(0):0.231|0.457, 212(0):0.115|0.121, 213(0):1.333|1.420, 211(0):3.789|3.854
3430, 2142(0):1.181|1.381, 2137(0):0.245|0.504, 215(0):0.116|0.133, 215(0):1.368|1.376, 215(0):3.735|4.105
3440, 2210(0):1.182|1.492, 2215(0):0.240|0.562, 221(0):0.119|0.126, 220(0):1.368|1.576, 222(0):3.781|3.822
3450, 2169(0):1.169|1.385, 2175(0):0.238|0.509, 217(0):0.113|0.117, 218(0):1.389|1.581, 218(0):3.710|3.812
3460, 2168(0):1.169|1.419, 2166(0):0.236|0.622, 216(0):0.115|0.145, 215(0):1.325|1.532, 216(0):3.759|4.024
3470, 2167(0):1.168|1.359, 2168(0):0.235|0.523, 217(0):0.115|0.417, 218(0):1.323|1.813, 216(0):3.724|3.785
3480, 2224(0):1.172|1.515, 2224(0):0.230|0.484, 222(0):0.112|0.128, 221(0):1.369|1.564, 222(0):3.795|3.932
3490, 2207(0):1.161|1.431, 2206(0):0.236|0.459, 221(0):0.125|0.216, 221(0):1.342|1.404, 220(0):3.705|3.871
3500, 2194(0):1.179|1.462, 2195(0):0.234|0.391, 220(0):0.126|0.168, 219(0):1.391|1.441, 219(0):3.746|3.849
3510, 2233(0):1.166|1.251, 2232(0):0.236|0.486, 223(0):0.115|0.127, 225(0):1.333|1.610, 224(0):3.729|3.832
3520, 2152(0):1.168|1.424, 2151(0):0.233|0.484, 215(0):0.113|0.120, 214(0):1.326|1.344, 215(0):3.798|3.969
3530, 2230(0):1.178|1.447, 2235(0):0.232|0.300, 224(0):0.121|0.134, 224(0):1.334|1.359, 224(0):3.682|3.840
3540, 2171(0):1.167|1.513, 2171(0):0.236|0.302, 217(0):0.112|0.124, 216(0):1.335|1.421, 222(0):3.614|3.895
3550, 2184(0):1.176|1.524, 2184(0):0.237|0.459, 219(0):0.118|0.157, 219(0):1.311|1.379, 218(0):3.706|4.058
3560, 2185(0):1.170|1.306, 2184(0):0.244|0.326, 218(0):0.120|0.144, 219(0):1.545|1.656, 213(0):3.741|4.033
3570, 2177(0):1.171|1.258, 2176(0):0.234|0.330, 217(0):0.112|0.125, 216(0):1.340|1.368, 220(0):3.752|4.058
3580, 2192(0):1.169|1.337, 2189(0):0.234|0.477, 219(0):0.114|0.120, 220(0):1.329|1.382, 216(0):3.832|3.984
3590, 2185(0):1.168|1.257, 2190(0):0.238|0.337, 219(0):0.116|0.124, 219(0):1.351|1.466, 220(0):3.703|3.844
3600, 2205(0):1.179|1.295, 2202(0):0.240|0.487, 221(0):0.121|0.125, 221(0):1.340|1.626, 221(0):3.749|3.817

STOPPING THREADS................................

<Raw Results>
  [0] sc:775660  lt:1  rt:0  fl:0 
  [1] sc:775652  lt:0  rt:0  fl:0 
  [2] sc:77568  lt:0  rt:0  fl:0 
  [3] sc:77568  lt:0  rt:0  fl:0 
  [4] sc:77566  lt:0  rt:0  fl:0 
 in 3600 sec.

<Raw Results2(sum ver.)>
  [0] sc:775674  lt:1  rt:0  fl:0 
  [1] sc:775672  lt:0  rt:0  fl:0 
  [2] sc:77568  lt:0  rt:0  fl:0 
  [3] sc:77568  lt:0  rt:0  fl:0 
  [4] sc:77566  lt:0  rt:0  fl:0 

<Constraint Check> (all must be [OK])
 [transaction percentage]
        Payment: 43.48% (>=43.0%) [OK]
   Order-Status: 4.35% (>= 4.0%) [OK]
       Delivery: 4.35% (>= 4.0%) [OK]
    Stock-Level: 4.35% (>= 4.0%) [OK]
 [response time (at least 90% passed)]
      New-Order: 100.00%  [OK]
        Payment: 100.00%  [OK]
   Order-Status: 100.00%  [OK]
       Delivery: 100.00%  [OK]
    Stock-Level: 100.00%  [OK]

<TpmC>
                 12927.684 TpmC

