***************************************
*** ###easy### TPC-C Load Generator ***
***************************************
option h with value '192.168.0.2'
option P with value '3306'
option d with value 'scutech-tpcc'
option u with value 'yunify'
option p with value 'Zhu88jie'
option w with value '50'
option c with value '32'
option r with value '600'
option l with value '3600'
<Parameters>
     [server]: 192.168.0.2
     [port]: 3306
     [DBname]: scutech-tpcc
       [user]: yunify
       [pass]: Zhu88jie
  [warehouse]: 50
 [connection]: 32
     [rampup]: 600 (sec.)
    [measure]: 3600 (sec.)

RAMP-UP TIME.(600 sec.)

MEASURING START.

  10, 2015(0):1.342|3.353, 2010(0):0.277|2.094, 203(0):0.143|0.629, 201(0):1.637|2.461, 203(0):4.391|5.714
  20, 1631(0):1.352|1.634, 1633(0):0.269|0.729, 163(0):0.135|0.146, 166(0):1.525|2.014, 162(0):4.398|4.478
  30, 1927(0):1.331|1.522, 1929(0):0.266|0.540, 194(0):0.133|0.139, 192(0):1.555|1.940, 194(0):4.255|4.358
  40, 1691(0):1.339|2.260, 1688(0):0.272|1.127, 168(0):0.136|0.140, 167(0):1.637|1.934, 170(0):4.192|4.245
  50, 1902(0):1.330|1.667, 1896(0):0.265|0.561, 189(0):0.129|0.145, 190(0):1.531|1.741, 188(0):4.271|4.395
  60, 1931(0):1.321|1.573, 1938(0):0.275|0.759, 195(0):0.134|0.143, 193(0):1.535|1.555, 195(0):4.154|4.425
  70, 1706(0):1.339|1.547, 1713(0):0.277|0.495, 170(0):0.145|0.194, 171(0):1.551|1.812, 170(0):4.284|4.450
  80, 1750(0):1.337|1.577, 1745(0):0.268|0.310, 175(0):0.142|0.158, 177(0):1.530|1.701, 174(0):4.182|4.226
  90, 1818(0):1.324|1.393, 1810(0):0.270|0.554, 182(0):0.137|0.146, 180(0):1.521|1.569, 182(0):4.343|4.408
 100, 1849(0):1.339|1.616, 1854(0):0.277|0.502, 185(0):0.140|0.161, 184(0):1.630|1.909, 185(0):4.360|4.533
 110, 1482(0):1.340|1.479, 1482(0):0.276|0.411, 148(0):0.128|0.140, 150(0):1.583|1.620, 149(0):4.219|4.271
 120, 1841(0):1.324|1.444, 1836(0):0.271|0.696, 183(0):0.147|0.173, 182(0):1.550|1.580, 183(0):4.279|5.104
 130, 1871(0):1.327|1.735, 1876(0):0.272|0.726, 188(0):0.145|0.162, 188(0):1.575|1.724, 187(0):4.274|4.948
 140, 1669(0):1.336|1.712, 1671(0):0.283|0.353, 167(0):0.139|0.145, 167(0):1.549|1.561, 169(0):4.233|4.263
 150, 1945(0):1.327|1.741, 1938(0):0.282|0.626, 194(0):0.140|0.164, 193(0):1.594|1.702, 192(0):4.415|4.572
 160, 1889(0):1.362|2.213, 1885(0):0.274|0.440, 189(0):0.151|0.189, 191(0):1.528|1.543, 189(0):4.308|4.475
 170, 1822(0):1.320|1.584, 1835(0):0.276|0.424, 183(0):0.140|0.153, 183(0):1.593|1.702, 184(0):4.242|4.289
 180, 1914(0):1.354|1.606, 1918(0):0.273|0.349, 192(0):0.161|0.167, 190(0):1.582|1.905, 194(0):4.325|4.359
 190, 1734(0):1.326|1.472, 1727(0):0.268|0.473, 172(0):0.132|0.623, 176(0):1.513|1.576, 170(0):4.201|4.336
 200, 1802(0):1.353|1.792, 1802(0):0.270|0.359, 180(0):0.135|0.139, 178(0):1.567|1.617, 179(0):4.106|4.480
 210, 1792(0):1.356|1.773, 1791(0):0.280|0.600, 180(0):0.140|0.168, 179(0):1.546|1.944, 180(0):4.277|4.341
 220, 1638(0):1.348|1.979, 1634(0):0.275|0.501, 164(0):0.135|0.144, 164(0):1.559|1.617, 163(0):4.167|4.351
 230, 1771(0):1.328|1.514, 1778(0):0.279|0.591, 176(0):0.125|0.130, 178(0):1.557|1.614, 178(0):4.429|4.543
 240, 1756(0):1.338|1.652, 1754(0):0.272|0.918, 176(0):0.133|0.179, 176(0):1.587|1.763, 181(0):4.292|4.337
 250, 1866(0):1.322|1.703, 1863(0):0.272|1.137, 186(0):0.132|0.590, 186(0):1.539|1.638, 182(0):4.143|4.249
 260, 1813(0):1.327|1.751, 1819(0):0.269|0.684, 182(0):0.143|0.163, 182(0):1.535|1.596, 180(0):4.327|4.629
 270, 1683(0):1.329|1.404, 1679(0):0.271|0.662, 168(0):0.138|0.149, 168(0):1.627|1.695, 169(0):4.307|4.624
 280, 1925(0):1.339|1.690, 1930(0):0.270|1.786, 194(0):0.134|0.165, 194(0):1.586|1.699, 194(0):4.322|4.330
 290, 1790(0):1.358|2.312, 1786(0):0.278|1.505, 178(0):0.140|0.160, 178(0):1.582|1.951, 177(0):4.197|4.326
 300, 1917(0):1.367|2.776, 1922(0):0.286|0.833, 192(0):0.157|0.253, 191(0):1.921|1.956, 192(0):4.531|4.873
 310, 1810(0):1.326|1.497, 1805(0):0.267|0.334, 180(0):0.143|0.179, 182(0):1.674|2.223, 184(0):4.215|4.353
 320, 1817(0):1.339|1.789, 1817(0):0.275|1.200, 182(0):0.128|0.169, 180(0):1.585|1.659, 179(0):4.252|4.354
 330, 1840(0):1.328|1.449, 1843(0):0.269|1.168, 184(0):0.141|0.153, 185(0):1.724|1.993, 183(0):4.418|4.503
 340, 1845(0):1.379|2.008, 1843(0):0.280|1.120, 185(0):0.146|0.184, 185(0):1.618|1.710, 186(0):4.201|4.248
 350, 1765(0):1.344|1.751, 1762(0):0.271|0.620, 177(0):0.141|0.293, 175(0):1.585|1.729, 175(0):4.213|4.265
 360, 1816(0):1.325|1.420, 1824(0):0.265|0.325, 181(0):0.130|0.158, 182(0):1.536|1.554, 183(0):4.190|4.245
 370, 1882(0):1.333|1.871, 1880(0):0.270|0.701, 188(0):0.139|0.143, 189(0):1.611|1.818, 187(0):4.179|4.558
 380, 1590(0):1.372|2.204, 1578(0):0.279|0.825, 159(0):0.139|0.149, 158(0):1.623|2.114, 164(0):4.238|4.893
 390, 1871(0):1.342|1.578, 1879(0):0.275|0.441, 187(0):0.145|0.176, 188(0):1.830|1.903, 182(0):4.276|4.403
 400, 1778(0):1.323|1.650, 1781(0):0.272|0.680, 179(0):0.140|0.161, 177(0):1.542|1.554, 178(0):4.159|4.185
 410, 1988(0):1.324|1.750, 1983(0):0.273|1.168, 197(0):0.134|0.148, 200(0):1.549|1.689, 199(0):4.234|4.371
 420, 1753(0):1.333|1.495, 1753(0):0.279|0.725, 175(0):0.153|0.175, 174(0):1.812|1.953, 176(0):4.270|4.542
 430, 1881(0):1.325|1.603, 1883(0):0.275|0.327, 190(0):0.155|0.182, 189(0):1.564|2.051, 187(0):4.274|4.381
 440, 1815(0):1.329|1.721, 1812(0):0.275|0.538, 180(0):0.137|0.147, 181(0):1.642|1.717, 181(0):4.273|4.441
 450, 1905(0):1.328|1.889, 1907(0):0.277|0.636, 191(0):0.128|0.134, 191(0):1.577|2.064, 192(0):4.451|4.767
 460, 1896(0):1.339|1.712, 1899(0):0.281|0.732, 190(0):0.137|0.143, 188(0):1.629|2.146, 189(0):4.317|4.498
 470, 1822(0):1.332|1.550, 1821(0):0.271|0.446, 182(0):0.132|0.154, 183(0):1.545|1.664, 181(0):4.191|4.611
 480, 1906(0):1.323|1.687, 1906(0):0.272|0.496, 191(0):0.135|0.160, 191(0):1.547|1.578, 191(0):4.266|4.359
 490, 1908(0):1.338|1.509, 1906(0):0.270|0.461, 190(0):0.149|0.230, 192(0):1.561|1.769, 192(0):4.383|4.602
 500, 1745(0):1.352|1.468, 1748(0):0.282|0.389, 175(0):0.143|0.157, 172(0):1.607|1.803, 174(0):4.509|4.553
 510, 1750(0):1.335|1.461, 1746(0):0.270|0.350, 175(0):0.144|0.273, 176(0):1.593|1.633, 175(0):4.217|4.402
 520, 1680(0):1.340|1.458, 1681(0):0.280|0.347, 168(0):0.135|0.165, 169(0):1.578|1.688, 170(0):4.189|4.281
 530, 1644(0):1.338|1.492, 1648(0):0.280|0.461, 164(0):0.123|0.138, 165(0):1.568|1.611, 163(0):4.315|4.592
 540, 1730(0):1.338|1.770, 1728(0):0.279|0.656, 173(0):0.132|0.172, 171(0):1.591|1.958, 171(0):4.235|4.783
 550, 1965(0):1.346|1.555, 1965(0):0.279|0.443, 197(0):0.138|0.300, 197(0):1.572|1.770, 199(0):4.258|4.557
 560, 1668(0):1.348|2.022, 1672(0):0.280|0.760, 166(0):0.134|0.155, 167(0):1.780|1.936, 166(0):4.121|4.391
 570, 2014(0):1.329|1.700, 2008(0):0.271|0.715, 202(0):0.129|0.139, 201(0):1.586|1.920, 202(0):4.138|4.314
 580, 1925(0):1.360|2.020, 1927(0):0.288|0.738, 192(0):0.140|0.180, 193(0):1.583|1.938, 192(0):4.313|4.617
 590, 1853(0):1.338|1.703, 1858(0):0.275|0.316, 186(0):0.164|0.317, 185(0):1.609|1.649, 185(0):4.227|4.391
 600, 1883(0):1.331|1.443, 1882(0):0.284|0.394, 188(0):0.156|0.535, 188(0):1.566|1.615, 188(0):4.309|4.698
 610, 1952(0):1.342|1.831, 1952(0):0.285|1.559, 195(0):0.140|0.858, 197(0):1.759|2.286, 195(0):4.191|4.285
 620, 1661(0):1.339|1.532, 1655(0):0.281|0.421, 166(0):0.138|0.247, 164(0):1.646|1.704, 166(0):4.221|4.514
 630, 1802(0):1.335|1.928, 1804(0):0.273|0.671, 181(0):0.139|0.160, 182(0):1.882|2.154, 181(0):4.414|4.589
 640, 1736(0):1.366|1.763, 1739(0):0.281|0.636, 174(0):0.150|0.159, 172(0):1.625|1.930, 174(0):4.380|4.456
 650, 1854(0):1.345|1.513, 1849(0):0.274|0.484, 185(0):0.135|0.157, 185(0):1.604|1.680, 184(0):4.261|4.452
 660, 1867(0):1.317|2.713, 1871(0):0.274|0.813, 186(0):0.137|0.142, 187(0):1.583|1.628, 188(0):4.298|4.498
 670, 1698(0):1.340|1.483, 1690(0):0.276|0.444, 170(0):0.141|0.164, 170(0):1.556|1.588, 171(0):4.214|4.306
 680, 1868(0):1.349|1.928, 1872(0):0.282|1.288, 187(0):0.151|0.164, 187(0):1.590|1.656, 186(0):4.267|4.307
 690, 1834(0):1.357|1.501, 1836(0):0.277|0.665, 183(0):0.137|0.140, 185(0):1.591|1.604, 183(0):4.424|4.557
 700, 1887(0):1.321|1.589, 1895(0):0.270|0.740, 190(0):0.141|0.181, 187(0):1.551|2.513, 188(0):4.331|4.460
 710, 1769(0):1.339|1.811, 1766(0):0.270|0.352, 177(0):0.147|0.193, 178(0):1.565|1.630, 177(0):4.150|4.275
 720, 1909(0):1.334|4.140, 1903(0):0.274|0.705, 189(0):0.140|0.146, 189(0):1.596|1.867, 191(0):4.422|4.772
 730, 1810(0):1.345|1.508, 1808(0):0.274|0.361, 182(0):0.145|0.166, 181(0):1.566|1.607, 181(0):4.359|4.407
 740, 1956(0):1.352|3.687, 1956(0):0.280|0.799, 196(0):0.140|0.150, 197(0):1.691|1.960, 194(0):4.532|4.825
 750, 1696(0):1.337|1.548, 1697(0):0.281|0.628, 169(0):0.133|0.136, 171(0):1.610|1.706, 170(0):4.376|4.675
 760, 1868(0):1.338|1.594, 1871(0):0.271|0.314, 187(0):0.149|0.178, 185(0):1.586|1.680, 187(0):4.315|4.375
 770, 1644(0):1.357|1.712, 1645(0):0.277|0.778, 164(0):0.133|0.139, 164(0):1.746|2.034, 165(0):4.311|4.500
 780, 1647(0):1.364|1.419, 1643(0):0.275|0.371, 165(0):0.152|0.157, 165(0):1.541|1.597, 166(0):4.292|4.431
 790, 1948(0):1.334|1.833, 1951(0):0.275|0.445, 195(0):0.147|0.257, 194(0):1.633|1.996, 199(0):4.477|4.656
 800, 1648(0):1.347|1.510, 1644(0):0.277|1.561, 164(0):0.156|0.164, 166(0):1.606|1.675, 159(0):4.274|4.615
 810, 1880(0):1.324|2.025, 1881(0):0.279|0.707, 188(0):0.133|0.141, 187(0):1.537|1.629, 189(0):4.277|4.674
 820, 1908(0):1.330|1.694, 1908(0):0.272|0.428, 191(0):0.138|0.148, 191(0):1.539|1.583, 191(0):4.311|4.369
 830, 1873(0):1.329|1.662, 1870(0):0.276|0.338, 186(0):0.138|0.190, 187(0):1.582|2.027, 188(0):4.328|4.475
 840, 1916(0):1.348|1.715, 1923(0):0.269|0.665, 193(0):0.139|0.144, 192(0):1.628|1.764, 192(0):4.441|4.911
 850, 1891(0):1.341|1.580, 1883(0):0.271|0.469, 189(0):0.155|0.200, 189(0):1.536|1.933, 188(0):4.362|4.492
 860, 1687(0):1.348|1.736, 1687(0):0.278|0.747, 168(0):0.160|0.195, 169(0):1.592|1.818, 168(0):4.346|4.488
 870, 1826(0):1.340|1.599, 1833(0):0.279|0.426, 183(0):0.141|0.150, 182(0):1.612|1.675, 183(0):4.281|4.485
 880, 1871(0):1.347|4.467, 1872(0):0.277|0.660, 187(0):0.143|0.209, 187(0):1.578|1.997, 188(0):4.344|4.718
 890, 1667(0):1.347|1.548, 1665(0):0.268|0.445, 167(0):0.141|0.145, 167(0):1.573|1.613, 166(0):4.229|4.323
 900, 1906(0):1.315|1.378, 1903(0):0.270|0.577, 191(0):0.129|0.136, 191(0):1.550|1.578, 190(0):4.177|4.254
 910, 1704(0):1.341|1.604, 1710(0):0.279|0.631, 170(0):0.134|0.177, 168(0):1.547|1.605, 170(0):4.320|4.677
 920, 1718(0):1.343|1.435, 1708(0):0.274|0.536, 172(0):0.142|0.144, 173(0):1.574|1.655, 172(0):4.366|4.409
 930, 1796(0):1.336|1.579, 1800(0):0.267|0.747, 180(0):0.143|0.145, 180(0):1.545|1.911, 180(0):4.489|4.628
 940, 1763(0):1.342|1.420, 1769(0):0.276|0.344, 177(0):0.141|0.148, 178(0):1.552|1.619, 175(0):4.298|4.481
 950, 1767(0):1.346|1.884, 1755(0):0.277|0.763, 175(0):0.142|0.170, 176(0):1.556|2.013, 177(0):4.434|4.484
 960, 1890(0):1.335|1.502, 1896(0):0.271|0.676, 190(0):0.159|0.177, 188(0):1.549|1.855, 190(0):4.259|4.272
 970, 1885(0):1.321|1.504, 1885(0):0.277|0.502, 187(0):0.155|0.176, 189(0):1.562|1.584, 190(0):4.244|4.389
 980, 1675(0):1.361|2.345, 1670(0):0.279|1.247, 168(0):0.133|0.146, 168(0):1.627|1.767, 166(0):4.411|4.630
 990, 1875(0):1.335|1.516, 1881(0):0.273|0.568, 189(0):0.144|0.152, 188(0):1.530|1.543, 188(0):4.163|4.281
1000, 1761(0):1.336|1.491, 1762(0):0.276|0.567, 176(0):0.139|0.315, 176(0):1.501|1.546, 176(0):4.227|4.286
1010, 1886(0):1.342|1.614, 1882(0):0.274|0.766, 188(0):0.131|0.140, 188(0):1.597|1.682, 188(0):4.284|4.339
1020, 1837(0):1.343|2.022, 1835(0):0.273|1.131, 183(0):0.130|0.140, 183(0):1.586|1.882, 183(0):4.586|4.831
1030, 1941(0):1.351|1.672, 1941(0):0.280|0.672, 195(0):0.140|0.154, 196(0):1.991|2.046, 196(0):4.250|4.378
1040, 1629(0):1.325|1.404, 1629(0):0.280|0.590, 162(0):0.129|0.151, 162(0):1.526|1.556, 162(0):4.270|4.402
1050, 1969(0):1.339|1.560, 1971(0):0.270|0.577, 198(0):0.138|0.266, 197(0):1.741|2.148, 196(0):4.347|4.525
1060, 1919(0):1.326|1.769, 1916(0):0.274|0.355, 191(0):0.144|0.146, 193(0):1.554|1.603, 193(0):4.318|4.347
1070, 1893(0):1.333|1.925, 1895(0):0.279|0.473, 189(0):0.142|0.414, 187(0):1.605|1.698, 188(0):4.244|4.254
1080, 1853(0):1.330|1.615, 1849(0):0.273|0.343, 187(0):0.135|0.179, 187(0):1.842|1.905, 187(0):4.237|4.282
1090, 1897(0):1.322|1.499, 1904(0):0.270|0.634, 189(0):0.130|0.167, 188(0):1.536|1.680, 189(0):4.382|4.919
1100, 1916(0):1.336|1.568, 1913(0):0.267|0.400, 191(0):0.141|0.174, 192(0):1.653|1.853, 191(0):4.332|4.350
1110, 1676(0):1.336|1.753, 1674(0):0.272|0.373, 168(0):0.134|0.153, 169(0):1.655|1.735, 168(0):4.282|4.387
1120, 1682(0):1.342|1.575, 1689(0):0.272|0.493, 168(0):0.141|0.172, 168(0):1.626|1.641, 168(0):4.373|4.840
1130, 1907(0):1.336|1.649, 1906(0):0.275|0.503, 191(0):0.143|0.166, 191(0):1.601|1.750, 192(0):4.280|4.538
1140, 1529(0):1.343|1.564, 1528(0):0.283|0.686, 153(0):0.133|0.137, 152(0):1.607|1.756, 152(0):4.305|4.713
1150, 1884(0):1.358|1.850, 1887(0):0.279|0.373, 189(0):0.135|0.171, 189(0):1.947|2.117, 189(0):4.341|4.436
1160, 1736(0):1.329|1.678, 1732(0):0.272|0.568, 173(0):0.142|0.151, 172(0):1.530|1.554, 178(0):4.259|4.332
1170, 1883(0):1.346|1.680, 1883(0):0.275|0.510, 188(0):0.139|0.158, 190(0):1.858|1.937, 184(0):4.435|4.680
1180, 1842(0):1.337|2.195, 1844(0):0.267|0.475, 185(0):0.136|0.148, 183(0):1.597|2.890, 185(0):4.247|4.264
1190, 1790(0):1.360|2.049, 1786(0):0.280|0.710, 178(0):0.155|0.173, 180(0):1.906|2.012, 178(0):4.296|4.434
1200, 1720(0):1.320|1.477, 1721(0):0.272|0.384, 171(0):0.130|0.146, 170(0):1.555|1.811, 171(0):4.211|4.794
1210, 1944(0):1.327|1.416, 1942(0):0.266|0.646, 196(0):0.137|0.159, 196(0):1.550|1.916, 196(0):4.241|4.349
1220, 1698(0):1.337|1.484, 1697(0):0.270|0.355, 169(0):0.136|0.138, 169(0):1.661|2.357, 171(0):4.207|4.501
1230, 1917(0):1.346|1.630, 1924(0):0.278|0.706, 193(0):0.166|0.187, 192(0):1.894|1.919, 190(0):4.373|4.905
1240, 1662(0):1.341|1.670, 1659(0):0.275|0.539, 166(0):0.147|0.222, 167(0):1.546|1.660, 165(0):4.213|4.354
1250, 1850(0):1.349|1.571, 1846(0):0.278|0.533, 185(0):0.132|0.136, 185(0):1.576|1.944, 186(0):4.340|4.520
1260, 1888(0):1.329|1.526, 1890(0):0.271|1.162, 189(0):0.133|0.155, 188(0):1.549|1.559, 190(0):4.459|5.185
1270, 1945(0):1.331|1.662, 1941(0):0.276|0.679, 193(0):0.141|0.153, 194(0):1.530|1.602, 192(0):4.386|4.915
1280, 1710(0):1.332|1.767, 1714(0):0.270|0.328, 172(0):0.141|0.242, 175(0):1.654|2.038, 177(0):4.614|4.955
1290, 1808(0):1.325|1.637, 1799(0):0.278|0.657, 180(0):0.141|0.148, 177(0):1.564|1.758, 175(0):4.446|4.452
1300, 1858(0):1.342|1.458, 1875(0):0.280|1.281, 187(0):0.132|0.157, 186(0):1.582|2.247, 189(0):4.269|4.418
1310, 1740(0):1.320|1.515, 1733(0):0.268|0.496, 173(0):0.130|0.144, 176(0):1.541|1.663, 171(0):4.350|4.392
1320, 1574(0):1.364|1.564, 1576(0):0.278|0.334, 158(0):0.137|0.148, 156(0):1.549|1.603, 159(0):4.345|4.443
1330, 1878(0):1.335|1.458, 1871(0):0.278|0.349, 187(0):0.134|0.156, 188(0):1.666|1.847, 186(0):4.289|4.394
1340, 1442(0):1.330|1.448, 1447(0):0.262|0.294, 145(0):0.137|0.187, 145(0):1.620|1.837, 145(0):4.306|4.348
1350, 1902(0):1.344|1.560, 1897(0):0.276|0.578, 190(0):0.134|0.141, 188(0):1.593|1.624, 190(0):4.197|4.232
1360, 1809(0):1.335|1.583, 1807(0):0.283|0.624, 180(0):0.130|0.136, 184(0):1.573|1.610, 182(0):4.318|4.708
1370, 1778(0):1.328|1.568, 1783(0):0.283|0.512, 179(0):0.139|0.149, 177(0):1.610|1.678, 177(0):4.403|4.495
1380, 1861(0):1.338|1.515, 1855(0):0.270|0.491, 186(0):0.137|0.156, 185(0):1.678|1.718, 186(0):4.229|4.348
1390, 1875(0):1.316|1.717, 1882(0):0.267|0.507, 187(0):0.145|0.175, 187(0):1.561|1.655, 187(0):4.275|4.464
1400, 1825(0):1.362|1.802, 1819(0):0.288|1.327, 182(0):0.137|0.978, 183(0):1.674|2.303, 182(0):4.406|4.490
1410, 1861(0):1.329|2.258, 1857(0):0.286|0.653, 186(0):0.137|0.145, 185(0):1.968|2.102, 187(0):4.545|4.966
1420, 1911(0):1.332|1.638, 1915(0):0.275|0.578, 192(0):0.129|0.142, 193(0):1.573|1.792, 191(0):4.372|4.648
1430, 1653(0):1.330|1.610, 1663(0):0.277|0.475, 165(0):0.144|0.221, 165(0):1.661|1.906, 166(0):4.340|4.428
1440, 1602(0):1.336|1.448, 1594(0):0.282|0.710, 160(0):0.132|0.151, 158(0):1.540|1.782, 159(0):4.154|4.229
1450, 1869(0):1.335|1.605, 1877(0):0.276|0.705, 188(0):0.152|0.172, 190(0):1.605|1.667, 193(0):4.264|4.559
1460, 1812(0):1.335|1.779, 1813(0):0.267|0.476, 180(0):0.136|0.284, 179(0):1.553|1.572, 176(0):4.267|4.528
1470, 1675(0):1.320|1.727, 1669(0):0.268|0.360, 168(0):0.161|0.168, 168(0):1.552|1.837, 167(0):4.245|4.585
1480, 1880(0):1.347|1.593, 1882(0):0.271|0.530, 189(0):0.129|0.165, 188(0):1.655|1.939, 193(0):4.238|4.310
1490, 1629(0):1.340|1.966, 1629(0):0.268|0.373, 163(0):0.140|0.153, 162(0):1.539|1.580, 159(0):4.192|4.256
1500, 1886(0):1.333|1.580, 1885(0):0.274|0.689, 188(0):0.154|0.216, 188(0):1.582|1.744, 189(0):4.240|4.381
1510, 1797(0):1.348|1.619, 1801(0):0.272|0.726, 179(0):0.137|0.149, 182(0):1.579|1.615, 178(0):4.289|4.469
1520, 1879(0):1.339|1.532, 1873(0):0.279|0.675, 187(0):0.148|0.167, 186(0):1.649|1.728, 188(0):4.291|4.574
1530, 1786(0):1.343|1.940, 1790(0):0.272|0.314, 180(0):0.151|0.156, 182(0):1.935|2.031, 180(0):4.298|5.519
1540, 1760(0):1.347|2.025, 1756(0):0.284|0.701, 176(0):0.157|0.400, 173(0):1.572|1.933, 179(0):4.260|4.311
1550, 1745(0):1.333|1.534, 1758(0):0.268|0.509, 174(0):0.146|0.166, 175(0):1.541|1.574, 172(0):4.245|4.344
1560, 1872(0):1.316|1.544, 1864(0):0.267|0.655, 187(0):0.139|0.152, 187(0):1.544|1.963, 187(0):4.341|4.473
1570, 1836(0):1.327|1.553, 1832(0):0.273|0.688, 183(0):0.134|0.153, 183(0):1.812|1.995, 185(0):4.312|4.353
1580, 1739(0):1.379|1.746, 1738(0):0.278|0.765, 174(0):0.166|0.555, 174(0):1.674|1.864, 174(0):4.244|4.844
1590, 1836(0):1.345|1.788, 1835(0):0.276|1.086, 184(0):0.133|0.147, 185(0):1.880|1.913, 181(0):4.489|4.603
1600, 1689(0):1.329|1.924, 1690(0):0.279|0.759, 170(0):0.136|0.345, 168(0):1.596|1.942, 173(0):4.493|4.521
1610, 1865(0):1.327|1.561, 1864(0):0.273|1.117, 186(0):0.132|0.155, 186(0):1.938|2.112, 183(0):4.327|4.742
1620, 1403(0):1.334|1.683, 1404(0):0.278|0.690, 140(0):0.138|0.585, 141(0):1.610|1.865, 139(0):4.327|4.390
1630, 1897(0):1.324|1.557, 1901(0):0.274|0.632, 190(0):0.138|0.210, 190(0):1.679|2.016, 190(0):4.224|4.364
1640, 1577(0):1.340|2.402, 1572(0):0.277|0.330, 158(0):0.133|0.138, 158(0):1.579|1.698, 157(0):4.355|4.622
1650, 1874(0):1.342|1.728, 1872(0):0.281|0.437, 186(0):0.133|0.147, 186(0):1.551|1.683, 187(0):4.285|4.331
1660, 1873(0):1.343|2.087, 1877(0):0.273|1.083, 188(0):0.143|0.154, 188(0):1.606|2.370, 188(0):4.308|4.715
1670, 1764(0):1.343|1.605, 1764(0):0.276|1.184, 177(0):0.142|0.151, 178(0):1.747|1.977, 178(0):4.275|4.769
1680, 1730(0):1.348|1.747, 1727(0):0.282|0.705, 172(0):0.148|0.151, 172(0):1.710|1.963, 173(0):4.242|4.836
1690, 1782(0):1.340|1.849, 1787(0):0.289|0.771, 179(0):0.145|0.593, 178(0):1.958|2.193, 178(0):4.280|4.430
1700, 1714(0):1.317|2.171, 1716(0):0.275|0.444, 171(0):0.143|0.510, 172(0):1.984|2.104, 170(0):4.303|4.398
1710, 1877(0):1.325|1.473, 1872(0):0.275|0.715, 188(0):0.130|0.138, 186(0):1.548|1.565, 194(0):4.169|4.270
1720, 1727(0):1.330|1.750, 1721(0):0.276|0.415, 171(0):0.127|0.162, 173(0):1.563|1.647, 167(0):4.348|4.476
1730, 1751(0):1.340|1.642, 1759(0):0.274|0.486, 176(0):0.136|0.161, 176(0):1.580|1.636, 176(0):4.276|4.363
1740, 1736(0):1.334|1.639, 1736(0):0.281|0.680, 174(0):0.133|0.143, 174(0):1.582|1.649, 173(0):4.350|4.592
1750, 1940(0):1.328|1.640, 1938(0):0.278|0.645, 194(0):0.169|0.700, 192(0):1.574|1.985, 193(0):4.307|4.428
1760, 1880(0):1.341|1.610, 1874(0):0.272|0.732, 187(0):0.135|0.153, 189(0):1.565|1.712, 188(0):4.327|4.477
1770, 1854(0):1.324|1.597, 1860(0):0.271|0.719, 186(0):0.148|0.292, 185(0):1.624|1.962, 189(0):4.298|4.502
1780, 1892(0):1.355|1.786, 1886(0):0.274|1.668, 190(0):0.146|0.165, 190(0):1.550|1.669, 191(0):4.247|4.875
1790, 1760(0):1.327|1.409, 1768(0):0.286|0.730, 176(0):0.131|0.272, 176(0):1.564|1.745, 172(0):4.246|4.444
1800, 1876(0):1.340|1.750, 1876(0):0.270|0.441, 188(0):0.149|0.422, 189(0):1.603|1.681, 186(0):4.144|4.207
1810, 1802(0):1.332|1.510, 1798(0):0.280|0.356, 180(0):0.145|0.158, 180(0):1.606|1.934, 182(0):4.260|4.324
1820, 1695(0):1.324|1.407, 1693(0):0.275|0.448, 169(0):0.156|0.350, 169(0):1.582|1.794, 169(0):4.231|4.381
1830, 1904(0):1.318|2.736, 1909(0):0.273|0.344, 191(0):0.136|0.147, 188(0):1.714|1.916, 194(0):4.258|4.359
1840, 1638(0):1.358|1.502, 1637(0):0.292|0.467, 164(0):0.146|0.158, 166(0):1.550|1.581, 160(0):4.317|4.477
1850, 1786(0):1.343|1.406, 1798(0):0.268|0.380, 179(0):0.138|0.148, 178(0):1.650|1.928, 184(0):4.348|4.738
1860, 1793(0):1.342|1.457, 1784(0):0.269|0.368, 179(0):0.134|0.146, 179(0):1.548|1.946, 175(0):4.212|4.465
1870, 1736(0):1.324|1.513, 1730(0):0.262|0.334, 172(0):0.132|0.137, 172(0):1.556|1.879, 174(0):4.324|4.598
1880, 1769(0):1.342|1.807, 1776(0):0.277|2.248, 179(0):0.144|0.373, 178(0):1.541|1.931, 177(0):4.331|4.345
1890, 1836(0):1.338|1.682, 1833(0):0.264|1.220, 183(0):0.134|0.147, 185(0):1.548|1.561, 182(0):4.230|4.304
1900, 1799(0):1.327|1.443, 1808(0):0.267|0.352, 179(0):0.138|0.145, 179(0):1.543|1.548, 182(0):4.264|4.390
1910, 1693(0):1.346|1.547, 1694(0):0.279|0.574, 171(0):0.150|0.480, 170(0):1.534|1.849, 172(0):4.264|4.352
1920, 1882(0):1.326|1.617, 1870(0):0.278|0.537, 186(0):0.144|0.191, 189(0):1.584|1.764, 183(0):4.182|4.345
1930, 1713(0):1.349|1.685, 1718(0):0.289|1.993, 173(0):0.134|0.165, 171(0):1.960|2.542, 171(0):4.324|4.409
1940, 1866(0):1.347|2.658, 1868(0):0.271|0.549, 186(0):0.135|0.144, 186(0):1.590|1.882, 187(0):4.290|4.317
1950, 1892(0):1.338|1.710, 1888(0):0.271|0.720, 189(0):0.151|0.175, 188(0):1.933|2.513, 189(0):4.294|4.453
1960, 1798(0):1.320|1.839, 1790(0):0.277|0.755, 179(0):0.137|0.142, 180(0):1.542|1.573, 184(0):4.301|4.512
1970, 1869(0):1.318|1.739, 1879(0):0.271|1.406, 188(0):0.136|0.183, 188(0):1.538|1.797, 183(0):4.198|4.268
1980, 1542(0):1.341|1.694, 1540(0):0.280|0.420, 154(0):0.143|0.226, 154(0):1.575|1.881, 154(0):4.243|4.466
1990, 1957(0):1.334|1.766, 1957(0):0.269|0.397, 195(0):0.154|0.167, 196(0):1.625|1.653, 201(0):4.340|4.807
2000, 1795(0):1.320|1.515, 1802(0):0.268|0.409, 181(0):0.145|0.160, 180(0):1.550|1.568, 175(0):4.394|4.458
2010, 1690(0):1.333|1.837, 1684(0):0.271|0.662, 167(0):0.135|0.138, 168(0):1.542|1.725, 169(0):4.209|4.315
2020, 1862(0):1.337|2.885, 1860(0):0.274|0.845, 187(0):0.137|0.141, 186(0):1.551|1.609, 185(0):4.201|4.443
2030, 1573(0):1.354|1.494, 1572(0):0.284|0.519, 157(0):0.134|0.154, 158(0):1.622|2.062, 157(0):4.376|4.592
2040, 1894(0):1.324|1.556, 1891(0):0.285|0.702, 191(0):0.146|0.186, 189(0):1.623|1.840, 191(0):4.135|4.392
2050, 1864(0):1.335|1.852, 1870(0):0.266|0.291, 186(0):0.137|0.142, 188(0):1.532|1.591, 186(0):4.290|4.450
2060, 1676(0):1.333|2.048, 1673(0):0.278|0.509, 167(0):0.155|0.171, 166(0):1.569|1.962, 167(0):4.286|4.598
2070, 1825(0):1.337|2.349, 1821(0):0.275|0.686, 182(0):0.140|0.149, 182(0):1.556|1.593, 182(0):4.271|4.510
2080, 1788(0):1.329|1.607, 1785(0):0.278|1.076, 178(0):0.141|0.163, 179(0):1.543|1.560, 180(0):4.203|4.419
2090, 1779(0):1.332|1.696, 1783(0):0.266|0.512, 179(0):0.130|0.136, 179(0):1.697|1.907, 177(0):4.227|4.556
2100, 1826(0):1.343|2.129, 1835(0):0.283|0.702, 183(0):0.131|0.168, 182(0):1.894|1.988, 184(0):4.305|4.456
2110, 1790(0):1.322|1.683, 1795(0):0.276|0.687, 179(0):0.130|0.151, 178(0):1.797|1.983, 181(0):4.153|4.284
2120, 1816(0):1.330|1.472, 1806(0):0.280|0.641, 181(0):0.149|0.236, 182(0):1.681|1.737, 179(0):4.331|4.349
2130, 1929(0):1.341|1.995, 1932(0):0.278|0.661, 194(0):0.143|0.188, 194(0):1.606|1.825, 198(0):4.230|4.356
2140, 1872(0):1.343|1.464, 1868(0):0.281|0.719, 186(0):0.134|0.143, 188(0):1.549|1.567, 181(0):4.291|4.614
2150, 1676(0):1.323|1.610, 1679(0):0.272|0.324, 168(0):0.139|0.171, 166(0):1.551|1.913, 169(0):4.296|4.489
2160, 1816(0):1.356|1.623, 1810(0):0.275|1.318, 181(0):0.146|0.428, 182(0):1.577|1.626, 181(0):4.329|4.468
2170, 1846(0):1.330|1.484, 1850(0):0.271|0.464, 186(0):0.126|0.137, 184(0):1.561|1.935, 184(0):4.324|4.364
2180, 1840(0):1.339|1.650, 1834(0):0.276|0.435, 183(0):0.142|0.149, 184(0):1.550|1.616, 185(0):4.387|4.472
2190, 1784(0):1.326|2.045, 1786(0):0.276|0.701, 178(0):0.154|0.170, 179(0):1.537|1.685, 178(0):4.193|4.407
2200, 1825(0):1.323|1.674, 1827(0):0.273|0.517, 183(0):0.127|0.140, 182(0):1.541|1.734, 183(0):4.398|4.717
2210, 1702(0):1.335|1.621, 1702(0):0.280|0.739, 171(0):0.140|0.147, 171(0):1.565|1.875, 170(0):4.277|4.319
2220, 1822(0):1.328|3.059, 1825(0):0.271|0.461, 182(0):0.139|0.318, 182(0):1.570|1.671, 183(0):4.189|4.284
2230, 1894(0):1.338|1.531, 1892(0):0.278|1.162, 189(0):0.141|0.175, 188(0):1.971|2.428, 190(0):4.298|4.935
2240, 1775(0):1.325|1.545, 1776(0):0.265|0.697, 177(0):0.141|0.146, 178(0):1.680|1.899, 178(0):4.270|4.452
2250, 1722(0):1.343|1.789, 1716(0):0.277|1.234, 172(0):0.143|0.163, 173(0):1.860|2.415, 170(0):4.142|4.389
2260, 1860(0):1.330|1.767, 1862(0):0.272|0.424, 187(0):0.138|0.175, 186(0):1.655|1.806, 191(0):4.366|4.514
2270, 1894(0):1.331|1.770, 1897(0):0.264|1.081, 189(0):0.138|0.147, 189(0):1.739|2.451, 185(0):4.255|4.358
2280, 1406(0):1.331|1.797, 1403(0):0.269|0.707, 140(0):0.132|0.149, 141(0):1.539|1.728, 140(0):4.163|4.237
2290, 1950(0):1.326|1.650, 1958(0):0.272|0.683, 196(0):0.137|0.163, 195(0):1.720|1.926, 195(0):4.275|4.340
2300, 1460(0):1.321|1.718, 1459(0):0.267|1.114, 146(0):0.143|0.166, 146(0):1.543|2.444, 146(0):4.160|4.344
2310, 1825(0):1.325|2.234, 1813(0):0.265|0.662, 182(0):0.133|0.141, 182(0):1.545|1.615, 182(0):4.292|4.585
2320, 1795(0):1.338|1.566, 1808(0):0.274|0.699, 181(0):0.138|0.148, 178(0):1.712|1.975, 183(0):4.246|4.421
2330, 1720(0):1.344|1.800, 1717(0):0.269|0.605, 169(0):0.135|0.138, 173(0):1.562|1.656, 169(0):4.102|4.281
2340, 1731(0):1.344|1.811, 1732(0):0.277|1.118, 175(0):0.140|0.144, 175(0):1.598|1.995, 174(0):4.304|4.354
2350, 1878(0):1.350|1.676, 1872(0):0.278|0.335, 187(0):0.151|0.325, 187(0):1.711|1.754, 186(0):4.294|4.442
2360, 1805(0):1.336|1.685, 1808(0):0.271|0.387, 181(0):0.140|0.154, 179(0):1.604|1.690, 184(0):4.242|4.320
2370, 1749(0):1.354|1.813, 1759(0):0.293|0.698, 176(0):0.141|0.167, 178(0):1.614|1.969, 173(0):4.254|4.428
2380, 1960(0):1.330|1.547, 1951(0):0.266|0.514, 195(0):0.126|0.147, 194(0):1.546|1.607, 195(0):4.261|4.394
2390, 1880(0):1.325|1.559, 1875(0):0.271|0.335, 188(0):0.145|0.160, 188(0):1.615|1.645, 188(0):4.354|4.605
2400, 1568(0):1.334|2.034, 1570(0):0.289|0.753, 157(0):0.135|0.188, 158(0):1.606|1.938, 162(0):4.336|4.458
2410, 1855(0):1.321|1.632, 1862(0):0.271|0.328, 186(0):0.128|0.145, 186(0):1.574|1.716, 186(0):4.391|4.496
2420, 1757(0):1.328|1.471, 1756(0):0.268|0.497, 175(0):0.138|0.150, 173(0):1.574|1.610, 175(0):4.299|4.544
2430, 1647(0):1.329|1.618, 1642(0):0.267|0.512, 165(0):0.134|0.141, 165(0):1.543|1.575, 165(0):4.261|4.299
2440, 1561(0):1.341|1.453, 1559(0):0.278|0.576, 156(0):0.146|0.528, 157(0):1.575|2.069, 152(0):4.369|4.627
2450, 1865(0):1.331|1.607, 1869(0):0.272|0.496, 186(0):0.145|0.155, 187(0):1.577|1.616, 186(0):4.253|4.729
2460, 1912(0):1.336|1.548, 1914(0):0.272|0.632, 192(0):0.129|0.145, 191(0):1.547|1.739, 190(0):4.264|4.560
2470, 1615(0):1.333|1.583, 1613(0):0.267|0.498, 161(0):0.125|0.161, 160(0):1.524|1.558, 165(0):4.207|4.305
2480, 1813(0):1.332|1.481, 1813(0):0.272|0.432, 182(0):0.146|0.187, 183(0):1.533|1.717, 182(0):4.323|4.816
2490, 1853(0):1.328|1.575, 1848(0):0.269|0.418, 184(0):0.139|0.379, 185(0):1.543|1.725, 181(0):4.318|4.357
2500, 1877(0):1.345|1.904, 1875(0):0.278|0.713, 188(0):0.152|0.162, 186(0):1.661|1.946, 189(0):4.395|4.824
2510, 1441(0):1.362|2.204, 1445(0):0.284|1.157, 145(0):0.127|0.137, 146(0):1.565|2.033, 147(0):4.313|4.523
2520, 1793(0):1.333|1.548, 1798(0):0.277|0.686, 179(0):0.144|0.160, 178(0):1.567|1.619, 181(0):4.168|4.310
2530, 1865(0):1.355|2.697, 1869(0):0.276|0.723, 186(0):0.138|0.147, 188(0):1.596|1.898, 183(0):4.377|4.409
2540, 1853(0):1.348|2.274, 1836(0):0.276|1.192, 186(0):0.167|0.531, 185(0):1.613|1.660, 187(0):4.499|4.687
2550, 1636(0):1.359|1.668, 1650(0):0.291|1.155, 164(0):0.140|0.149, 163(0):1.627|1.957, 166(0):4.246|4.532
2560, 1941(0):1.336|2.212, 1937(0):0.276|0.840, 193(0):0.133|0.154, 194(0):1.750|2.030, 189(0):4.291|4.422
2570, 1809(0):1.421|2.972, 1812(0):0.300|0.814, 182(0):0.163|0.620, 182(0):2.082|2.378, 180(0):4.484|5.252
2580, 1570(0):1.329|1.813, 1562(0):0.268|0.452, 155(0):0.172|0.638, 156(0):1.914|2.390, 160(0):4.268|4.363
2590, 1891(0):1.333|1.384, 1896(0):0.277|0.570, 191(0):0.142|0.202, 190(0):1.566|1.638, 187(0):4.380|4.385
2600, 1676(0):1.332|1.737, 1672(0):0.271|0.742, 166(0):0.154|0.633, 166(0):1.529|1.560, 167(0):4.170|4.214
2610, 1943(0):1.340|2.314, 1943(0):0.269|1.170, 196(0):0.131|0.146, 195(0):1.612|1.762, 193(0):4.198|4.361
2620, 1888(0):1.328|2.460, 1892(0):0.274|1.188, 189(0):0.146|0.160, 190(0):1.581|1.941, 190(0):4.329|4.403
2630, 1708(0):1.360|3.754, 1712(0):0.283|1.190, 170(0):0.150|0.184, 170(0):1.914|2.391, 172(0):4.204|5.018
2640, 1861(0):1.328|1.636, 1865(0):0.278|0.723, 186(0):0.148|0.163, 186(0):1.762|1.916, 190(0):4.467|4.633
2650, 1739(0):1.342|1.982, 1732(0):0.272|0.597, 173(0):0.140|0.173, 174(0):1.896|1.963, 169(0):4.360|4.498
2660, 1884(0):1.336|1.798, 1883(0):0.280|0.746, 190(0):0.143|0.151, 189(0):1.556|1.912, 193(0):4.228|4.425
2670, 1878(0):1.317|2.011, 1875(0):0.273|0.750, 187(0):0.133|0.196, 186(0):1.631|1.654, 188(0):4.217|4.387
2680, 1877(0):1.333|1.405, 1877(0):0.277|0.559, 188(0):0.133|0.138, 189(0):1.586|1.773, 183(0):4.275|4.485
2690, 1802(0):1.317|1.722, 1806(0):0.269|0.697, 180(0):0.133|0.147, 180(0):1.709|1.921, 181(0):4.329|4.540
2700, 1784(0):1.327|1.454, 1786(0):0.267|0.299, 179(0):0.140|0.163, 179(0):1.568|2.014, 180(0):4.159|4.235
2710, 1934(0):1.320|1.663, 1936(0):0.264|0.332, 193(0):0.132|0.161, 192(0):1.550|1.728, 197(0):4.414|4.431
2720, 1809(0):1.348|1.618, 1803(0):0.276|0.822, 181(0):0.159|0.232, 183(0):1.625|2.000, 178(0):4.321|4.447
2730, 1853(0):1.326|1.720, 1865(0):0.275|0.669, 186(0):0.137|0.150, 186(0):1.532|1.580, 188(0):4.339|4.534
2740, 1973(1):1.330|7.185, 1957(0):0.267|0.437, 196(0):0.148|0.156, 196(0):1.532|1.689, 191(0):4.307|4.336
2750, 1576(0):1.317|2.015, 1577(0):0.272|0.503, 158(0):0.125|0.133, 158(0):1.563|2.153, 159(0):4.228|4.457
2760, 1720(0):1.349|1.729, 1716(0):0.285|1.097, 172(0):0.151|0.201, 172(0):1.688|2.004, 174(0):4.348|4.477
2770, 1865(0):1.319|1.437, 1872(0):0.265|0.468, 187(0):0.140|0.147, 185(0):1.554|1.855, 184(0):4.390|4.683
2780, 1774(0):1.326|1.805, 1774(0):0.275|0.504, 176(0):0.141|0.153, 179(0):1.658|1.764, 178(0):4.209|4.786
2790, 1776(0):1.340|1.615, 1773(0):0.272|0.783, 179(0):0.140|0.159, 177(0):1.536|1.861, 178(0):4.243|4.364
2800, 1784(0):1.344|1.852, 1789(0):0.276|0.462, 178(0):0.144|0.165, 178(0):1.564|1.855, 178(0):4.204|4.414
2810, 1618(0):1.314|1.519, 1618(0):0.262|0.365, 162(0):0.128|0.142, 161(0):1.734|1.948, 160(0):4.304|4.403
2820, 1934(0):1.312|1.831, 1931(0):0.266|0.740, 193(0):0.128|0.137, 194(0):1.570|1.640, 200(0):4.342|4.480
2830, 1863(0):1.333|1.741, 1864(0):0.269|0.558, 186(0):0.145|0.177, 187(0):1.625|1.659, 181(0):4.153|4.462
2840, 1889(0):1.324|1.477, 1886(0):0.268|0.569, 189(0):0.142|0.154, 187(0):1.644|1.900, 194(0):4.309|4.511
2850, 1799(0):1.339|1.607, 1800(0):0.269|0.364, 180(0):0.135|0.140, 182(0):1.749|1.870, 176(0):4.396|5.001
2860, 1884(0):1.345|1.426, 1882(0):0.276|0.795, 188(0):0.141|0.155, 186(0):1.593|1.670, 192(0):4.277|4.503
2870, 1709(0):1.354|3.042, 1709(0):0.290|0.746, 171(0):0.136|0.142, 171(0):1.736|1.969, 165(0):4.219|4.246
2880, 1670(0):1.349|1.654, 1676(0):0.271|0.572, 168(0):0.145|0.151, 168(0):1.559|1.650, 173(0):4.351|4.380
2890, 1988(0):1.326|1.544, 1980(0):0.277|0.340, 198(0):0.130|0.138, 200(0):1.569|1.697, 194(0):4.282|4.537
2900, 1685(0):1.348|1.645, 1692(0):0.273|0.511, 169(0):0.153|0.224, 166(0):1.593|2.000, 172(0):4.181|4.236
2910, 1622(0):1.342|1.536, 1609(0):0.265|0.499, 161(0):0.142|0.171, 164(0):1.578|1.637, 159(0):4.168|4.522
2920, 1819(0):1.330|1.693, 1829(0):0.271|0.545, 183(0):0.133|0.195, 181(0):1.589|1.880, 184(0):4.195|4.240
2930, 1851(0):1.323|1.694, 1855(0):0.266|0.476, 185(0):0.138|0.177, 185(0):1.544|1.723, 183(0):4.134|4.348
2940, 1649(0):1.327|1.785, 1647(0):0.274|0.710, 165(0):0.137|0.168, 166(0):1.600|1.750, 165(0):4.263|4.424
2950, 1809(0):1.333|1.800, 1809(0):0.277|0.434, 181(0):0.141|0.152, 180(0):1.532|1.847, 185(0):4.305|4.515
2960, 1825(0):1.310|1.547, 1826(0):0.264|0.663, 182(0):0.137|0.144, 184(0):1.557|1.816, 178(0):4.190|4.628
2970, 1848(0):1.333|1.610, 1848(0):0.268|0.329, 185(0):0.139|0.157, 185(0):1.555|1.618, 183(0):4.406|4.486
2980, 1695(0):1.329|1.868, 1695(0):0.272|0.544, 170(0):0.142|0.199, 169(0):1.637|1.775, 171(0):4.262|4.343
2990, 1817(0):1.347|1.538, 1813(0):0.276|0.745, 181(0):0.148|0.278, 181(0):1.991|2.319, 181(0):4.235|4.486
3000, 1948(0):1.323|1.700, 1952(0):0.275|0.384, 195(0):0.131|0.339, 196(0):1.581|1.937, 195(0):4.214|4.309
3010, 1726(0):1.377|1.780, 1725(0):0.292|1.149, 173(0):0.153|1.603, 172(0):1.934|2.363, 173(0):4.406|4.468
3020, 1830(0):1.328|1.780, 1826(0):0.264|0.423, 183(0):0.135|0.341, 185(0):1.601|1.652, 184(0):4.307|4.392
3030, 1706(0):1.331|1.441, 1705(0):0.266|0.515, 169(0):0.141|0.161, 168(0):1.580|1.607, 170(0):4.139|4.333
3040, 1902(0):1.331|1.477, 1903(0):0.271|0.607, 192(0):0.134|0.160, 190(0):1.584|1.782, 191(0):4.261|4.353
3050, 1851(0):1.325|1.707, 1850(0):0.283|0.563, 184(0):0.172|0.307, 186(0):1.621|1.941, 183(0):4.224|4.262
3060, 1721(0):1.345|2.467, 1723(0):0.279|0.654, 173(0):0.133|0.150, 172(0):1.568|1.678, 173(0):4.314|4.439
3070, 1769(0):1.347|1.705, 1766(0):0.267|0.577, 177(0):0.138|0.575, 178(0):1.560|1.877, 180(0):4.362|4.546
3080, 1682(0):1.334|1.784, 1688(0):0.270|0.709, 168(0):0.137|0.169, 166(0):1.609|1.695, 165(0):4.195|4.400
3090, 1783(0):1.327|1.423, 1786(0):0.278|0.734, 179(0):0.136|0.230, 179(0):1.574|1.604, 179(0):4.280|4.308
3100, 1674(0):1.337|1.648, 1677(0):0.273|0.727, 167(0):0.137|0.150, 168(0):1.561|1.672, 172(0):4.357|4.423
3110, 1857(0):1.328|1.741, 1852(0):0.268|0.544, 185(0):0.134|0.165, 184(0):1.676|2.438, 181(0):4.190|4.480
3120, 1860(0):1.329|1.699, 1857(0):0.272|0.860, 186(0):0.131|0.135, 188(0):1.605|1.808, 187(0):4.225|4.324
3130, 1873(0):1.351|1.667, 1873(0):0.272|0.371, 187(0):0.142|0.170, 187(0):1.559|1.591, 186(0):4.322|4.754
3140, 1820(0):1.333|1.617, 1828(0):0.279|1.145, 182(0):0.136|0.141, 180(0):1.892|2.341, 186(0):4.677|4.779
3150, 1819(0):1.340|1.475, 1812(0):0.269|0.304, 182(0):0.138|0.162, 183(0):1.568|1.737, 177(0):4.307|4.470
3160, 1950(0):1.357|2.228, 1949(0):0.274|0.662, 195(0):0.155|0.180, 196(0):1.847|2.383, 197(0):4.425|4.435
3170, 1820(0):1.327|1.625, 1819(0):0.273|0.729, 182(0):0.154|0.178, 181(0):1.824|3.197, 180(0):4.381|4.406
3180, 1821(0):1.346|1.759, 1821(0):0.273|0.699, 182(0):0.132|0.142, 182(0):1.807|2.368, 183(0):4.453|5.022
3190, 1651(0):1.339|1.680, 1648(0):0.275|0.670, 166(0):0.136|0.143, 166(0):1.634|1.890, 165(0):4.557|4.774
3200, 1640(0):1.307|1.404, 1651(0):0.280|0.526, 164(0):0.153|0.189, 165(0):1.555|1.750, 166(0):4.230|4.316
3210, 1788(0):1.318|1.746, 1782(0):0.266|0.321, 179(0):0.142|0.160, 179(0):1.620|1.720, 178(0):4.217|4.264
3220, 1670(0):1.330|1.786, 1665(0):0.277|0.684, 166(0):0.141|0.153, 165(0):1.584|1.644, 165(0):4.299|4.365
3230, 1815(0):1.328|1.718, 1827(0):0.264|0.335, 182(0):0.128|0.132, 183(0):1.600|1.649, 182(0):4.437|4.506
3240, 1936(0):1.352|2.881, 1931(0):0.289|1.227, 194(0):0.141|0.525, 193(0):1.923|2.389, 194(0):4.239|4.311
3250, 1762(0):1.355|1.659, 1764(0):0.270|0.363, 176(0):0.147|0.182, 177(0):1.637|1.870, 177(0):4.247|4.417
3260, 1919(0):1.360|1.699, 1919(0):0.272|0.641, 192(0):0.144|0.146, 190(0):1.542|1.744, 191(0):4.298|4.482
3270, 1838(0):1.357|1.757, 1832(0):0.279|0.722, 184(0):0.156|0.587, 184(0):1.878|2.034, 184(0):4.258|4.311
3280, 1840(0):1.333|1.779, 1841(0):0.271|0.693, 183(0):0.130|0.149, 185(0):1.561|1.950, 184(0):4.293|4.567
3290, 1762(0):1.337|1.450, 1767(0):0.275|0.529, 177(0):0.134|0.162, 174(0):1.527|1.535, 179(0):4.265|4.315
3300, 1793(0):1.332|1.674, 1790(0):0.273|0.419, 179(0):0.144|0.311, 181(0):1.852|2.259, 177(0):4.242|4.346
3310, 1811(0):1.339|1.631, 1815(0):0.275|0.472, 182(0):0.140|0.149, 181(0):1.631|1.821, 180(0):4.292|4.378
3320, 1838(0):1.333|1.798, 1836(0):0.270|0.700, 183(0):0.134|0.139, 184(0):1.544|1.573, 184(0):4.218|4.491
3330, 1723(0):1.319|2.143, 1719(0):0.273|0.404, 172(0):0.148|0.150, 171(0):1.585|1.655, 171(0):4.314|4.419
3340, 1803(0):1.329|3.873, 1808(0):0.277|0.632, 180(0):0.143|0.193, 181(0):1.589|1.979, 182(0):4.350|4.354
3350, 1802(0):1.325|1.621, 1807(0):0.271|0.716, 180(0):0.133|0.153, 180(0):1.700|1.853, 184(0):4.211|4.482
3360, 1750(0):1.327|1.656, 1744(0):0.273|0.643, 176(0):0.127|0.133, 175(0):1.529|1.558, 171(0):4.363|4.494
3370, 1880(0):1.348|1.524, 1877(0):0.285|0.737, 187(0):0.141|0.176, 190(0):1.536|1.643, 188(0):4.373|5.061
3380, 1882(0):1.341|1.794, 1884(0):0.273|0.667, 189(0):0.130|0.177, 188(0):1.559|2.470, 187(0):4.339|4.488
3390, 1714(0):1.340|1.785, 1709(0):0.267|0.547, 172(0):0.130|0.144, 171(0):1.542|1.568, 174(0):4.285|4.587
3400, 1732(0):1.329|2.087, 1728(0):0.274|0.641, 172(0):0.134|0.141, 171(0):1.562|1.789, 173(0):4.251|4.660
3410, 1900(0):1.350|1.744, 1906(0):0.278|1.070, 190(0):0.144|0.156, 192(0):2.308|2.826, 188(0):4.270|4.476
3420, 1844(0):1.331|1.632, 1849(0):0.273|0.591, 185(0):0.130|0.146, 186(0):1.549|1.571, 185(0):4.274|4.530
3430, 1868(0):1.364|1.916, 1870(0):0.291|0.737, 187(0):0.144|0.160, 185(0):1.951|2.058, 187(0):4.348|4.383
3440, 1883(0):1.346|1.754, 1882(0):0.277|0.715, 189(0):0.137|0.156, 188(0):1.565|1.599, 194(0):4.287|4.343
3450, 1800(0):1.356|1.594, 1792(0):0.271|0.345, 178(0):0.161|0.165, 180(0):1.607|1.962, 178(0):4.369|4.436
3460, 1898(0):1.355|1.532, 1897(0):0.290|0.573, 191(0):0.143|0.207, 189(0):1.563|1.579, 185(0):4.248|5.181
3470, 1777(0):1.340|2.197, 1778(0):0.278|0.747, 178(0):0.155|0.234, 178(0):1.640|1.895, 183(0):4.368|4.672
3480, 1870(0):1.334|1.703, 1879(0):0.269|0.641, 187(0):0.140|0.155, 189(0):1.615|1.677, 185(0):4.193|4.247
3490, 1763(0):1.326|1.423, 1764(0):0.273|0.325, 177(0):0.141|0.163, 176(0):1.535|1.591, 175(0):4.154|4.315
3500, 1809(0):1.356|2.480, 1798(0):0.272|0.826, 179(0):0.139|0.175, 180(0):1.750|1.994, 180(0):4.318|4.534
3510, 1669(0):1.369|1.889, 1672(0):0.290|0.793, 168(0):0.136|0.150, 167(0):1.576|1.949, 169(0):4.294|4.529
3520, 1749(0):1.350|1.772, 1758(0):0.264|0.722, 175(0):0.137|0.159, 176(0):1.555|1.701, 174(0):4.246|4.325
3530, 1857(0):1.349|1.542, 1847(0):0.270|0.537, 186(0):0.137|0.161, 184(0):1.572|1.844, 186(0):4.164|4.262
3540, 1612(0):1.333|1.610, 1619(0):0.273|0.426, 160(0):0.139|0.165, 162(0):1.587|1.938, 160(0):4.226|4.420
3550, 1834(0):1.356|1.492, 1823(0):0.279|0.565, 184(0):0.136|0.140, 184(0):1.652|1.745, 184(0):4.398|4.771
3560, 1919(0):1.335|1.847, 1936(0):0.277|0.632, 193(0):0.158|0.162, 192(0):1.550|1.573, 196(0):4.232|4.319
3570, 1809(0):1.323|1.650, 1807(0):0.270|0.373, 181(0):0.139|0.225, 179(0):1.724|1.908, 181(0):4.187|4.328
3580, 1914(0):1.329|1.482, 1900(0):0.281|0.535, 190(0):0.145|0.172, 193(0):1.571|1.599, 187(0):4.250|4.386
3590, 1682(0):1.349|1.448, 1687(0):0.280|0.864, 168(0):0.144|0.152, 167(0):1.566|1.954, 170(0):4.349|4.370
3600, 1911(0):1.338|1.671, 1914(0):0.267|0.429, 191(0):0.130|0.141, 191(0):1.603|1.880, 188(0):4.184|4.491

STOPPING THREADS................................

<Raw Results>
  [0] sc:647932  lt:1  rt:0  fl:0 
  [1] sc:647924  lt:0  rt:0  fl:0 
  [2] sc:64795  lt:0  rt:0  fl:0 
  [3] sc:64794  lt:0  rt:0  fl:0 
  [4] sc:64794  lt:0  rt:0  fl:0 
 in 3600 sec.

<Raw Results2(sum ver.)>
  [0] sc:647938  lt:1  rt:0  fl:0 
  [1] sc:647937  lt:0  rt:0  fl:0 
  [2] sc:64795  lt:0  rt:0  fl:0 
  [3] sc:64794  lt:0  rt:0  fl:0 
  [4] sc:64794  lt:0  rt:0  fl:0 

<Constraint Check> (all must be [OK])
 [transaction percentage]
        Payment: 43.48% (>=43.0%) [OK]
   Order-Status: 4.35% (>= 4.0%) [OK]
       Delivery: 4.35% (>= 4.0%) [OK]
    Stock-Level: 4.35% (>= 4.0%) [OK]
 [response time (at least 90% passed)]
      New-Order: 100.00%  [OK]
        Payment: 100.00%  [OK]
   Order-Status: 100.00%  [OK]
       Delivery: 100.00%  [OK]
    Stock-Level: 100.00%  [OK]

<TpmC>
                 10798.884 TpmC

