***************************************
*** ###easy### TPC-C Load Generator ***
***************************************
option h with value '192.168.0.8'
option P with value '3306'
option d with value 'scutech-tpcc'
option u with value 'yunify'
option p with value 'Zhu88jie'
option w with value '50'
option c with value '32'
option r with value '600'
option l with value '3600'
<Parameters>
     [server]: 192.168.0.8
     [port]: 3306
     [DBname]: scutech-tpcc
       [user]: yunify
       [pass]: Zhu88jie
  [warehouse]: 50
 [connection]: 32
     [rampup]: 600 (sec.)
    [measure]: 3600 (sec.)

RAMP-UP TIME.(600 sec.)

MEASURING START.

  10, 3806(0):1.484|6.220, 3806(0):0.294|3.853, 381(0):0.143|0.306, 380(0):1.684|5.753, 381(0):4.767|6.374
  20, 4223(0):1.491|2.812, 4224(0):0.297|0.356, 422(0):0.139|0.174, 423(0):1.673|1.775, 422(0):4.672|5.658
  30, 5011(0):1.485|2.405, 5006(0):0.294|1.825, 501(0):0.143|0.170, 501(0):1.709|3.711, 498(0):4.733|5.285
  40, 5135(0):1.536|3.510, 5132(0):0.299|3.797, 514(0):0.144|0.205, 513(0):1.715|2.243, 514(0):4.954|6.639
  50, 5058(0):1.467|1.754, 5057(0):0.289|0.791, 504(0):0.137|0.147, 506(0):1.658|2.947, 504(0):4.448|4.801
  60, 4390(0):1.503|1.770, 4393(0):0.295|2.047, 441(0):0.138|0.163, 440(0):1.667|2.311, 443(0):4.565|5.370
  70, 3823(0):1.492|2.418, 3829(0):0.300|0.364, 382(0):0.141|0.175, 382(0):1.735|2.357, 383(0):4.844|5.050
  80, 4553(0):1.501|4.426, 4550(0):0.296|0.974, 455(0):0.139|0.156, 455(0):1.715|3.036, 453(0):4.643|5.372
  90, 5141(0):1.498|2.022, 5139(0):0.295|4.272, 515(0):0.147|0.155, 515(0):1.683|1.848, 514(0):4.799|5.116
 100, 5039(1):1.537|8.537, 5041(0):0.297|1.305, 503(0):0.146|0.196, 502(0):1.694|1.846, 505(0):4.900|5.273
 110, 4743(0):1.529|2.507, 4743(0):0.299|0.953, 475(0):0.148|0.171, 477(0):1.710|1.802, 474(0):4.888|5.317
 120, 3631(0):1.462|1.838, 3634(0):0.301|1.967, 363(0):0.150|2.738, 362(0):1.630|3.805, 365(0):4.810|5.394
 130, 4356(1):1.498|5.694, 4349(0):0.300|0.579, 435(0):0.145|0.208, 437(0):1.687|4.067, 431(0):4.841|5.013
 140, 4930(0):1.440|2.793, 4931(0):0.299|0.421, 493(0):0.140|0.166, 493(0):1.621|2.571, 494(0):4.787|5.086
 150, 5000(0):1.496|3.023, 5004(0):0.294|0.430, 501(0):0.139|0.166, 498(0):1.671|1.818, 503(0):4.836|5.179
 160, 4719(0):1.527|1.687, 4720(0):0.298|4.022, 472(0):0.146|0.166, 471(0):1.703|1.935, 474(0):4.829|8.803
 170, 4320(0):1.498|3.741, 4328(0):0.297|0.547, 433(0):0.146|0.202, 433(0):1.644|1.797, 432(0):4.734|5.228
 180, 3650(0):1.444|3.011, 3639(0):0.295|0.470, 364(0):0.149|0.164, 365(0):1.667|1.798, 365(0):4.534|4.808
 190, 4505(0):1.502|1.932, 4502(0):0.297|0.375, 450(0):0.139|0.175, 451(0):1.701|1.807, 447(0):4.803|5.071
 200, 5031(0):1.535|4.197, 5027(0):0.298|0.503, 503(0):0.142|0.161, 503(0):1.633|3.708, 502(0):4.694|5.108
 210, 4811(0):1.497|4.086, 4813(0):0.293|0.551, 482(0):0.138|0.150, 482(0):1.673|1.736, 482(0):4.743|5.807
 220, 4702(0):1.471|3.284, 4700(0):0.294|0.354, 469(0):0.136|0.167, 469(0):1.689|1.802, 470(0):4.640|4.970
 230, 3910(0):1.479|1.662, 3920(0):0.299|2.015, 392(0):0.143|0.151, 392(0):1.643|1.705, 394(0):4.451|4.704
 240, 4015(1):1.489|5.238, 4011(0):0.294|0.543, 402(0):0.145|0.202, 400(0):1.672|1.752, 401(0):4.643|4.972
 250, 4704(0):1.518|3.400, 4704(0):0.298|0.408, 470(0):0.142|0.187, 471(0):1.729|2.147, 469(0):4.952|5.413
 260, 4923(0):1.526|2.888, 4924(0):0.295|0.413, 492(0):0.144|0.190, 491(0):1.677|1.750, 494(0):4.866|5.316
 270, 4841(0):1.493|2.100, 4839(0):0.296|0.370, 484(0):0.141|0.154, 486(0):1.641|1.727, 485(0):4.701|5.238
 280, 4565(0):1.517|2.511, 4563(0):0.300|3.156, 457(0):0.146|0.151, 457(0):1.660|3.309, 456(0):4.809|5.166
 290, 3844(0):1.430|4.374, 3842(0):0.293|0.412, 384(0):0.135|0.153, 385(0):1.684|4.939, 380(0):4.622|5.349
 300, 4384(0):1.462|1.962, 4382(0):0.294|0.406, 438(0):0.148|0.188, 438(0):1.622|1.710, 438(0):4.741|5.166
 310, 4822(0):1.482|1.750, 4820(0):0.298|0.418, 482(0):0.144|0.175, 484(0):1.631|1.707, 483(0):4.362|5.200
 320, 4828(0):1.487|3.110, 4826(0):0.293|0.753, 484(0):0.142|0.157, 482(0):1.659|2.537, 483(0):4.746|4.992
 330, 4621(0):1.486|2.636, 4625(0):0.292|2.147, 462(0):0.138|0.160, 462(0):1.655|1.881, 462(0):4.787|5.118
 340, 4153(0):1.505|3.581, 4150(0):0.296|0.419, 415(0):0.143|0.162, 415(0):1.674|1.834, 415(0):4.764|5.381
 350, 4005(0):1.499|1.733, 4008(0):0.296|0.518, 401(0):0.142|0.200, 400(0):1.656|1.891, 406(0):4.792|5.266
 360, 4617(0):1.512|2.028, 4620(0):0.299|0.605, 461(0):0.149|0.209, 459(0):1.708|1.771, 462(0):4.766|5.120
 370, 4882(0):1.524|4.652, 4882(0):0.297|0.814, 489(0):0.144|0.155, 489(0):1.691|1.952, 488(0):4.976|5.119
 380, 4788(0):1.501|1.896, 4789(0):0.296|0.364, 479(0):0.144|0.182, 481(0):1.666|3.398, 479(0):4.814|5.419
 390, 4481(0):1.495|2.185, 4476(0):0.298|2.160, 447(0):0.146|0.150, 445(0):1.670|1.777, 448(0):4.822|5.148
 400, 4017(0):1.510|2.237, 4022(0):0.298|2.563, 402(0):0.139|0.145, 403(0):1.691|1.772, 401(0):4.875|5.304
 410, 4528(0):1.448|1.642, 4528(0):0.299|0.708, 453(0):0.141|0.173, 454(0):1.666|1.741, 453(0):4.726|5.305
 420, 4678(0):1.494|1.733, 4674(0):0.297|0.459, 467(0):0.144|0.163, 467(0):1.683|1.798, 467(0):4.802|5.178
 430, 4835(0):1.493|2.810, 4838(0):0.293|2.222, 483(0):0.142|0.161, 483(0):1.694|1.734, 484(0):4.712|5.804
 440, 4746(0):1.492|1.703, 4740(0):0.294|0.368, 475(0):0.145|0.160, 474(0):1.637|1.897, 474(0):4.787|5.189
 450, 4320(0):1.495|4.379, 4327(0):0.293|0.372, 432(0):0.139|0.155, 432(0):1.734|3.154, 433(0):4.827|5.351
 460, 4031(0):1.465|2.798, 4028(0):0.292|0.492, 403(0):0.149|0.195, 404(0):1.589|1.696, 402(0):4.365|6.552
 470, 4543(1):1.456|7.083, 4541(0):0.294|0.367, 455(0):0.136|0.204, 456(0):1.641|1.766, 452(0):4.603|5.411
 480, 4748(0):1.519|3.391, 4754(0):0.296|0.992, 475(0):0.144|0.174, 476(0):1.672|1.759, 473(0):4.726|5.022
 490, 4646(1):1.481|5.131, 4643(0):0.294|1.331, 464(0):0.145|0.165, 463(0):1.702|2.731, 468(0):4.612|5.000
 500, 4622(0):1.514|3.044, 4620(0):0.298|2.715, 462(0):0.144|0.160, 459(0):1.706|1.759, 464(0):4.887|5.152
 510, 4225(0):1.485|3.174, 4227(0):0.296|1.019, 423(0):0.146|2.224, 425(0):1.651|1.750, 423(0):4.767|5.334
 520, 4216(0):1.504|2.508, 4218(0):0.300|0.518, 422(0):0.143|0.153, 422(0):1.727|1.912, 422(0):4.853|5.658
 530, 4736(0):1.504|2.636, 4730(0):0.293|0.477, 474(0):0.138|0.173, 473(0):1.630|1.813, 473(0):4.777|5.326
 540, 4870(0):1.511|2.689, 4874(0):0.299|1.493, 487(0):0.151|0.166, 487(0):1.675|1.749, 488(0):4.861|5.309
 550, 4836(0):1.501|2.737, 4832(0):0.296|0.418, 483(0):0.145|0.218, 485(0):1.679|1.749, 483(0):4.506|5.296
 560, 4412(0):1.501|3.081, 4411(0):0.299|0.407, 441(0):0.147|0.161, 439(0):1.694|3.067, 441(0):4.746|4.993
 570, 4166(0):1.474|2.765, 4171(0):0.293|0.366, 418(0):0.137|0.147, 418(0):1.670|1.766, 416(0):4.680|5.157
 580, 4435(0):1.503|2.260, 4438(0):0.296|1.893, 443(0):0.147|0.194, 444(0):1.627|1.737, 443(0):4.667|6.670
 590, 4774(0):1.510|4.701, 4767(0):0.293|2.552, 477(0):0.141|0.177, 477(0):1.692|1.747, 478(0):4.729|5.312
 600, 4805(0):1.507|3.547, 4805(0):0.295|0.413, 481(0):0.147|0.167, 481(0):1.734|2.218, 481(0):4.769|5.012
 610, 4568(0):1.501|3.906, 4569(0):0.302|1.501, 456(0):0.141|0.171, 457(0):1.679|1.893, 453(0):4.915|5.426
 620, 4376(0):1.493|4.577, 4369(0):0.299|2.427, 438(0):0.139|0.157, 439(0):1.678|1.754, 437(0):4.555|5.192
 630, 4057(0):1.461|2.631, 4063(0):0.295|1.067, 406(0):0.141|0.152, 404(0):1.677|3.021, 411(0):4.616|4.979
 640, 4672(0):1.526|2.395, 4676(0):0.297|2.288, 467(0):0.146|0.206, 468(0):1.693|1.781, 468(0):4.672|5.130
 650, 4745(0):1.507|2.197, 4746(0):0.298|0.574, 475(0):0.145|0.245, 473(0):1.686|1.705, 474(0):4.635|6.168
 660, 4808(0):1.501|2.498, 4799(0):0.299|0.389, 481(0):0.147|0.187, 481(0):1.665|3.484, 479(0):4.702|5.042
 670, 4409(0):1.492|1.673, 4413(0):0.296|0.986, 440(0):0.147|0.199, 443(0):1.640|1.822, 438(0):4.585|5.028
 680, 4126(0):1.500|1.881, 4131(0):0.298|0.389, 413(0):0.145|0.167, 412(0):1.662|1.747, 417(0):4.734|5.137
 690, 4295(0):1.503|4.455, 4287(0):0.303|0.387, 430(0):0.139|0.348, 429(0):1.659|1.830, 430(0):4.534|4.810
 700, 4760(0):1.493|3.743, 4767(0):0.296|0.720, 476(0):0.147|0.156, 475(0):1.678|1.896, 475(0):4.794|5.137
 710, 4752(0):1.494|4.415, 4749(0):0.292|0.384, 475(0):0.141|0.182, 475(0):1.640|4.529, 475(0):4.798|5.155
 720, 4459(0):1.512|2.471, 4454(0):0.298|0.378, 445(0):0.144|0.153, 447(0):1.674|1.732, 443(0):4.815|5.077
 730, 4476(0):1.502|2.800, 4481(0):0.301|0.440, 449(0):0.146|0.254, 447(0):1.709|1.831, 452(0):4.840|5.124
 740, 4187(0):1.526|2.616, 4187(0):0.296|0.350, 418(0):0.143|0.155, 420(0):1.720|2.660, 417(0):4.723|5.013
 750, 4252(0):1.455|2.849, 4253(0):0.291|0.642, 426(0):0.140|0.210, 427(0):1.694|1.856, 426(0):4.651|5.102
 760, 4784(0):1.515|2.458, 4778(0):0.295|0.357, 477(0):0.139|0.182, 477(0):1.668|1.744, 477(0):4.708|5.328
 770, 4717(0):1.491|3.385, 4727(0):0.296|1.032, 473(0):0.139|0.179, 472(0):1.684|1.767, 473(0):4.778|6.493
 780, 4503(0):1.496|2.004, 4502(0):0.298|0.429, 451(0):0.139|0.162, 451(0):1.714|1.774, 451(0):4.972|5.540
 790, 4414(0):1.501|1.701, 4412(0):0.298|0.457, 440(0):0.150|0.180, 441(0):1.681|1.735, 439(0):5.048|6.195
 800, 4237(0):1.481|1.774, 4236(0):0.299|0.408, 424(0):0.137|0.161, 424(0):1.636|2.055, 424(0):5.051|6.521
 810, 4580(0):1.517|3.667, 4581(0):0.299|1.751, 458(0):0.141|0.203, 458(0):1.738|3.787, 454(0):4.942|5.128
 820, 4619(0):1.496|3.636, 4621(0):0.293|0.484, 462(0):0.146|0.170, 462(0):1.626|1.781, 464(0):4.613|4.896
 830, 4744(0):1.514|3.409, 4742(0):0.299|0.462, 475(0):0.139|0.148, 472(0):1.670|2.039, 478(0):4.755|5.171
 840, 4427(1):1.484|7.315, 4428(0):0.292|1.227, 442(0):0.148|0.167, 444(0):1.604|2.272, 442(0):4.609|4.981
 850, 4368(0):1.488|2.712, 4371(0):0.297|0.465, 438(0):0.155|1.283, 438(0):1.683|1.760, 439(0):4.781|5.083
 860, 4307(0):1.495|3.357, 4302(0):0.296|1.559, 431(0):0.144|0.207, 429(0):1.814|4.788, 429(0):4.869|5.404
 870, 4681(0):1.456|2.544, 4681(0):0.295|0.386, 468(0):0.137|0.154, 469(0):1.664|1.865, 469(0):4.646|5.384
 880, 4592(0):1.501|1.724, 4590(0):0.299|0.386, 458(0):0.153|0.174, 460(0):1.696|3.863, 455(0):5.033|5.265
 890, 4723(0):1.498|3.433, 4727(0):0.295|0.696, 473(0):0.138|0.150, 471(0):1.704|1.870, 473(0):4.830|5.206
 900, 4537(0):1.466|3.146, 4534(0):0.295|0.375, 454(0):0.139|0.170, 455(0):1.650|2.638, 453(0):4.797|5.367
 910, 4341(0):1.517|2.482, 4341(0):0.297|2.862, 434(0):0.141|0.190, 435(0):1.660|1.738, 437(0):4.768|6.056
 920, 4347(0):1.442|1.836, 4353(0):0.297|3.250, 435(0):0.146|0.251, 433(0):1.630|1.719, 434(0):4.523|5.081
 930, 4596(0):1.483|1.690, 4596(0):0.293|0.413, 459(0):0.150|0.174, 462(0):1.668|5.038, 462(0):4.750|5.166
 940, 4690(0):1.495|2.559, 4685(0):0.295|0.607, 469(0):0.136|0.180, 465(0):1.662|1.718, 469(0):4.765|5.193
 950, 4681(0):1.476|1.664, 4679(0):0.295|0.574, 469(0):0.138|0.153, 471(0):1.724|2.047, 468(0):4.714|4.963
 960, 4466(0):1.485|3.541, 4470(0):0.298|0.518, 446(0):0.142|0.182, 445(0):1.673|1.912, 447(0):4.747|5.459
 970, 4243(0):1.418|2.093, 4234(0):0.294|0.876, 424(0):0.140|0.149, 426(0):1.594|1.689, 420(0):4.457|5.541
 980, 4420(0):1.491|3.898, 4415(0):0.297|1.409, 442(0):0.147|0.157, 441(0):1.694|2.538, 442(0):4.753|5.352
 990, 4729(0):1.517|2.618, 4733(0):0.298|2.113, 473(0):0.150|0.351, 474(0):1.741|1.840, 474(0):4.726|4.967
1000, 4637(0):1.495|2.672, 4633(0):0.297|2.815, 463(0):0.140|0.172, 464(0):1.649|1.770, 462(0):4.733|5.703
1010, 4437(0):1.527|3.027, 4437(0):0.297|1.475, 445(0):0.141|0.197, 440(0):1.691|1.839, 449(0):4.881|5.040
1020, 4425(0):1.497|1.921, 4431(0):0.294|0.467, 443(0):0.140|0.177, 443(0):1.671|1.754, 443(0):4.798|6.300
1030, 4265(0):1.475|1.676, 4261(0):0.293|0.360, 425(0):0.140|0.160, 425(0):1.664|1.781, 425(0):4.662|5.915
1040, 4426(0):1.530|4.985, 4423(0):0.300|0.570, 443(0):0.145|0.156, 445(0):1.727|1.880, 443(0):4.911|6.407
1050, 4692(0):1.530|1.921, 4693(0):0.298|1.161, 470(0):0.149|0.160, 468(0):1.725|1.754, 470(0):4.802|5.022
1060, 4626(0):1.503|3.795, 4630(0):0.292|2.004, 462(0):0.145|0.161, 465(0):1.710|1.754, 462(0):4.890|5.355
1070, 4483(0):1.484|2.904, 4482(0):0.298|0.429, 449(0):0.138|0.152, 448(0):1.693|1.807, 448(0):4.736|5.087
1080, 4367(0):1.501|3.258, 4364(0):0.299|1.567, 436(0):0.146|0.174, 438(0):1.694|2.331, 436(0):4.943|5.572
1090, 4328(0):1.489|2.894, 4325(0):0.298|1.256, 433(0):0.154|0.162, 430(0):1.686|1.799, 432(0):4.786|5.367
1100, 4463(0):1.504|2.679, 4469(0):0.295|0.440, 446(0):0.140|0.151, 446(0):1.674|1.759, 448(0):4.819|5.187
1110, 4628(0):1.503|1.789, 4628(0):0.295|2.190, 463(0):0.149|0.217, 466(0):1.689|3.051, 457(0):5.052|5.727
1120, 4595(0):1.477|3.262, 4594(0):0.295|0.365, 460(0):0.148|0.182, 460(0):1.689|1.855, 461(0):4.832|5.560
1130, 4282(0):1.500|2.086, 4287(0):0.293|0.342, 428(0):0.145|0.160, 428(0):1.705|2.414, 431(0):4.724|6.624
1140, 4281(0):1.505|1.673, 4267(0):0.297|0.380, 428(0):0.151|0.187, 427(0):1.675|1.795, 427(0):4.538|5.018
1150, 4364(0):1.447|1.709, 4377(0):0.299|1.030, 436(0):0.144|0.175, 435(0):1.681|1.736, 440(0):4.316|5.140
1160, 4580(0):1.494|1.793, 4582(0):0.296|2.278, 458(0):0.149|0.181, 460(0):1.682|1.750, 457(0):4.671|5.158
1170, 4531(0):1.484|1.662, 4532(0):0.296|1.232, 454(0):0.144|0.158, 452(0):1.689|4.591, 454(0):4.778|5.248
1180, 4599(0):1.520|3.077, 4595(0):0.301|0.368, 459(0):0.143|0.182, 458(0):1.693|1.838, 459(0):4.873|5.131
1190, 4431(0):1.462|2.671, 4432(0):0.294|0.419, 444(0):0.141|0.150, 445(0):1.648|1.769, 444(0):4.613|5.021
1200, 4307(0):1.527|2.939, 4302(0):0.294|0.497, 430(0):0.149|0.181, 430(0):1.706|5.516, 431(0):4.760|5.121
1210, 4396(0):1.485|4.801, 4399(0):0.297|1.042, 441(0):0.147|0.172, 442(0):1.681|1.744, 439(0):4.725|4.868
1220, 4505(1):1.495|7.718, 4503(0):0.299|0.409, 450(0):0.142|0.174, 450(0):1.702|2.154, 451(0):4.681|5.182
1230, 4500(0):1.455|1.753, 4500(0):0.298|0.473, 450(0):0.137|0.145, 448(0):1.660|1.837, 449(0):4.727|5.103
1240, 4500(1):1.462|8.901, 4495(0):0.299|0.516, 450(0):0.137|0.156, 452(0):1.663|3.267, 447(0):4.739|5.538
1250, 4391(0):1.471|2.063, 4385(0):0.293|0.671, 438(0):0.141|0.151, 439(0):1.651|2.741, 438(0):4.762|5.227
1260, 4367(0):1.487|3.425, 4376(0):0.296|0.655, 438(0):0.143|0.164, 436(0):1.785|3.487, 437(0):4.605|5.342
1270, 4505(0):1.502|2.210, 4501(0):0.291|0.420, 449(0):0.136|0.198, 451(0):1.707|3.395, 451(0):4.761|5.185
1280, 4486(0):1.518|1.639, 4487(0):0.298|0.354, 449(0):0.140|0.186, 448(0):1.663|1.735, 449(0):4.730|5.191
1290, 4487(0):1.496|3.352, 4489(0):0.293|0.417, 449(0):0.142|0.149, 449(0):1.655|1.713, 451(0):4.682|5.092
1300, 4447(0):1.461|4.156, 4443(0):0.293|1.348, 445(0):0.140|0.148, 442(0):1.683|1.741, 446(0):4.864|5.323
1310, 4385(0):1.489|2.826, 4386(0):0.299|0.364, 438(0):0.143|0.172, 441(0):1.690|2.082, 438(0):4.744|5.080
1320, 4305(0):1.493|2.557, 4310(0):0.297|0.422, 431(0):0.152|0.193, 429(0):1.739|1.786, 431(0):4.590|5.007
1330, 4436(0):1.534|2.262, 4431(0):0.301|1.523, 443(0):0.148|0.193, 446(0):1.662|1.735, 443(0):4.841|5.241
1340, 4386(0):1.463|3.356, 4389(0):0.294|0.396, 439(0):0.141|0.310, 435(0):1.655|1.720, 439(0):4.853|5.362
1350, 4488(0):1.473|3.968, 4483(0):0.296|0.387, 449(0):0.144|0.159, 451(0):1.657|1.719, 449(0):4.720|8.073
1360, 4491(0):1.522|2.163, 4493(0):0.300|0.386, 450(0):0.143|0.156, 449(0):1.681|1.727, 450(0):4.862|5.451
1370, 4340(1):1.547|5.767, 4343(0):0.305|2.257, 433(0):0.142|0.265, 434(0):1.772|6.206, 433(0):4.871|7.465
1380, 4189(0):1.563|3.204, 4185(0):0.307|0.473, 420(0):0.150|0.195, 420(0):1.695|2.639, 420(0):4.710|5.211
1390, 4309(0):1.451|1.660, 4312(0):0.295|0.367, 431(0):0.143|0.161, 431(0):1.663|1.867, 430(0):4.624|4.998
1400, 4436(1):1.501|5.124, 4435(0):0.297|0.547, 443(0):0.155|0.250, 442(0):1.660|1.787, 444(0):4.781|5.544
1410, 4476(0):1.464|2.624, 4480(0):0.293|0.374, 448(0):0.142|0.172, 448(0):1.627|1.681, 447(0):4.634|5.228
1420, 4559(0):1.477|1.698, 4562(0):0.300|0.792, 456(0):0.139|0.158, 456(0):1.680|2.130, 456(0):4.852|5.379
1430, 4318(1):1.430|5.734, 4311(0):0.292|0.358, 432(0):0.141|0.224, 433(0):1.593|1.823, 431(0):4.571|5.044
1440, 4395(0):1.473|2.164, 4393(0):0.292|0.614, 439(0):0.136|0.146, 438(0):1.627|1.798, 439(0):4.745|5.310
1450, 4416(0):1.544|1.742, 4418(0):0.297|0.448, 442(0):0.141|0.208, 444(0):1.701|1.740, 443(0):4.899|5.050
1460, 4413(0):1.544|1.680, 4404(0):0.298|1.227, 441(0):0.138|0.206, 441(0):1.721|3.525, 441(0):4.689|5.064
1470, 4520(0):1.494|2.046, 4524(0):0.296|0.687, 452(0):0.141|0.163, 452(0):1.674|1.814, 449(0):4.926|6.757
1480, 4451(0):1.463|3.144, 4449(0):0.303|0.388, 445(0):0.141|0.162, 444(0):1.681|5.588, 445(0):4.822|5.203
1490, 4506(0):1.503|1.725, 4507(0):0.298|0.614, 450(0):0.151|0.201, 451(0):1.676|1.783, 454(0):4.496|5.068
1500, 4253(1):1.526|9.346, 4253(0):0.299|0.608, 426(0):0.141|0.158, 426(0):1.684|1.800, 424(0):4.757|9.600
1510, 4377(1):1.502|6.501, 4374(0):0.300|2.757, 437(0):0.142|0.177, 436(0):1.659|2.249, 436(0):4.782|5.889
1520, 4525(0):1.452|3.903, 4523(0):0.293|1.639, 453(0):0.144|0.170, 455(0):1.630|1.718, 452(0):4.571|5.702
1530, 4473(0):1.491|1.693, 4484(0):0.298|0.388, 448(0):0.143|0.163, 444(0):1.668|3.611, 452(0):4.717|5.250
1540, 4411(0):1.501|1.689, 4412(0):0.295|0.447, 442(0):0.150|0.162, 446(0):1.719|1.755, 441(0):4.790|5.514
1550, 4443(0):1.505|3.490, 4443(0):0.295|0.421, 443(0):0.145|0.169, 443(0):1.748|2.428, 444(0):4.764|5.086
1560, 4363(0):1.518|1.731, 4364(0):0.297|0.364, 437(0):0.142|1.892, 433(0):1.720|2.254, 436(0):4.927|5.133
1570, 4194(0):1.510|3.262, 4187(0):0.304|2.300, 419(0):0.136|0.163, 423(0):1.679|1.824, 416(0):4.457|5.114
1580, 4520(0):1.520|1.929, 4523(0):0.296|0.412, 452(0):0.142|0.180, 453(0):1.674|1.732, 452(0):4.985|5.288
1590, 4505(0):1.533|2.629, 4504(0):0.296|0.389, 450(0):0.135|0.167, 449(0):1.677|2.265, 452(0):4.760|5.533
1600, 4475(0):1.487|2.470, 4478(0):0.300|0.386, 448(0):0.141|0.181, 448(0):1.646|2.962, 447(0):4.695|4.973
1610, 4338(0):1.511|3.820, 4333(0):0.298|0.364, 434(0):0.139|0.166, 432(0):1.714|2.013, 437(0):4.912|5.258
1620, 4306(1):1.486|7.758, 4312(0):0.299|0.395, 431(0):0.139|0.161, 433(0):1.656|2.691, 431(0):4.930|5.372
1630, 4381(0):1.526|3.889, 4380(0):0.298|1.998, 438(0):0.138|0.149, 438(0):1.691|3.529, 437(0):4.908|5.104
1640, 4486(0):1.538|1.790, 4484(0):0.295|0.354, 449(0):0.148|0.173, 446(0):1.731|1.940, 445(0):4.898|5.484
1650, 4469(0):1.498|4.422, 4475(0):0.300|2.092, 446(0):0.144|0.713, 449(0):1.698|3.271, 447(0):4.943|5.372
1660, 4342(0):1.468|1.767, 4342(0):0.295|0.401, 435(0):0.142|0.173, 435(0):1.706|2.200, 434(0):4.565|5.406
1670, 4277(0):1.483|3.236, 4274(0):0.291|0.382, 427(0):0.146|0.149, 426(0):1.595|1.655, 428(0):4.668|5.103
1680, 4323(0):1.528|2.826, 4321(0):0.295|0.550, 432(0):0.145|0.174, 432(0):1.676|1.784, 434(0):4.652|5.125
1690, 4449(0):1.511|2.552, 4443(0):0.294|0.410, 445(0):0.142|0.164, 445(0):1.698|5.884, 444(0):4.931|5.489
1700, 4244(0):1.505|2.029, 4249(0):0.297|1.584, 425(0):0.146|0.187, 424(0):1.666|1.728, 425(0):4.851|5.442
1710, 4662(0):1.543|2.412, 4669(1):0.299|8.012, 467(0):0.152|0.209, 466(0):1.714|1.769, 470(0):4.842|5.057
1720, 4427(0):1.494|1.723, 4422(0):0.296|1.328, 442(0):0.137|0.148, 443(0):1.709|1.869, 443(0):4.744|4.903
1730, 4426(0):1.510|3.726, 4423(0):0.295|0.413, 442(0):0.144|0.187, 442(0):1.674|1.738, 442(0):4.679|5.033
1740, 4339(0):1.501|2.589, 4336(0):0.294|0.552, 434(0):0.142|0.178, 437(0):1.646|1.780, 428(0):4.711|5.318
1750, 4280(0):1.520|3.449, 4282(0):0.297|3.488, 428(0):0.141|0.171, 426(0):1.742|1.964, 429(0):4.784|8.382
1760, 4280(0):1.478|3.799, 4276(0):0.295|2.632, 429(0):0.142|0.179, 427(0):1.662|3.563, 431(0):4.697|5.451
1770, 4504(0):1.516|2.609, 4508(0):0.297|0.801, 450(0):0.141|0.164, 452(0):1.689|2.955, 451(0):4.727|5.041
1780, 4184(1):1.470|5.645, 4180(0):0.295|1.989, 418(0):0.142|0.162, 419(0):1.641|1.696, 420(0):4.604|5.043
1790, 4509(0):1.489|4.124, 4510(0):0.298|0.386, 451(0):0.145|0.175, 450(0):1.650|1.772, 450(0):4.694|5.184
1800, 4393(0):1.478|2.172, 4394(0):0.295|0.403, 440(0):0.141|0.168, 441(0):1.729|3.207, 440(0):4.782|5.335
1810, 4322(1):1.507|5.374, 4321(0):0.297|0.582, 432(0):0.141|0.159, 430(0):1.749|3.440, 431(0):4.673|5.380
1820, 4273(1):1.489|5.006, 4266(0):0.294|0.364, 427(0):0.147|0.201, 430(0):1.666|1.764, 423(0):4.934|6.855
1830, 4567(0):1.493|3.519, 4574(0):0.297|4.091, 456(0):0.146|0.178, 455(0):1.651|2.038, 457(0):4.741|6.285
1840, 4242(1):1.479|5.223, 4238(0):0.293|0.677, 425(0):0.136|0.149, 425(0):1.707|3.578, 423(0):4.743|4.966
1850, 4388(0):1.504|1.682, 4394(0):0.296|0.419, 439(0):0.144|0.181, 440(0):1.740|2.146, 440(0):4.920|5.369
1860, 4250(0):1.501|1.662, 4248(0):0.298|0.465, 425(0):0.144|0.172, 422(0):1.749|1.764, 430(0):4.817|5.141
1870, 4321(0):1.531|2.495, 4317(0):0.299|2.116, 432(0):0.144|0.164, 432(0):1.702|1.748, 432(0):4.765|5.137
1880, 4390(0):1.480|3.675, 4392(0):0.297|1.708, 439(0):0.148|0.172, 439(0):1.647|1.703, 439(0):4.733|4.806
1890, 4526(0):1.475|3.308, 4526(0):0.303|0.413, 452(0):0.144|0.157, 453(0):1.681|5.685, 452(0):4.708|5.257
1900, 4299(0):1.474|2.027, 4302(1):0.292|8.872, 431(0):0.141|0.211, 430(0):1.634|1.702, 431(0):4.677|5.656
1910, 4263(0):1.448|2.943, 4249(0):0.292|0.376, 425(0):0.142|0.151, 426(0):1.651|1.818, 423(0):4.603|4.939
1920, 4220(0):1.469|1.748, 4228(0):0.297|1.358, 424(0):0.139|0.157, 422(0):1.639|1.771, 425(0):4.746|5.158
1930, 4386(0):1.509|3.883, 4386(0):0.299|1.983, 437(0):0.140|0.189, 438(0):1.666|2.309, 438(0):4.862|5.255
1940, 4269(0):1.499|2.936, 4267(0):0.297|0.939, 427(0):0.144|0.156, 425(0):1.677|3.512, 427(0):4.744|4.931
1950, 4484(1):1.500|7.112, 4485(0):0.293|2.242, 448(0):0.152|0.235, 451(0):1.623|1.709, 445(0):4.651|4.994
1960, 4307(0):1.507|1.738, 4306(0):0.294|0.404, 432(0):0.147|0.353, 432(0):1.659|1.762, 434(0):4.621|5.583
1970, 4369(0):1.492|4.337, 4370(0):0.297|0.658, 436(0):0.142|0.176, 432(0):1.661|2.150, 438(0):4.524|5.493
1980, 4316(0):1.518|2.257, 4315(0):0.295|1.600, 432(0):0.141|0.957, 434(0):1.715|2.008, 428(0):4.740|4.937
1990, 4287(0):1.462|2.291, 4287(0):0.297|0.366, 429(0):0.150|0.186, 428(0):1.668|1.749, 429(0):4.827|5.324
2000, 4396(0):1.530|3.901, 4395(0):0.299|1.020, 438(0):0.142|0.185, 440(0):1.667|1.726, 439(0):4.820|5.333
2010, 4461(0):1.517|2.891, 4463(0):0.297|2.661, 447(0):0.142|0.181, 446(0):1.696|1.817, 448(0):4.765|5.483
2020, 4339(0):1.487|2.314, 4340(0):0.296|0.710, 435(0):0.144|0.169, 435(0):1.651|1.719, 435(0):4.719|5.070
2030, 4277(0):1.519|2.652, 4273(0):0.299|1.771, 427(0):0.143|0.156, 427(0):1.692|1.877, 426(0):4.821|5.031
2040, 4254(0):1.513|4.371, 4255(0):0.297|0.382, 426(0):0.138|0.151, 426(0):1.666|2.043, 424(0):4.931|5.354
2050, 4221(0):1.472|2.962, 4218(0):0.292|0.531, 422(0):0.136|0.151, 419(0):1.618|1.679, 424(0):4.722|5.422
2060, 4476(0):1.509|3.989, 4483(0):0.296|0.403, 448(0):0.144|0.199, 450(0):1.709|2.957, 450(0):4.702|5.053
2070, 4410(0):1.523|2.676, 4414(0):0.300|0.501, 442(0):0.147|0.193, 441(0):1.696|3.353, 441(0):4.844|5.746
2080, 4210(1):1.521|5.479, 4204(0):0.297|0.364, 420(0):0.140|0.179, 422(0):1.644|1.733, 420(0):4.729|5.150
2090, 4236(0):1.452|2.794, 4241(0):0.293|0.495, 424(0):0.136|0.144, 425(0):1.717|1.767, 419(0):4.630|5.068
2100, 4297(0):1.529|4.221, 4294(0):0.302|0.402, 429(0):0.147|0.183, 430(0):1.720|1.822, 429(0):4.977|5.363
2110, 4326(0):1.477|3.964, 4330(0):0.293|0.389, 433(0):0.148|0.187, 432(0):1.686|1.717, 439(0):4.779|5.517
2120, 4331(0):1.468|1.661, 4323(0):0.298|0.370, 433(0):0.156|0.203, 432(0):1.626|1.705, 430(0):4.568|5.067
2130, 4345(0):1.508|4.265, 4344(0):0.295|2.118, 434(0):0.145|0.164, 435(0):1.679|8.006, 432(0):4.837|5.501
2140, 4220(0):1.490|3.234, 4220(0):0.295|1.742, 422(0):0.143|0.187, 424(0):1.674|1.755, 423(0):4.835|5.183
2150, 4357(0):1.498|3.253, 4359(0):0.295|2.182, 436(0):0.134|0.144, 435(0):1.631|2.901, 435(0):4.598|7.153
2160, 4238(0):1.486|2.955, 4242(0):0.295|0.379, 424(0):0.145|0.158, 420(0):1.700|5.439, 429(0):4.579|4.809
2170, 4247(0):1.491|4.327, 4243(0):0.295|0.437, 425(0):0.140|0.155, 426(0):1.689|2.009, 420(0):4.560|5.001
2180, 4366(0):1.460|1.870, 4363(0):0.294|0.392, 436(0):0.136|2.188, 440(0):1.632|2.743, 436(0):4.582|5.281
2190, 4415(1):1.464|5.949, 4418(0):0.290|2.272, 442(0):0.148|0.172, 440(0):1.649|1.777, 443(0):4.654|5.138
2200, 4234(0):1.461|4.143, 4235(0):0.297|1.883, 423(0):0.144|0.332, 422(0):1.605|2.024, 422(0):4.581|5.066
2210, 4241(0):1.476|1.719, 4236(0):0.297|2.309, 424(0):0.143|0.172, 425(0):1.698|2.333, 425(0):4.757|5.072
2220, 4278(0):1.475|4.571, 4275(0):0.293|0.557, 428(0):0.135|0.206, 427(0):1.667|1.834, 428(0):4.766|5.126
2230, 4193(0):1.499|2.564, 4200(0):0.296|0.539, 420(0):0.138|0.160, 420(0):1.693|2.247, 418(0):4.546|5.077
2240, 4372(0):1.484|2.665, 4375(0):0.296|1.275, 437(0):0.142|0.173, 436(0):1.680|1.867, 441(0):4.808|7.125
2250, 4394(1):1.514|7.292, 4390(0):0.298|0.516, 440(0):0.142|0.165, 440(0):1.694|1.868, 441(0):4.768|4.890
2260, 4415(0):1.502|2.619, 4419(0):0.298|1.753, 441(0):0.141|0.159, 443(0):1.652|1.701, 441(0):4.890|4.976
2270, 4224(0):1.509|3.492, 4222(0):0.292|0.858, 423(0):0.138|0.152, 421(0):1.699|1.762, 424(0):4.564|5.058
2280, 4293(0):1.506|4.512, 4291(0):0.302|2.005, 429(0):0.145|0.183, 429(0):1.696|1.789, 428(0):4.610|9.938
2290, 4246(0):1.510|2.928, 4250(0):0.298|0.440, 424(0):0.138|0.159, 423(0):1.697|1.726, 425(0):4.644|4.993
2300, 4350(0):1.494|1.984, 4347(0):0.299|2.405, 436(0):0.145|0.393, 437(0):1.664|2.231, 434(0):4.660|5.038
2310, 4381(1):1.471|8.567, 4382(0):0.294|0.358, 438(0):0.140|0.159, 438(0):1.648|1.759, 439(0):4.704|5.428
2320, 4340(0):1.479|1.868, 4341(0):0.298|0.380, 434(0):0.139|0.159, 435(0):1.622|4.007, 434(0):4.771|5.252
2330, 4297(0):1.451|2.040, 4296(0):0.293|0.375, 429(0):0.135|0.190, 429(0):1.667|1.766, 430(0):4.415|4.702
2340, 4324(0):1.500|1.749, 4309(0):0.296|0.379, 432(0):0.155|0.192, 431(0):1.681|3.352, 431(0):4.832|7.940
2350, 4253(0):1.478|3.738, 4265(0):0.295|0.396, 426(0):0.153|1.359, 427(0):1.652|5.441, 426(0):4.811|5.247
2360, 4140(0):1.527|3.434, 4140(0):0.296|4.009, 414(0):0.147|0.157, 416(0):1.700|2.232, 410(0):4.917|5.639
2370, 4288(0):1.494|3.516, 4277(0):0.299|0.377, 428(0):0.135|0.155, 427(0):1.642|1.806, 430(0):4.446|4.765
2380, 4286(0):1.470|2.164, 4300(0):0.300|0.873, 430(0):0.139|0.203, 426(0):1.690|1.793, 432(0):4.639|5.005
2390, 4152(0):1.510|2.312, 4146(0):0.299|0.353, 415(0):0.144|0.153, 416(0):1.674|2.279, 416(0):4.903|5.729
2400, 4388(0):1.474|1.658, 4390(0):0.297|4.497, 439(0):0.147|0.158, 440(0):1.673|5.892, 439(0):4.325|4.611
2410, 4276(0):1.485|4.848, 4278(0):0.298|0.474, 427(0):0.139|0.177, 426(0):1.645|1.719, 428(0):4.794|5.419
2420, 4238(0):1.534|4.654, 4235(0):0.301|0.792, 425(0):0.141|0.154, 425(0):1.729|1.821, 423(0):4.667|5.217
2430, 4207(1):1.522|5.325, 4211(0):0.297|3.187, 421(0):0.139|0.148, 422(0):1.699|1.774, 421(0):4.786|5.207
2440, 4414(0):1.485|1.946, 4409(0):0.298|0.635, 441(0):0.138|0.153, 441(0):1.658|1.745, 441(0):4.694|5.083
2450, 4315(0):1.491|1.658, 4313(0):0.298|0.403, 431(0):0.139|0.203, 430(0):1.667|1.996, 431(0):4.575|5.346
2460, 4254(0):1.455|1.754, 4255(0):0.295|0.608, 425(0):0.149|0.171, 427(0):1.646|2.226, 426(0):4.685|5.300
2470, 4218(0):1.471|3.167, 4219(0):0.298|0.683, 422(0):0.139|0.147, 421(0):1.654|1.771, 422(0):4.438|4.888
2480, 4311(0):1.553|2.849, 4303(0):0.300|0.388, 432(0):0.140|0.179, 430(0):1.769|1.848, 431(0):4.868|5.466
2490, 4200(0):1.503|4.349, 4208(0):0.295|0.353, 419(0):0.139|0.160, 422(0):1.676|1.808, 420(0):4.652|5.125
2500, 4322(0):1.478|2.901, 4315(0):0.300|0.452, 433(0):0.144|0.155, 430(0):1.656|1.716, 433(0):4.624|5.315
2510, 4226(0):1.507|3.744, 4236(0):0.293|3.048, 423(0):0.135|0.146, 424(0):1.705|2.855, 422(0):4.653|5.216
2520, 4303(0):1.499|4.615, 4293(0):0.296|1.029, 430(0):0.143|0.160, 430(0):1.691|3.071, 429(0):4.948|5.027
2530, 4295(0):1.507|3.226, 4303(0):0.300|0.413, 429(0):0.139|0.156, 430(0):1.677|1.757, 431(0):4.729|5.580
2540, 4092(0):1.503|1.761, 4085(0):0.300|0.401, 409(0):0.148|0.214, 409(0):1.630|1.761, 405(0):4.901|5.444
2550, 4106(0):1.426|1.659, 4101(0):0.298|0.447, 411(0):0.146|0.158, 411(0):1.628|1.661, 414(0):4.373|4.748
2560, 4167(1):1.517|5.231, 4172(0):0.300|2.557, 417(0):0.139|0.151, 414(0):1.755|3.420, 418(0):4.968|5.161
2570, 4264(0):1.484|3.429, 4271(0):0.296|2.243, 427(0):0.144|0.165, 427(0):1.659|1.769, 427(0):4.700|4.937
2580, 4249(0):1.532|2.990, 4245(0):0.297|0.648, 424(0):0.141|0.158, 426(0):1.719|7.109, 424(0):4.915|7.966
2590, 4360(0):1.468|1.806, 4366(0):0.299|1.451, 437(0):0.139|0.153, 437(0):1.656|2.466, 436(0):4.739|6.999
2600, 4063(0):1.528|3.178, 4052(0):0.299|0.480, 406(0):0.137|0.186, 406(0):1.655|1.759, 403(0):4.664|4.922
2610, 4209(1):1.484|5.448, 4205(0):0.302|0.612, 420(0):0.144|0.168, 423(0):1.632|1.729, 420(0):4.666|5.458
2620, 4169(0):1.516|3.261, 4173(0):0.303|0.635, 417(0):0.151|0.161, 415(0):1.699|1.980, 419(0):4.626|5.397
2630, 4274(0):1.512|1.686, 4273(0):0.298|0.411, 427(0):0.138|0.161, 430(0):1.718|2.796, 423(0):4.673|5.153
2640, 4082(0):1.493|1.701, 4080(0):0.298|0.504, 409(0):0.139|0.152, 407(0):1.717|3.557, 411(0):4.708|5.518
2650, 4423(0):1.503|1.987, 4428(0):0.298|0.604, 443(0):0.138|0.217, 442(0):1.651|1.810, 441(0):4.862|5.333
2660, 4233(0):1.523|3.930, 4230(0):0.299|0.396, 423(0):0.139|0.165, 425(0):1.641|1.767, 427(0):4.665|5.367
2670, 4213(0):1.466|1.954, 4214(0):0.296|2.585, 421(0):0.139|0.170, 419(0):1.642|1.737, 424(0):4.624|5.098
2680, 4224(0):1.541|3.166, 4233(0):0.298|0.490, 423(0):0.142|0.172, 421(0):1.683|1.770, 423(0):4.859|5.297
2690, 4274(0):1.521|3.090, 4269(0):0.299|0.713, 428(0):0.141|0.154, 428(0):1.732|3.911, 427(0):4.818|5.092
2700, 4169(0):1.492|1.674, 4165(0):0.299|0.390, 417(0):0.146|0.176, 420(0):1.717|2.188, 417(0):4.912|6.795
2710, 4270(0):1.468|2.807, 4275(0):0.297|3.262, 426(0):0.142|0.173, 424(0):1.670|1.795, 426(0):4.700|5.138
2720, 4338(0):1.499|2.628, 4330(0):0.294|4.349, 434(0):0.138|0.165, 435(0):1.661|3.187, 434(0):4.817|5.105
2730, 4130(0):1.483|1.930, 4126(0):0.293|0.528, 411(0):0.145|0.152, 414(0):1.723|2.285, 409(0):4.622|5.235
2740, 4205(0):1.497|1.712, 4202(0):0.296|0.392, 422(0):0.143|0.154, 421(0):1.664|1.743, 422(0):4.854|5.132
2750, 4226(0):1.480|3.043, 4232(0):0.295|1.946, 422(0):0.143|0.157, 420(0):1.637|1.736, 420(0):4.749|5.393
2760, 4204(0):1.494|2.134, 4208(0):0.300|0.384, 421(0):0.143|0.190, 420(0):1.645|1.851, 425(0):4.807|5.224
2770, 4232(0):1.470|4.673, 4232(0):0.300|3.208, 422(0):0.146|0.169, 424(0):1.725|2.694, 424(0):4.836|5.405
2780, 4292(0):1.511|2.970, 4289(0):0.298|0.463, 430(0):0.142|0.169, 429(0):1.718|1.782, 429(0):4.840|5.009
2790, 4248(1):1.480|6.057, 4246(0):0.297|2.257, 425(0):0.146|0.193, 424(0):1.656|1.692, 425(0):4.737|5.062
2800, 4112(1):1.468|6.030, 4118(0):0.300|2.144, 411(0):0.150|0.179, 412(0):1.682|3.214, 412(0):4.618|5.352
2810, 4375(0):1.536|3.043, 4371(0):0.296|0.353, 438(0):0.139|0.151, 437(0):1.645|1.720, 437(0):4.736|5.059
2820, 4073(0):1.497|4.958, 4077(0):0.299|0.695, 407(0):0.141|0.173, 409(0):1.686|1.890, 407(0):4.580|4.857
2830, 4281(0):1.510|4.649, 4282(0):0.297|0.875, 428(0):0.139|0.167, 427(0):1.667|2.197, 428(0):4.881|5.559
2840, 4285(0):1.518|2.861, 4281(0):0.297|0.565, 428(0):0.143|0.181, 428(0):1.703|1.949, 428(0):4.678|7.650
2850, 4278(0):1.499|2.740, 4278(0):0.295|0.522, 428(0):0.149|0.178, 428(0):1.680|1.774, 428(0):4.779|5.347
2860, 4026(0):1.524|4.692, 4028(0):0.300|0.446, 403(0):0.144|0.222, 405(0):1.703|1.756, 399(0):4.950|5.126
2870, 4207(0):1.499|1.701, 4202(0):0.300|0.575, 421(0):0.138|0.158, 420(0):1.665|1.749, 419(0):4.704|4.958
2880, 4226(0):1.486|4.305, 4234(0):0.297|0.875, 423(0):0.141|0.164, 422(0):1.643|1.825, 427(0):4.590|5.184
2890, 4255(0):1.526|4.186, 4244(0):0.298|0.346, 425(0):0.151|0.199, 424(0):1.666|2.726, 426(0):4.713|5.002
2900, 4293(0):1.543|2.973, 4303(0):0.297|1.876, 430(0):0.143|0.365, 433(0):1.755|4.591, 431(0):4.885|5.634
2910, 4230(1):1.497|7.376, 4219(0):0.299|2.741, 422(0):0.143|0.198, 421(0):1.658|1.734, 419(0):4.967|6.223
2920, 4209(0):1.526|1.680, 4219(0):0.301|0.585, 422(0):0.138|0.170, 422(0):1.661|1.721, 424(0):4.611|5.408
2930, 4257(0):1.481|3.685, 4254(0):0.291|0.361, 426(0):0.139|0.182, 425(0):1.651|1.789, 424(0):4.821|5.173
2940, 4263(0):1.501|4.142, 4262(0):0.297|1.784, 426(0):0.139|0.163, 426(0):1.657|2.350, 428(0):4.835|5.403
2950, 4153(0):1.480|3.731, 4156(0):0.296|2.340, 415(0):0.137|0.156, 415(0):1.635|1.737, 415(0):4.766|5.143
2960, 4229(0):1.503|2.764, 4225(0):0.299|0.483, 423(0):0.142|0.161, 423(0):1.686|2.951, 424(0):4.561|4.995
2970, 4167(0):1.470|3.880, 4170(0):0.296|1.090, 417(0):0.138|0.186, 418(0):1.599|1.709, 415(0):4.530|6.855
2980, 4149(0):1.521|3.100, 4146(0):0.302|3.670, 414(0):0.142|0.164, 413(0):1.728|1.799, 412(0):4.813|5.427
2990, 4260(0):1.478|2.053, 4258(0):0.294|0.769, 427(0):0.144|0.175, 429(0):1.676|1.779, 429(0):4.592|4.915
3000, 4231(0):1.490|3.160, 4229(0):0.299|1.726, 423(0):0.144|0.168, 422(0):1.678|1.718, 422(0):4.738|5.669
3010, 4137(1):1.519|6.074, 4137(0):0.298|1.827, 413(0):0.144|0.177, 413(0):1.677|1.774, 413(0):4.737|5.235
3020, 4347(0):1.486|3.707, 4356(0):0.299|2.575, 436(0):0.139|0.165, 434(0):1.632|1.717, 438(0):4.827|5.150
3030, 4239(0):1.464|4.330, 4236(0):0.295|0.397, 424(0):0.143|0.159, 425(0):1.649|1.754, 424(0):4.935|5.158
3040, 4147(0):1.530|1.760, 4145(0):0.299|0.377, 414(0):0.143|0.174, 414(0):1.708|1.740, 415(0):4.723|4.943
3050, 4188(0):1.511|2.936, 4186(0):0.298|0.488, 419(0):0.150|0.278, 420(0):1.720|1.902, 418(0):4.815|5.070
3060, 4171(0):1.477|1.960, 4169(0):0.297|0.363, 417(0):0.140|0.163, 417(0):1.705|2.157, 418(0):4.817|6.716
3070, 4216(0):1.519|2.267, 4227(0):0.302|3.520, 422(0):0.153|0.214, 421(0):1.751|2.242, 421(0):5.099|5.736
3080, 4262(0):1.478|2.960, 4257(0):0.298|0.389, 426(0):0.141|0.150, 425(0):1.670|1.739, 425(0):4.637|5.153
3090, 4317(0):1.506|3.113, 4322(0):0.298|0.379, 432(0):0.141|0.257, 432(0):1.675|5.409, 434(0):4.651|4.929
3100, 4194(0):1.506|2.410, 4181(0):0.301|1.820, 418(0):0.141|0.165, 418(0):1.644|1.746, 417(0):4.690|5.116
3110, 3987(0):1.489|4.056, 4000(0):0.297|0.400, 400(0):0.143|0.194, 402(0):1.671|1.741, 399(0):4.666|4.919
3120, 4233(0):1.513|2.242, 4223(0):0.292|1.384, 423(0):0.144|0.164, 421(0):1.696|3.719, 422(0):4.639|5.212
3130, 4136(0):1.509|2.321, 4137(0):0.301|0.345, 414(0):0.147|0.180, 413(0):1.710|2.409, 417(0):4.585|5.111
3140, 4170(0):1.490|3.065, 4174(0):0.293|0.621, 417(0):0.138|0.170, 420(0):1.672|1.880, 417(0):4.681|5.125
3150, 4324(0):1.511|2.182, 4323(0):0.294|0.433, 433(0):0.145|0.190, 433(0):1.656|2.655, 433(0):4.888|5.191
3160, 4132(0):1.545|4.933, 4131(0):0.296|0.428, 412(0):0.150|0.190, 412(0):1.723|1.825, 412(0):4.943|5.487
3170, 4118(0):1.466|3.654, 4118(0):0.291|2.662, 412(0):0.141|2.041, 411(0):1.604|1.728, 412(0):4.427|5.456
3180, 4262(0):1.488|4.256, 4264(0):0.295|1.313, 426(0):0.143|0.169, 425(0):1.715|3.676, 425(0):4.657|5.269
3190, 3962(0):1.512|4.468, 3956(0):0.303|1.447, 396(0):0.139|0.188, 398(0):1.683|1.750, 392(0):4.801|5.050
3200, 4030(0):1.487|3.755, 4033(0):0.297|0.400, 403(0):0.145|0.191, 404(0):1.676|3.853, 407(0):4.652|5.814
3210, 4108(0):1.485|2.856, 4108(0):0.297|0.748, 412(0):0.137|0.149, 407(0):1.665|9.159, 413(0):4.586|4.858
3220, 4221(0):1.493|3.276, 4215(0):0.294|0.380, 422(0):0.146|0.273, 425(0):1.686|1.823, 421(0):4.838|5.405
3230, 4062(0):1.498|2.537, 4065(0):0.299|0.692, 406(0):0.144|0.228, 404(0):1.644|1.769, 407(0):4.768|5.918
3240, 4287(0):1.506|4.078, 4291(0):0.300|0.925, 428(0):0.147|0.193, 432(0):1.683|2.188, 429(0):4.738|5.219
3250, 4190(0):1.507|4.440, 4189(0):0.302|0.558, 419(0):0.152|0.208, 417(0):1.707|3.900, 418(0):4.633|5.688
3260, 4108(1):1.517|5.192, 4098(0):0.295|0.372, 411(0):0.142|0.157, 411(0):1.680|2.692, 409(0):4.589|5.552
3270, 4138(0):1.453|3.481, 4145(0):0.298|0.395, 414(0):0.142|0.162, 414(0):1.681|4.512, 413(0):4.749|5.275
3280, 4163(0):1.488|3.740, 4170(0):0.299|1.957, 417(0):0.139|0.190, 418(0):1.667|1.774, 420(0):4.933|5.279
3290, 3983(0):1.458|2.631, 3981(0):0.294|0.849, 398(0):0.151|0.177, 396(0):1.648|1.712, 398(0):4.515|5.000
3300, 4097(0):1.498|2.444, 4092(0):0.300|1.785, 409(0):0.141|0.148, 409(0):1.661|1.752, 410(0):4.525|5.379
3310, 4263(0):1.529|3.571, 4264(0):0.301|1.341, 427(0):0.142|0.323, 426(0):1.700|1.790, 426(0):4.837|5.064
3320, 4196(0):1.496|1.688, 4200(0):0.300|1.697, 419(0):0.145|0.159, 422(0):1.673|4.496, 419(0):4.662|5.107
3330, 4065(0):1.494|2.008, 4061(0):0.291|4.866, 407(0):0.137|0.167, 405(0):1.646|1.690, 407(0):4.434|4.660
3340, 4221(0):1.475|2.691, 4222(0):0.297|2.359, 423(0):0.150|0.184, 423(0):1.652|1.747, 422(0):4.905|5.664
3350, 4155(0):1.495|1.683, 4155(0):0.290|0.358, 414(0):0.152|0.237, 413(0):1.676|4.384, 416(0):4.758|5.092
3360, 4109(0):1.505|3.071, 4105(0):0.298|0.781, 412(0):0.140|0.255, 416(0):1.683|1.822, 410(0):4.676|5.200
3370, 4054(0):1.512|2.294, 4058(0):0.297|0.370, 405(0):0.136|0.196, 403(0):1.664|2.199, 406(0):4.657|7.193
3380, 4180(0):1.503|3.326, 4181(0):0.295|2.932, 418(0):0.144|0.161, 418(0):1.683|1.718, 417(0):4.651|6.319
3390, 4104(0):1.513|3.694, 4105(0):0.296|1.404, 411(0):0.142|0.220, 410(0):1.646|2.237, 411(0):4.689|5.136
3400, 4148(0):1.510|4.125, 4146(0):0.298|0.573, 415(0):0.138|0.150, 414(0):1.692|2.033, 414(0):4.787|5.920
3410, 4242(0):1.529|3.278, 4243(0):0.297|0.461, 423(0):0.137|0.143, 425(0):1.670|1.850, 425(0):4.534|5.159
3420, 4092(1):1.489|5.155, 4092(0):0.297|2.281, 410(0):0.140|0.203, 408(0):1.725|1.907, 410(0):4.748|5.102
3430, 4131(1):1.496|5.586, 4125(0):0.299|4.695, 413(0):0.140|0.154, 414(0):1.679|1.804, 413(0):4.674|5.333
3440, 4057(0):1.489|3.271, 4063(0):0.295|0.469, 406(0):0.145|0.164, 406(0):1.620|1.844, 406(0):4.445|5.067
3450, 4318(0):1.485|1.672, 4314(0):0.301|2.514, 432(0):0.149|0.161, 435(0):1.763|5.155, 427(0):4.930|5.246
3460, 4028(0):1.476|3.614, 4027(0):0.298|4.141, 402(0):0.141|0.152, 404(0):1.654|3.503, 402(0):4.540|5.500
3470, 4084(0):1.541|3.816, 4089(0):0.302|0.408, 409(0):0.140|0.148, 404(0):1.702|3.005, 414(0):4.787|5.866
3480, 4170(0):1.515|1.677, 4165(0):0.297|0.399, 417(0):0.142|0.182, 417(0):1.729|1.754, 417(0):4.741|5.128
3490, 4218(0):1.479|1.696, 4219(0):0.301|2.002, 422(0):0.146|0.177, 423(0):1.638|1.755, 420(0):4.728|5.062
3500, 4089(0):1.514|2.301, 4084(0):0.297|0.423, 409(0):0.142|0.150, 409(0):1.678|1.780, 410(0):4.718|7.253
3510, 4196(0):1.499|4.061, 4195(1):0.297|5.926, 419(0):0.136|0.181, 418(0):1.684|1.807, 419(0):4.873|5.145
3520, 4076(1):1.501|7.552, 4077(0):0.299|2.155, 408(0):0.144|0.178, 409(0):1.670|5.206, 408(0):4.597|5.364
3530, 4115(0):1.459|2.718, 4115(0):0.291|0.454, 411(0):0.136|0.160, 412(0):1.648|1.923, 408(0):4.475|4.832
3540, 4045(0):1.498|2.895, 4047(0):0.304|3.443, 405(0):0.149|0.902, 403(0):1.705|1.763, 409(0):4.704|5.101
3550, 4103(0):1.529|2.746, 4109(0):0.296|0.381, 411(0):0.141|0.156, 411(0):1.715|2.282, 410(0):4.639|5.098
3560, 4180(0):1.487|4.368, 4171(0):0.296|1.893, 417(0):0.140|0.195, 418(0):1.695|1.773, 417(0):4.594|5.014
3570, 4199(0):1.529|2.338, 4204(0):0.298|0.428, 420(0):0.143|0.162, 420(0):1.726|1.762, 422(0):4.898|5.446
3580, 4169(0):1.490|3.279, 4170(0):0.298|0.342, 416(0):0.143|0.168, 418(0):1.653|5.362, 412(0):4.641|5.499
3590, 4176(0):1.520|4.205, 4174(0):0.294|0.429, 418(0):0.140|0.153, 419(0):1.636|2.008, 417(0):4.600|4.972
3600, 3992(0):1.504|4.954, 3990(0):0.296|1.528, 400(0):0.151|0.325, 398(0):1.669|3.320, 399(0):4.895|5.058

STOPPING THREADS................................

<Raw Results>
  [0] sc:1568059  lt:34  rt:0  fl:0 
  [1] sc:1568024  lt:3  rt:0  fl:0 
  [2] sc:156821  lt:0  rt:0  fl:0 
  [3] sc:156820  lt:0  rt:0  fl:0 
  [4] sc:156819  lt:0  rt:0  fl:0 
 in 3600 sec.

<Raw Results2(sum ver.)>
  [0] sc:1568197  lt:34  rt:0  fl:0 
  [1] sc:1568222  lt:3  rt:0  fl:0 
  [2] sc:156823  lt:0  rt:0  fl:0 
  [3] sc:156824  lt:0  rt:0  fl:0 
  [4] sc:156819  lt:0  rt:0  fl:0 

<Constraint Check> (all must be [OK])
 [transaction percentage]
        Payment: 43.48% (>=43.0%) [OK]
   Order-Status: 4.35% (>= 4.0%) [OK]
       Delivery: 4.35% (>= 4.0%) [OK]
    Stock-Level: 4.35% (>= 4.0%) [OK]
 [response time (at least 90% passed)]
      New-Order: 100.00%  [OK]
        Payment: 100.00%  [OK]
   Order-Status: 100.00%  [OK]
       Delivery: 100.00%  [OK]
    Stock-Level: 100.00%  [OK]

<TpmC>
                 26134.883 TpmC

