***************************************
*** ###easy### TPC-C Load Generator ***
***************************************
option h with value '192.168.0.4'
option P with value '3306'
option d with value 'scutech-tpcc'
option u with value 'yunify'
option p with value 'Zhu88jie'
option w with value '50'
option c with value '32'
option r with value '600'
option l with value '3600'
<Parameters>
     [server]: 192.168.0.4
     [port]: 3306
     [DBname]: scutech-tpcc
       [user]: yunify
       [pass]: Zhu88jie
  [warehouse]: 50
 [connection]: 32
     [rampup]: 600 (sec.)
    [measure]: 3600 (sec.)

RAMP-UP TIME.(600 sec.)

MEASURING START.

  10, 2023(0):1.677|5.594, 2037(0):0.343|5.508, 203(0):0.171|0.448, 203(0):1.969|7.971, 202(0):5.453|8.759
  20, 2626(0):1.638|1.888, 2615(0):0.345|0.464, 262(0):0.195|0.255, 265(0):1.895|1.943, 261(0):5.327|5.809
  30, 3420(0):1.609|1.896, 3420(0):0.329|0.444, 342(0):0.171|0.320, 342(0):1.859|2.010, 339(0):5.095|5.704
  40, 3254(1):1.738|5.432, 3251(0):0.347|3.332, 326(0):0.168|0.282, 325(0):1.905|2.189, 331(0):5.201|5.892
  50, 2975(0):1.686|1.851, 2974(0):0.341|0.464, 297(0):0.193|0.323, 296(0):1.915|2.085, 297(0):5.034|6.579
  60, 3797(0):1.650|1.983, 3797(0):0.348|0.476, 380(0):0.172|0.241, 382(0):1.912|1.992, 376(0):5.332|5.795
  70, 2835(0):1.729|1.965, 2838(0):0.354|0.585, 284(0):0.171|0.400, 283(0):1.964|2.001, 288(0):5.663|6.247
  80, 3202(1):1.773|5.257, 3197(0):0.368|0.658, 320(0):0.161|0.206, 320(0):1.990|2.350, 319(0):5.550|5.848
  90, 2942(0):1.656|2.205, 2946(0):0.352|0.504, 294(0):0.161|0.428, 294(0):1.946|2.049, 295(0):5.660|6.176
 100, 2941(0):1.633|3.001, 2940(0):0.339|0.798, 294(0):0.164|0.218, 295(0):2.040|2.223, 290(0):4.786|5.077
 110, 3307(0):1.681|1.952, 3312(0):0.335|0.538, 331(0):0.167|0.198, 332(0):1.892|1.946, 329(0):5.397|5.564
 120, 3216(0):1.676|2.051, 3214(0):0.339|0.564, 322(0):0.162|0.191, 319(0):2.035|2.140, 326(0):5.141|5.568
 130, 3097(0):1.647|3.638, 3088(0):0.336|0.498, 309(0):0.171|0.220, 307(0):1.916|2.004, 308(0):5.072|7.299
 140, 3381(0):1.737|1.979, 3380(0):0.341|0.536, 338(0):0.172|0.189, 341(0):1.953|2.130, 338(0):5.501|6.047
 150, 3675(0):1.685|1.931, 3678(0):0.344|0.456, 368(0):0.171|0.191, 368(0):1.984|2.045, 365(0):5.487|5.999
 160, 3156(0):1.719|2.252, 3162(0):0.357|0.565, 316(0):0.167|0.215, 314(0):1.881|2.009, 322(0):5.246|5.591
 170, 2566(0):1.713|1.957, 2561(0):0.357|0.492, 255(0):0.195|0.289, 259(0):1.934|1.950, 254(0):5.323|5.570
 180, 3280(0):1.634|2.893, 3278(0):0.349|1.381, 329(0):0.172|0.206, 325(0):1.912|2.055, 330(0):5.291|6.043
 190, 3441(0):1.728|2.070, 3440(0):0.341|0.597, 345(0):0.183|0.305, 346(0):2.003|2.137, 344(0):5.273|5.830
 200, 3759(0):1.704|2.190, 3760(0):0.353|0.510, 375(0):0.165|0.198, 376(0):1.964|2.088, 376(0):5.552|5.630
 210, 3453(0):1.678|2.124, 3463(0):0.339|2.699, 346(0):0.152|0.160, 346(0):1.911|2.103, 345(0):5.363|6.413
 220, 3391(0):1.736|1.966, 3378(0):0.343|0.454, 338(0):0.168|0.256, 337(0):1.958|2.046, 339(0):5.618|7.490
 230, 3065(0):1.681|2.615, 3075(0):0.346|0.597, 308(0):0.185|0.256, 308(0):1.969|2.039, 307(0):5.576|5.946
 240, 3155(0):1.667|3.717, 3158(0):0.347|0.535, 315(0):0.168|0.194, 316(0):1.947|3.887, 314(0):5.374|5.639
 250, 2607(0):1.696|3.048, 2603(0):0.350|0.496, 260(0):0.167|0.187, 260(0):2.005|2.083, 262(0):5.859|6.860
 260, 2979(0):1.653|4.624, 2989(0):0.344|0.520, 300(0):0.180|0.222, 298(0):1.877|2.099, 299(0):5.161|5.407
 270, 3251(0):1.645|2.910, 3248(0):0.340|0.463, 324(0):0.163|0.226, 324(0):1.940|2.133, 324(0):4.906|6.190
 280, 3059(0):1.677|2.085, 3049(0):0.335|0.562, 305(0):0.168|0.299, 308(0):2.012|2.657, 302(0):5.067|5.599
 290, 3449(0):1.582|3.292, 3446(0):0.327|1.619, 345(0):0.157|0.163, 344(0):1.809|5.970, 346(0):4.965|5.203
 300, 3485(0):1.736|2.997, 3493(0):0.347|0.577, 349(0):0.164|0.197, 349(0):1.968|2.144, 347(0):5.359|5.710
 310, 3318(1):1.662|5.482, 3318(0):0.343|0.523, 332(0):0.185|0.245, 334(0):1.910|1.990, 333(0):5.025|5.278
 320, 2853(0):1.633|4.240, 2851(0):0.343|0.527, 285(0):0.181|0.238, 283(0):1.976|2.176, 286(0):5.000|5.340
 330, 3205(0):1.694|1.941, 3210(0):0.338|0.461, 321(0):0.166|0.175, 317(0):1.945|2.002, 324(0):5.359|8.865
 340, 3600(0):1.650|2.175, 3593(0):0.346|0.607, 359(0):0.163|0.188, 364(0):1.968|2.092, 360(0):5.159|5.692
 350, 3492(0):1.691|2.419, 3499(0):0.343|0.509, 351(0):0.156|0.231, 349(0):1.968|2.658, 349(0):5.325|5.743
 360, 3802(0):1.661|2.030, 3794(0):0.339|0.444, 380(0):0.168|0.214, 380(0):1.957|2.032, 377(0):5.188|5.563
 370, 3050(0):1.661|2.019, 3055(0):0.338|0.575, 304(0):0.170|0.270, 307(0):1.930|2.144, 303(0):5.195|6.119
 380, 2848(0):1.622|2.265, 2849(0):0.335|0.405, 286(0):0.171|0.244, 282(0):1.892|2.078, 289(0):5.004|5.639
 390, 3709(0):1.586|1.965, 3708(0):0.336|0.461, 370(0):0.177|0.287, 371(0):1.877|2.046, 371(0):5.307|7.098
 400, 2895(0):1.684|2.880, 2888(0):0.348|0.525, 290(0):0.182|0.224, 289(0):1.979|2.099, 291(0):5.267|5.790
 410, 2882(0):1.672|2.178, 2897(0):0.339|0.728, 289(0):0.161|0.167, 290(0):1.971|2.155, 289(0):4.916|5.462
 420, 3803(0):1.719|4.145, 3797(0):0.351|0.504, 379(0):0.184|0.208, 379(0):1.909|2.245, 379(0):5.254|6.126
 430, 2658(0):1.672|2.377, 2664(0):0.352|0.681, 267(0):0.175|0.328, 268(0):1.946|2.051, 263(0):5.325|5.630
 440, 3024(1):1.771|6.300, 3018(0):0.353|0.514, 302(0):0.166|0.206, 299(0):2.006|2.093, 306(0):5.588|6.533
 450, 3251(0):1.628|2.275, 3248(1):0.348|5.561, 324(0):0.157|0.227, 327(0):2.013|2.596, 319(0):5.292|5.898
 460, 3235(0):1.735|1.906, 3239(0):0.355|3.282, 325(0):0.166|0.275, 322(0):1.989|2.062, 329(0):5.539|6.406
 470, 2617(1):1.619|5.573, 2614(0):0.342|0.456, 261(0):0.160|0.176, 265(0):1.854|1.995, 258(0):5.448|5.822
 480, 3140(0):1.709|4.354, 3147(0):0.342|0.532, 315(0):0.170|0.245, 311(0):1.989|2.369, 318(0):5.562|5.949
 490, 2807(0):1.653|3.851, 2798(0):0.343|0.586, 280(0):0.155|0.198, 283(0):1.966|2.125, 276(0):4.921|5.416
 500, 2604(0):1.659|3.297, 2607(0):0.343|0.570, 260(0):0.154|0.229, 259(0):1.888|2.244, 263(0):4.961|5.852
 510, 3817(1):1.626|5.508, 3824(0):0.347|0.665, 383(0):0.164|0.194, 383(0):1.925|2.344, 384(0):5.133|5.625
 520, 3228(1):1.658|8.543, 3227(0):0.359|0.694, 323(0):0.161|0.176, 323(0):1.960|2.104, 323(0):5.349|6.127
 530, 2709(0):1.733|4.558, 2701(0):0.351|0.765, 270(0):0.180|0.237, 271(0):1.968|2.062, 271(0):5.125|5.923
 540, 3565(0):1.745|2.235, 3573(0):0.357|1.139, 357(0):0.182|0.316, 356(0):2.045|4.259, 357(0):5.753|6.454
 550, 2398(0):1.583|2.250, 2395(0):0.325|0.702, 240(0):0.157|0.205, 239(0):1.896|2.014, 240(0):4.928|6.095
 560, 2691(0):1.704|4.433, 2684(0):0.351|0.629, 268(0):0.167|0.220, 270(0):1.967|2.125, 263(0):5.264|5.485
 570, 3223(0):1.668|3.300, 3234(0):0.337|0.784, 323(0):0.165|0.205, 321(0):1.887|2.075, 327(0):4.926|5.537
 580, 3338(1):1.673|10.050, 3335(0):0.346|4.578, 333(0):0.177|0.193, 335(0):1.909|2.179, 332(0):5.311|6.073
 590, 2768(0):1.637|2.163, 2762(0):0.337|0.419, 277(0):0.165|0.186, 276(0):1.904|13.383, 275(0):5.190|5.862
 600, 3815(0):1.676|3.222, 3820(0):0.347|0.477, 382(0):0.175|0.196, 383(0):1.967|2.326, 386(0):5.321|5.741
 610, 3060(1):1.607|15.536, 3061(1):0.342|11.589, 306(0):0.170|0.205, 306(0):1.942|2.088, 302(0):5.059|6.050
 620, 2832(0):1.731|3.484, 2829(0):0.348|0.412, 283(0):0.154|0.170, 280(0):1.983|2.228, 287(0):5.510|6.037
 630, 3198(0):1.663|1.944, 3196(0):0.353|0.771, 320(0):0.178|0.199, 323(0):1.906|2.104, 320(0):5.089|5.860
 640, 2771(0):1.686|1.990, 2775(0):0.336|0.460, 277(0):0.184|0.233, 277(0):1.914|2.017, 276(0):5.255|5.522
 650, 2952(1):1.621|6.523, 2956(0):0.348|0.506, 296(0):0.166|0.177, 297(0):1.925|2.109, 294(0):5.029|5.598
 660, 3572(2):1.735|15.180, 3571(0):0.347|0.555, 357(0):0.177|0.184, 358(0):1.972|2.077, 355(0):5.537|16.128
 670, 2837(0):1.677|2.065, 2839(0):0.343|0.526, 283(0):0.157|0.230, 281(0):1.948|2.508, 288(0):5.397|8.294
 680, 3357(1):1.728|7.432, 3351(1):0.361|13.185, 336(0):0.177|0.246, 336(0):1.978|2.040, 332(0):5.353|5.467
 690, 3643(1):1.766|5.769, 3643(0):0.347|0.473, 364(0):0.171|0.231, 364(0):1.990|2.089, 366(0):5.533|5.839
 700, 2920(0):1.744|2.066, 2927(0):0.353|0.736, 294(0):0.187|0.215, 293(0):1.933|2.014, 295(0):5.529|6.126
 710, 2617(1):1.590|8.648, 2606(0):0.329|0.679, 260(0):0.156|0.169, 262(0):1.867|1.973, 257(0):5.010|5.778
 720, 3296(0):1.703|2.844, 3304(1):0.364|10.295, 330(0):0.165|0.241, 329(0):1.907|9.145, 330(0):5.277|16.673
 730, 2389(0):1.700|2.171, 2380(0):0.362|0.503, 239(0):0.173|0.296, 236(0):1.986|2.231, 242(0):5.320|5.467
 740, 3505(2):1.641|12.829, 3507(1):0.338|9.934, 350(0):0.158|0.178, 353(0):1.925|15.998, 351(0):5.387|5.596
 750, 3470(3):1.728|13.853, 3471(1):0.338|13.603, 348(0):0.188|0.425, 345(0):1.998|2.170, 346(0):5.566|7.107
 760, 3027(0):1.733|2.395, 3021(0):0.365|0.534, 301(0):0.186|0.374, 304(0):2.090|2.381, 304(0):5.227|6.084
 770, 3331(0):1.598|1.908, 3341(0):0.341|0.532, 335(0):0.166|0.221, 334(0):1.888|13.444, 333(0):5.164|5.612
 780, 2899(0):1.723|2.572, 2905(0):0.360|1.875, 289(0):0.170|0.204, 290(0):1.992|2.097, 291(0):5.233|5.492
 790, 3175(0):1.667|2.048, 3162(0):0.346|0.486, 318(0):0.164|0.240, 315(0):1.987|2.130, 312(0):5.344|5.484
 800, 2865(0):1.732|2.045, 2858(0):0.344|0.668, 285(0):0.181|0.297, 287(0):2.007|2.207, 289(0):5.290|5.732
 810, 3472(0):1.688|2.101, 3486(0):0.357|0.553, 348(0):0.172|0.219, 348(0):1.925|2.011, 349(0):5.254|5.895
 820, 2800(0):1.644|4.500, 2797(0):0.345|0.670, 280(0):0.161|0.261, 281(0):1.939|3.980, 276(0):5.167|5.492
 830, 3125(0):1.680|1.938, 3130(0):0.346|1.094, 313(0):0.170|0.195, 313(0):1.984|2.087, 318(0):4.953|5.283
 840, 3580(3):1.710|16.263, 3576(0):0.350|0.564, 357(0):0.173|0.223, 357(0):2.000|13.713, 353(0):5.557|6.523
 850, 2825(1):1.681|6.239, 2825(0):0.350|0.490, 284(0):0.170|0.259, 282(0):2.011|3.121, 285(0):5.350|5.607
 860, 3058(0):1.727|2.047, 3054(0):0.349|0.445, 305(0):0.172|0.242, 305(0):1.977|2.396, 307(0):5.588|6.093
 870, 2855(0):1.685|2.114, 2859(2):0.345|6.607, 286(0):0.164|0.258, 287(0):1.905|2.099, 283(0):5.243|5.383
 880, 3118(0):1.637|2.090, 3113(0):0.342|0.447, 311(0):0.168|0.185, 311(0):1.902|2.062, 314(0):5.045|5.676
 890, 2993(2):1.735|10.249, 3001(0):0.346|0.529, 300(0):0.164|0.193, 301(0):1.900|7.143, 299(0):5.106|5.476
 900, 3190(1):1.768|6.271, 3186(0):0.359|0.826, 319(0):0.167|0.214, 318(0):2.011|9.661, 315(0):5.548|5.878
 910, 2853(0):1.684|1.897, 2840(0):0.340|0.599, 285(0):0.190|0.227, 282(0):1.900|2.032, 289(0):5.273|5.604
 920, 3037(0):1.650|4.800, 3051(0):0.339|0.791, 303(0):0.163|0.183, 306(0):1.901|2.053, 301(0):5.009|5.460
 930, 3758(3):1.638|15.786, 3761(0):0.345|0.435, 377(0):0.166|0.210, 376(0):1.945|2.054, 380(0):5.415|5.625
 940, 3241(0):1.691|1.926, 3240(0):0.355|0.642, 325(0):0.161|0.357, 325(0):2.085|2.301, 324(0):5.464|5.928
 950, 2442(0):1.628|1.966, 2439(0):0.345|0.473, 243(0):0.155|0.294, 243(0):1.859|1.948, 243(0):5.260|5.542
 960, 3355(0):1.674|2.059, 3358(0):0.344|0.625, 336(0):0.167|0.181, 336(0):1.977|2.015, 337(0):5.466|6.115
 970, 2310(0):1.639|3.727, 2304(0):0.337|1.121, 231(0):0.156|0.163, 230(0):1.896|2.020, 230(0):5.276|5.649
 980, 3314(0):1.668|2.114, 3315(0):0.345|0.602, 331(0):0.165|0.316, 330(0):1.977|2.202, 332(0):5.265|5.604
 990, 3535(0):1.663|1.957, 3536(0):0.337|0.578, 354(0):0.164|0.181, 357(0):1.951|2.103, 352(0):5.315|5.841
1000, 2570(0):1.663|1.968, 2571(0):0.335|0.605, 257(0):0.165|0.206, 258(0):1.902|1.998, 258(0):5.070|6.019
1010, 2916(0):1.690|2.147, 2908(0):0.350|0.973, 291(0):0.163|0.202, 291(0):1.999|2.146, 290(0):5.008|5.376
1020, 3107(0):1.721|1.954, 3104(0):0.345|0.517, 310(0):0.172|0.354, 310(0):2.006|2.112, 310(0):5.510|5.883
1030, 2820(0):1.564|1.883, 2826(0):0.327|0.427, 282(0):0.153|0.182, 281(0):1.898|1.991, 283(0):4.857|5.403
1040, 3158(0):1.763|2.820, 3162(0):0.360|0.558, 317(0):0.172|0.230, 318(0):1.943|2.057, 313(0):5.515|6.891
1050, 3515(0):1.671|2.129, 3516(0):0.344|0.705, 351(0):0.174|0.226, 351(0):1.928|2.092, 355(0):5.355|5.617
1060, 2242(0):1.647|3.589, 2242(0):0.340|0.520, 224(0):0.168|0.249, 224(0):1.987|2.148, 222(1):5.185|27.436
1070, 3391(0):1.637|2.750, 3387(0):0.335|1.356, 340(0):0.172|0.253, 337(0):1.835|2.042, 341(0):5.322|5.479
1080, 3135(1):1.669|32.540, 3133(0):0.340|0.571, 314(0):0.207|1.069, 314(0):1.938|2.040, 315(0):5.179|8.659
1090, 3266(4):1.675|8.996, 3269(0):0.342|0.501, 326(0):0.164|0.317, 327(0):1.948|2.173, 325(0):5.444|5.862
1100, 3496(0):1.678|2.013, 3495(0):0.341|0.554, 349(0):0.163|0.193, 350(0):1.929|9.387, 351(0):5.165|5.616
1110, 3399(0):1.679|4.438, 3398(0):0.349|0.662, 340(0):0.188|0.605, 340(0):1.994|2.144, 337(0):5.538|6.362
1120, 2817(1):1.666|7.960, 2814(1):0.351|13.483, 282(0):0.171|0.255, 279(0):1.946|2.297, 282(0):5.588|5.974
1130, 3189(0):1.648|2.151, 3193(0):0.343|1.653, 319(0):0.156|0.168, 322(0):1.901|2.032, 321(0):5.084|5.731
1140, 3205(0):1.681|2.105, 3201(0):0.345|0.485, 320(0):0.177|0.186, 321(0):2.017|2.240, 317(0):5.555|6.407
1150, 2443(0):1.656|1.955, 2442(1):0.348|11.291, 244(0):0.164|0.211, 241(0):1.981|2.054, 247(0):4.956|5.390
1160, 3445(0):1.642|2.332, 3439(1):0.348|7.443, 345(0):0.158|0.222, 346(0):1.999|5.580, 343(0):5.297|5.532
1170, 2843(0):1.691|1.879, 2856(0):0.345|0.641, 285(0):0.189|0.284, 286(0):1.925|2.059, 283(0):5.520|6.112
1180, 3372(0):1.701|2.079, 3361(0):0.352|1.025, 336(0):0.183|0.195, 334(0):1.979|7.335, 341(0):5.310|5.880
1190, 3087(0):1.628|1.984, 3092(0):0.337|0.414, 309(0):0.167|0.300, 310(0):1.883|2.106, 308(0):4.845|5.591
1200, 3131(1):1.738|15.450, 3123(0):0.363|4.732, 313(0):0.206|0.321, 313(0):2.015|2.082, 314(0):5.422|6.296
1210, 3142(0):1.651|2.350, 3155(1):0.345|14.851, 315(0):0.161|0.189, 315(0):1.873|1.959, 312(0):5.078|6.196
1220, 2667(0):1.720|2.105, 2667(0):0.348|0.479, 267(0):0.173|0.211, 267(0):1.969|2.068, 270(0):5.610|5.914
1230, 3249(0):1.599|3.791, 3238(0):0.349|0.529, 324(0):0.176|0.205, 326(0):1.924|2.016, 324(0):5.024|5.495
1240, 2859(0):1.710|1.978, 2861(0):0.360|0.498, 286(0):0.186|0.299, 282(0):1.988|2.077, 286(0):5.277|6.568
1250, 3121(0):1.658|2.451, 3131(0):0.343|1.488, 313(0):0.163|0.310, 314(0):1.907|2.049, 312(0):5.281|5.455
1260, 3466(0):1.640|2.012, 3473(0):0.350|0.716, 347(0):0.178|0.212, 348(0):1.877|2.216, 348(0):5.390|5.954
1270, 3088(2):1.754|13.996, 3073(0):0.358|0.540, 307(0):0.168|0.236, 308(0):2.049|15.217, 305(0):5.331|5.897
1280, 2838(0):1.677|1.997, 2839(0):0.349|0.447, 284(0):0.172|0.207, 284(0):1.962|2.682, 286(0):5.591|6.003
1290, 3394(0):1.748|2.063, 3398(0):0.351|0.469, 340(0):0.161|0.208, 340(0):1.920|2.083, 341(0):5.421|5.641
1300, 2726(1):1.719|5.067, 2729(0):0.360|0.599, 274(0):0.207|0.496, 274(0):2.003|2.267, 272(0):5.445|6.503
1310, 3096(0):1.684|2.006, 3096(0):0.343|0.499, 309(0):0.171|0.300, 309(0):1.948|2.032, 307(0):5.618|10.630
1320, 3304(0):1.673|2.132, 3305(1):0.348|9.537, 330(0):0.199|0.241, 332(0):2.026|16.428, 329(0):5.403|6.406
1330, 2800(0):1.664|2.158, 2790(1):0.343|14.497, 280(0):0.159|0.285, 277(0):2.022|12.019, 282(0):5.450|5.955
1340, 2878(1):1.726|9.640, 2880(0):0.367|0.570, 288(0):0.169|0.248, 289(0):1.958|2.086, 286(0):5.434|5.997
1350, 3530(0):1.688|2.022, 3531(0):0.344|0.466, 353(0):0.161|0.269, 354(0):1.946|2.324, 357(0):5.333|5.690
1360, 2992(0):1.697|2.076, 2993(0):0.342|0.818, 300(0):0.162|0.193, 297(0):1.904|2.088, 295(0):5.449|6.132
1370, 3058(1):1.657|6.645, 3054(0):0.339|0.447, 305(0):0.161|0.254, 306(0):2.039|2.347, 307(0):5.057|5.467
1380, 2976(0):1.701|4.076, 2990(0):0.348|0.527, 298(0):0.185|0.216, 299(0):1.980|2.899, 301(0):5.374|6.941
1390, 2750(1):1.645|7.302, 2748(0):0.338|1.162, 276(0):0.169|0.209, 274(0):1.947|1.984, 275(0):5.283|5.451
1400, 3090(0):1.764|2.037, 3086(1):0.359|13.560, 307(0):0.178|0.235, 310(0):1.984|2.242, 304(0):5.427|5.716
1410, 3552(1):1.687|15.869, 3551(0):0.344|2.958, 356(0):0.183|0.394, 356(0):2.053|11.365, 359(0):5.418|6.727
1420, 3062(0):1.609|1.926, 3057(0):0.340|0.559, 306(0):0.177|0.252, 307(0):1.879|1.916, 304(0):5.337|5.568
1430, 3007(0):1.650|2.285, 3008(0):0.337|0.535, 301(0):0.169|0.809, 298(0):1.995|9.836, 301(0):5.073|5.963
1440, 3332(2):1.650|12.226, 3335(0):0.341|0.685, 334(0):0.158|0.229, 335(0):1.929|2.159, 333(0):4.995|5.280
1450, 2652(0):1.739|1.953, 2642(0):0.348|0.463, 265(0):0.166|0.208, 265(0):2.043|2.345, 268(0):5.508|5.945
1460, 3164(1):1.757|5.785, 3165(0):0.353|0.498, 316(0):0.156|0.210, 314(0):1.963|7.185, 317(0):5.586|5.833
1470, 3300(0):1.661|1.999, 3311(0):0.349|0.603, 331(0):0.161|0.209, 333(0):1.973|2.012, 330(0):5.390|7.436
1480, 2979(0):1.767|1.940, 2973(0):0.351|0.452, 297(0):0.177|0.518, 297(0):2.074|2.188, 294(0):5.572|5.802
1490, 2997(0):1.651|2.012, 2994(0):0.337|0.594, 300(0):0.156|0.180, 296(0):2.011|6.443, 304(0):5.117|5.427
1500, 2914(0):1.693|2.094, 2915(0):0.351|0.504, 291(0):0.191|0.266, 294(0):2.125|2.250, 291(0):5.737|13.962
1510, 2941(0):1.644|2.266, 2939(1):0.345|10.503, 293(0):0.165|0.493, 296(0):1.964|2.099, 292(0):5.093|17.674
1520, 3251(1):1.700|7.601, 3253(0):0.350|0.594, 326(0):0.169|0.198, 324(0):1.975|2.150, 328(0):5.111|5.777
1530, 3471(1):1.676|6.156, 3461(0):0.355|0.747, 347(0):0.178|0.317, 349(0):2.021|4.623, 343(0):5.420|5.918
1540, 2734(2):1.675|11.096, 2736(0):0.337|0.441, 274(0):0.166|0.178, 271(0):1.867|1.979, 277(0):5.237|5.430
1550, 2996(0):1.680|2.734, 3000(1):0.338|9.228, 300(0):0.159|0.187, 300(0):1.903|12.676, 297(0):5.003|5.111
1560, 3191(1):1.696|10.164, 3187(0):0.342|0.743, 318(0):0.174|0.205, 318(0):1.956|2.832, 322(0):5.419|5.858
1570, 3138(0):1.628|2.771, 3134(0):0.342|0.793, 314(0):0.166|0.188, 315(0):1.864|2.025, 313(0):5.398|5.835
1580, 3265(0):1.720|3.214, 3276(1):0.349|12.974, 327(0):0.177|0.206, 327(0):1.917|2.565, 323(0):5.533|12.146
1590, 3358(1):1.675|13.924, 3345(0):0.345|0.517, 336(0):0.167|0.241, 334(0):1.983|2.124, 338(0):5.080|13.793
1600, 3210(0):1.743|2.281, 3222(0):0.342|0.466, 321(0):0.170|0.469, 324(0):2.042|2.209, 322(0):5.500|5.993
1610, 2831(1):1.690|6.438, 2828(1):0.343|15.048, 284(0):0.169|0.209, 280(0):1.929|2.020, 283(0):5.572|5.821
1620, 3129(1):1.717|7.977, 3126(0):0.346|0.428, 312(0):0.158|0.201, 312(0):1.955|8.388, 313(1):5.224|20.140
1630, 3181(0):1.686|3.130, 3189(1):0.353|14.579, 318(0):0.155|0.173, 321(0):1.888|2.152, 316(0):5.073|5.404
1640, 2901(1):1.694|13.735, 2892(1):0.350|10.869, 290(0):0.218|0.991, 291(0):1.910|1.933, 290(0):5.398|5.902
1650, 3264(0):1.684|2.340, 3261(1):0.341|6.416, 325(0):0.158|0.179, 325(0):2.000|2.254, 328(0):5.426|5.530
1660, 2785(1):1.739|14.862, 2797(0):0.373|0.631, 280(0):0.164|0.207, 277(0):2.023|2.074, 281(0):5.609|6.845
1670, 3236(0):1.655|2.008, 3234(0):0.329|0.576, 325(0):0.159|0.182, 325(0):1.888|2.166, 323(0):5.146|5.516
1680, 3458(2):1.751|11.784, 3459(1):0.348|12.850, 345(0):0.182|0.232, 346(0):2.030|14.786, 346(0):5.236|5.951
1690, 2627(2):1.615|7.751, 2618(1):0.334|13.518, 262(0):0.162|0.191, 263(0):1.873|1.967, 257(0):5.070|5.438
1700, 2902(1):1.686|14.536, 2905(1):0.344|11.442, 290(0):0.202|0.298, 289(0):2.050|4.216, 293(0):5.770|6.075
1710, 3111(1):1.650|14.480, 3102(0):0.349|0.509, 311(0):0.164|0.178, 308(0):1.955|13.520, 314(0):5.074|5.611
1720, 3525(0):1.741|2.075, 3534(0):0.346|2.152, 354(0):0.164|0.183, 355(0):2.049|2.149, 352(0):5.461|5.814
1730, 2409(0):1.680|2.151, 2408(0):0.347|2.978, 241(0):0.176|0.206, 242(0):1.934|9.663, 242(0):5.311|6.537
1740, 3643(0):1.720|3.407, 3637(0):0.365|0.545, 363(0):0.168|0.175, 364(0):1.957|2.128, 361(0):5.395|6.170
1750, 2768(0):1.680|2.405, 2775(0):0.339|0.492, 277(0):0.164|0.262, 276(0):1.946|2.186, 279(0):5.429|6.273
1760, 2334(0):1.659|2.048, 2336(0):0.346|0.483, 234(0):0.161|0.220, 234(0):2.033|2.247, 234(0):5.409|6.029
1770, 3447(1):1.659|7.009, 3446(0):0.344|0.463, 345(0):0.175|0.277, 346(0):1.887|2.177, 345(0):5.338|5.869
1780, 2774(0):1.685|2.097, 2770(1):0.341|6.945, 277(0):0.169|0.269, 274(0):1.981|2.126, 277(0):5.459|5.815
1790, 3380(1):1.727|9.195, 3386(0):0.350|0.552, 339(0):0.162|0.226, 341(0):2.003|13.618, 336(0):5.362|6.193
1800, 3001(2):1.659|15.202, 2999(0):0.337|0.539, 299(0):0.168|0.201, 303(0):2.046|5.614, 295(0):5.161|5.937
1810, 3150(0):1.630|4.644, 3151(0):0.347|1.620, 315(0):0.181|0.232, 313(0):2.019|6.505, 321(0):5.044|5.544
1820, 2748(0):1.765|2.134, 2743(1):0.364|6.312, 275(0):0.174|0.204, 274(0):1.960|3.221, 273(0):5.654|18.876
1830, 3605(0):1.696|4.290, 3609(0):0.350|0.563, 360(0):0.187|0.248, 360(0):1.970|2.182, 363(0):5.441|6.532
1840, 3489(0):1.704|2.149, 3496(1):0.348|7.291, 350(0):0.180|0.296, 349(0):1.959|2.817, 349(0):5.204|5.777
1850, 2892(0):1.658|2.006, 2890(0):0.341|0.475, 290(0):0.187|0.267, 291(0):1.901|1.964, 290(0):5.443|6.041
1860, 3072(0):1.708|2.443, 3067(1):0.349|5.567, 306(0):0.177|0.234, 307(0):1.979|2.062, 301(0):5.298|6.234
1870, 3140(0):1.671|2.062, 3140(0):0.347|0.738, 314(0):0.159|0.202, 315(0):1.971|3.260, 315(0):5.219|5.327
1880, 2943(1):1.742|6.666, 2940(0):0.344|0.448, 294(0):0.165|0.217, 294(0):2.114|7.030, 294(0):5.435|6.059
1890, 3475(1):1.659|15.164, 3473(0):0.342|0.629, 347(0):0.191|0.241, 346(0):1.959|2.187, 352(0):5.315|5.893
1900, 3079(1):1.666|9.117, 3085(0):0.343|0.472, 309(0):0.160|0.178, 309(0):1.962|2.108, 308(0):5.427|5.733
1910, 3618(2):1.664|17.130, 3611(1):0.341|7.922, 361(0):0.162|0.186, 363(0):1.927|13.205, 357(0):5.219|5.518
1920, 3506(2):1.720|14.249, 3511(1):0.353|12.314, 351(0):0.169|0.312, 351(0):1.985|11.739, 356(0):5.517|10.281
1930, 3048(1):1.702|15.578, 3041(0):0.350|0.529, 305(0):0.173|0.198, 300(0):2.190|17.576, 303(0):5.361|6.023
1940, 3257(1):1.746|18.097, 3260(0):0.369|4.121, 326(0):0.168|0.227, 325(0):1.989|2.113, 326(0):5.656|6.119
1950, 3234(2):1.651|15.251, 3236(1):0.338|6.272, 323(0):0.163|0.208, 326(0):1.961|17.604, 324(0):5.120|5.707
1960, 3082(0):1.676|2.487, 3090(1):0.357|14.758, 309(0):0.182|0.216, 310(0):1.940|2.066, 309(0):5.360|5.749
1970, 3219(0):1.648|1.882, 3215(0):0.337|0.711, 322(0):0.163|0.182, 320(0):1.914|1.984, 322(0):4.989|5.694
1980, 3099(0):1.715|2.070, 3103(0):0.368|0.510, 310(0):0.170|0.214, 310(0):1.849|1.952, 310(0):5.299|5.724
1990, 2954(1):1.692|15.011, 2948(0):0.349|0.547, 295(0):0.178|0.195, 297(0):2.059|7.529, 290(0):5.407|5.903
2000, 3414(0):1.745|4.819, 3420(1):0.350|9.674, 342(0):0.161|0.221, 340(0):2.006|3.198, 347(0):5.625|5.917
2010, 2856(0):1.639|1.950, 2857(0):0.341|0.616, 286(0):0.164|0.441, 287(0):1.941|2.060, 285(0):5.382|6.442
2020, 2681(0):1.702|1.979, 2669(1):0.344|6.914, 267(0):0.165|0.184, 265(0):1.903|1.940, 268(0):5.461|6.308
2030, 2926(1):1.699|10.332, 2936(2):0.344|14.766, 292(0):0.157|0.190, 296(0):1.965|2.040, 288(0):5.302|5.618
2040, 2923(0):1.698|4.027, 2927(0):0.341|0.603, 294(0):0.195|0.257, 289(0):2.052|2.121, 298(0):5.537|5.966
2050, 3066(2):1.667|17.324, 3061(0):0.342|0.516, 307(0):0.183|0.247, 311(0):1.945|14.497, 306(0):5.314|6.764
2060, 3209(2):1.657|11.745, 3209(0):0.347|0.534, 319(0):0.162|0.241, 321(0):1.919|2.003, 314(0):5.293|5.611
2070, 3330(0):1.545|1.823, 3329(0):0.335|0.571, 333(0):0.152|0.168, 329(0):1.870|2.129, 338(0):4.889|5.850
2080, 3543(2):1.721|17.036, 3544(0):0.359|0.633, 356(0):0.191|0.321, 358(0):2.090|2.260, 356(0):5.326|6.103
2090, 2979(0):1.639|1.888, 2978(0):0.341|3.496, 297(0):0.172|0.216, 296(0):1.952|2.151, 298(0):5.362|5.635
2100, 2900(1):1.743|16.614, 2902(0):0.350|0.471, 291(0):0.178|0.189, 290(0):1.980|2.051, 290(0):5.393|18.352
2110, 2536(1):1.740|6.350, 2525(1):0.355|14.547, 252(0):0.172|0.217, 255(0):1.975|2.273, 251(0):5.456|9.091
2120, 3022(0):1.699|2.362, 3025(1):0.349|14.873, 303(0):0.189|0.386, 302(0):1.949|6.724, 304(0):5.371|5.666
2130, 3293(0):1.627|2.125, 3302(0):0.337|0.551, 329(0):0.156|0.214, 328(0):1.956|10.957, 331(0):5.184|6.001
2140, 3269(1):1.719|8.256, 3269(0):0.342|0.671, 328(0):0.167|0.186, 328(0):1.969|6.630, 327(0):5.124|5.452
2150, 3134(0):1.622|1.902, 3136(0):0.334|0.412, 313(0):0.175|0.295, 314(0):1.963|2.257, 313(0):5.089|6.129
2160, 3617(2):1.694|12.312, 3617(0):0.340|0.814, 362(0):0.158|0.185, 362(0):1.950|15.249, 360(0):5.368|17.277
2170, 3109(1):1.728|6.765, 3110(0):0.341|0.515, 310(0):0.156|0.299, 309(0):1.946|6.781, 311(0):5.263|5.916
2180, 2711(0):1.797|2.116, 2708(0):0.360|0.680, 271(0):0.175|0.475, 273(0):2.015|2.072, 269(0):5.548|6.334
2190, 3289(0):1.757|2.258, 3285(0):0.363|0.496, 330(0):0.169|0.206, 330(0):1.994|2.423, 328(0):5.435|6.027
2200, 3188(0):1.697|2.098, 3191(0):0.352|0.577, 318(0):0.185|0.223, 315(0):2.002|2.052, 321(0):5.309|5.854
2210, 3192(0):1.640|1.867, 3194(1):0.337|6.019, 320(0):0.165|0.658, 322(0):1.976|2.267, 318(0):5.310|5.767
2220, 3383(0):1.672|2.053, 3377(1):0.354|36.687, 338(0):0.170|0.201, 337(0):2.065|18.064, 339(0):5.382|6.160
2230, 3179(0):1.711|2.865, 3175(1):0.352|5.555, 318(0):0.164|0.191, 317(0):2.012|4.224, 321(0):5.309|5.822
2240, 3084(1):1.731|5.684, 3087(0):0.338|0.715, 308(0):0.168|0.198, 308(0):2.046|3.153, 308(0):5.562|5.746
2250, 3487(4):1.590|13.790, 3494(2):0.342|16.803, 350(0):0.183|0.307, 352(0):1.949|2.105, 350(0):4.988|5.281
2260, 3443(0):1.730|3.387, 3441(0):0.359|0.614, 344(0):0.164|0.177, 343(0):1.959|2.107, 344(0):5.201|5.624
2270, 2770(3):1.693|14.287, 2775(0):0.355|0.742, 277(0):0.158|0.207, 278(0):1.989|2.088, 277(0):5.771|5.894
2280, 2804(1):1.733|11.448, 2798(1):0.375|6.256, 280(0):0.205|0.263, 280(0):1.978|3.007, 275(0):5.774|7.386
2290, 2947(3):1.665|16.418, 2949(0):0.336|0.477, 295(0):0.169|0.554, 293(0):1.933|2.039, 300(0):5.335|5.600
2300, 3145(0):1.736|1.994, 3136(0):0.360|0.504, 314(0):0.174|0.226, 311(0):1.985|4.782, 313(0):5.591|7.444
2310, 3824(3):1.613|17.580, 3831(1):0.338|12.398, 382(0):0.165|0.216, 387(0):1.945|13.756, 382(0):5.035|5.293
2320, 2846(0):1.703|4.117, 2846(0):0.356|0.700, 286(0):0.175|0.203, 284(0):2.060|9.012, 284(0):5.316|5.741
2330, 2951(1):1.645|7.777, 2955(0):0.328|0.510, 294(0):0.156|0.185, 297(0):2.014|12.144, 295(0):5.307|5.736
2340, 3407(0):1.747|3.976, 3408(1):0.354|10.576, 341(0):0.173|0.236, 340(0):2.129|2.982, 340(0):5.340|5.972
2350, 2857(2):1.710|7.246, 2855(0):0.348|0.562, 286(0):0.162|0.245, 286(0):2.092|2.251, 285(0):5.118|5.621
2360, 2830(2):1.679|15.106, 2831(0):0.342|0.397, 283(0):0.169|0.350, 283(0):1.991|2.089, 284(0):5.575|5.956
2370, 3485(2):1.678|12.390, 3486(1):0.339|15.415, 349(0):0.163|0.188, 349(0):1.959|2.008, 346(0):4.975|5.558
2380, 2756(1):1.701|8.538, 2749(1):0.357|15.249, 275(0):0.159|0.202, 274(0):2.003|2.052, 279(0):5.318|15.604
2390, 3377(3):1.703|15.282, 3386(1):0.343|14.133, 338(0):0.166|0.301, 341(0):1.921|2.032, 336(0):4.970|6.568
2400, 3293(0):1.693|1.980, 3293(0):0.344|0.882, 330(0):0.175|0.232, 327(0):1.970|13.358, 334(0):5.499|9.721
2410, 2481(0):1.582|2.038, 2478(0):0.334|0.510, 247(0):0.171|0.263, 249(0):1.878|2.109, 241(0):5.331|5.747
2420, 3201(1):1.753|16.200, 3201(1):0.354|12.950, 321(0):0.168|0.201, 319(0):1.905|8.374, 326(0):5.443|5.707
2430, 2964(2):1.564|15.418, 2970(0):0.326|2.747, 296(0):0.151|0.189, 298(0):1.911|2.180, 297(0):5.208|6.274
2440, 3145(1):1.705|17.456, 3143(1):0.343|6.978, 315(0):0.169|0.294, 312(0):2.017|7.351, 313(0):5.046|5.570
2450, 3163(2):1.669|14.234, 3152(0):0.340|2.219, 315(0):0.168|0.200, 316(0):2.021|13.737, 314(0):4.952|5.850
2460, 3091(1):1.770|14.723, 3105(0):0.352|0.569, 311(0):0.166|0.195, 309(0):1.964|2.101, 313(0):5.417|13.738
2470, 3423(1):1.644|7.336, 3424(0):0.336|2.508, 342(0):0.155|0.172, 344(0):1.927|2.158, 343(0):5.209|5.522
2480, 2928(0):1.682|2.093, 2919(1):0.341|5.230, 292(0):0.153|0.176, 293(0):1.955|2.379, 292(0):5.490|5.713
2490, 3357(1):1.606|11.075, 3361(1):0.339|7.014, 336(0):0.173|0.221, 335(0):1.905|9.101, 336(0):4.900|5.101
2500, 2935(1):1.674|14.354, 2925(0):0.343|0.477, 293(0):0.169|0.176, 293(0):1.940|2.052, 289(0):5.218|5.383
2510, 3069(0):1.682|2.106, 3082(0):0.340|0.531, 307(0):0.156|0.184, 307(0):1.995|13.908, 312(0):5.206|5.966
2520, 2852(1):1.752|10.681, 2848(0):0.353|0.674, 285(0):0.177|0.272, 286(0):2.113|15.359, 284(0):5.434|6.296
2530, 3108(2):1.633|16.173, 3109(0):0.348|0.465, 312(0):0.159|0.214, 310(0):1.961|2.001, 311(0):5.395|6.036
2540, 3205(1):1.727|7.517, 3203(1):0.352|15.255, 320(0):0.190|0.327, 319(0):1.973|2.034, 320(0):5.245|6.235
2550, 2899(2):1.569|15.405, 2903(1):0.340|8.185, 291(0):0.165|0.191, 293(0):1.923|16.411, 291(0):4.962|5.385
2560, 3175(0):1.714|2.148, 3156(0):0.346|1.619, 315(0):0.174|0.255, 313(0):1.884|5.697, 315(0):5.193|5.890
2570, 2981(1):1.634|6.910, 2992(0):0.330|1.836, 299(0):0.171|0.228, 302(0):1.849|2.170, 298(0):5.082|5.645
2580, 3285(1):1.701|8.000, 3290(0):0.353|2.058, 329(0):0.193|0.294, 328(0):1.945|4.075, 330(0):5.296|5.923
2590, 2706(1):1.663|10.809, 2704(0):0.340|0.660, 270(0):0.161|0.265, 270(0):1.916|2.052, 271(0):5.311|5.977
2600, 3513(1):1.777|8.033, 3514(0):0.352|0.651, 352(0):0.174|0.242, 355(0):2.001|2.648, 352(0):5.600|5.974
2610, 3280(2):1.716|12.480, 3277(1):0.342|8.252, 327(0):0.170|0.345, 324(0):2.003|13.083, 324(0):5.103|5.567
2620, 2976(1):1.713|13.763, 2979(1):0.342|13.490, 299(0):0.260|1.540, 297(0):2.009|4.513, 302(0):5.235|5.954
2630, 2793(0):1.667|1.826, 2792(0):0.340|0.663, 279(0):0.162|0.190, 280(0):1.920|2.283, 277(0):4.870|5.295
2640, 3120(0):1.768|2.388, 3123(0):0.355|0.532, 312(0):0.187|0.213, 313(0):2.062|18.379, 314(0):5.601|8.032
2650, 3092(1):1.739|8.670, 3102(0):0.345|0.517, 309(0):0.161|0.182, 311(0):1.972|2.057, 305(0):5.257|5.758
2660, 3087(1):1.721|16.859, 3070(0):0.355|1.469, 309(0):0.177|0.212, 308(0):1.956|2.418, 311(0):5.336|6.364
2670, 3228(2):1.595|12.433, 3235(0):0.331|2.047, 323(0):0.171|0.200, 323(0):1.816|1.945, 325(0):5.325|16.570
2680, 3213(2):1.709|10.807, 3201(0):0.348|1.493, 320(0):0.157|0.186, 320(0):1.950|13.718, 319(0):5.177|5.642
2690, 2410(0):1.693|1.954, 2420(0):0.364|1.186, 243(0):0.162|0.180, 241(0):1.911|2.014, 243(0):5.071|5.806
2700, 2980(0):1.644|3.380, 2982(0):0.346|0.538, 297(0):0.161|0.238, 298(0):1.968|2.452, 298(0):5.222|5.857
2710, 2862(0):1.623|2.494, 2859(0):0.341|0.541, 286(0):0.174|0.207, 288(0):1.871|2.006, 283(0):5.143|5.691
2720, 3074(0):1.710|2.004, 3064(0):0.335|0.965, 307(0):0.165|0.180, 306(0):1.936|2.768, 307(0):5.455|6.223
2730, 3436(0):1.657|1.962, 3450(0):0.346|0.894, 345(0):0.160|0.195, 342(0):1.931|5.684, 347(0):5.021|6.128
2740, 2823(0):1.710|2.423, 2814(0):0.354|0.708, 282(0):0.225|0.349, 282(0):2.008|2.096, 283(0):5.427|5.649
2750, 3201(0):1.614|2.625, 3204(0):0.344|0.699, 319(0):0.169|0.216, 324(0):1.928|2.287, 315(0):5.212|5.590
2760, 3249(0):1.660|2.048, 3251(0):0.343|0.892, 326(0):0.165|0.197, 323(0):1.922|2.495, 329(0):5.569|5.927
2770, 2480(0):1.648|1.918, 2483(0):0.342|0.799, 248(0):0.171|0.190, 248(0):1.915|2.002, 248(0):4.932|5.820
2780, 2988(0):1.638|2.065, 2979(0):0.347|0.468, 298(0):0.177|0.271, 299(0):2.024|3.817, 299(0):5.532|5.756
2790, 2800(0):1.601|1.972, 2800(0):0.337|0.485, 280(0):0.165|0.199, 278(0):1.886|1.966, 280(0):5.258|5.462
2800, 2746(0):1.684|2.579, 2747(0):0.354|0.522, 275(0):0.181|0.190, 276(0):1.930|1.983, 274(0):5.018|5.277
2810, 3163(0):1.636|1.923, 3166(0):0.351|0.533, 317(0):0.166|0.191, 317(0):1.923|2.119, 317(0):5.337|5.951
2820, 2978(0):1.716|2.084, 2969(0):0.347|0.525, 297(0):0.164|0.238, 297(0):1.958|2.362, 292(0):4.966|5.384
2830, 2634(0):1.638|2.067, 2642(0):0.350|1.126, 263(0):0.158|0.258, 265(0):1.990|2.184, 264(0):5.281|5.678
2840, 3430(0):1.682|1.936, 3423(0):0.351|0.521, 343(0):0.161|0.193, 343(0):1.928|2.099, 343(0):5.332|5.671
2850, 3314(0):1.680|3.745, 3317(0):0.334|1.409, 332(0):0.174|0.254, 330(0):1.898|4.361, 331(0):5.201|5.591
2860, 2864(0):1.705|3.064, 2866(0):0.348|0.514, 286(0):0.166|0.369, 289(0):2.018|4.491, 288(0):5.004|5.460
2870, 3358(0):1.656|2.894, 3356(0):0.337|0.484, 336(0):0.183|0.234, 333(0):1.828|2.035, 339(0):5.293|5.991
2880, 3023(0):1.642|1.973, 3025(0):0.345|0.544, 302(0):0.199|0.378, 303(0):1.946|2.079, 303(0):5.044|6.124
2890, 2803(0):1.661|4.835, 2805(0):0.334|0.917, 281(0):0.162|0.225, 280(0):1.927|2.284, 281(0):5.314|6.172
2900, 2681(0):1.744|2.261, 2679(0):0.356|0.596, 268(0):0.174|0.307, 269(0):3.025|4.391, 264(0):5.578|6.284
2910, 3339(0):1.625|2.160, 3333(0):0.339|0.517, 334(0):0.156|0.194, 334(0):1.878|1.946, 337(0):5.330|5.453
2920, 3199(0):1.694|2.260, 3209(0):0.349|0.620, 320(0):0.156|0.181, 322(0):1.948|2.110, 316(0):5.318|5.645
2930, 3137(0):1.594|1.978, 3130(0):0.336|0.500, 313(0):0.163|0.282, 310(0):1.943|2.530, 318(0):5.249|6.020
2940, 3254(1):1.675|7.500, 3250(0):0.338|0.936, 326(0):0.168|0.226, 326(0):1.952|3.103, 324(0):5.555|5.887
2950, 3059(0):1.672|3.654, 3068(0):0.343|0.807, 307(0):0.168|0.295, 307(0):1.893|2.083, 308(0):4.966|7.134
2960, 3002(0):1.685|3.165, 2999(0):0.353|0.666, 299(0):0.168|0.214, 299(0):1.979|2.278, 300(0):5.270|6.062
2970, 3394(0):1.632|2.082, 3390(0):0.330|4.053, 339(0):0.161|0.202, 339(0):1.868|2.035, 339(0):4.788|5.319
2980, 2837(0):1.725|3.997, 2842(0):0.357|0.521, 285(0):0.186|0.442, 287(0):1.991|2.403, 279(0):5.533|5.795
2990, 3629(0):1.652|2.343, 3628(0):0.340|0.685, 363(0):0.166|0.194, 361(0):1.917|2.291, 369(0):5.146|5.677
3000, 3020(0):1.724|3.793, 3018(0):0.360|0.882, 301(0):0.172|0.206, 302(0):1.980|2.278, 297(0):5.423|5.735
3010, 2902(0):1.602|2.106, 2903(0):0.333|0.591, 290(0):0.160|0.219, 289(0):1.877|2.058, 294(0):5.363|5.780
3020, 2998(1):1.764|9.331, 2990(0):0.351|0.859, 300(0):0.174|0.260, 301(0):1.969|2.313, 298(0):5.002|5.627
3030, 3052(0):1.663|2.167, 3061(0):0.343|0.593, 306(0):0.167|0.219, 307(0):1.912|9.064, 308(0):4.993|5.930
3040, 2878(0):1.667|1.966, 2864(0):0.352|0.545, 287(0):0.190|0.194, 283(0):1.995|2.094, 286(0):5.307|5.915
3050, 2783(0):1.666|2.317, 2792(0):0.344|2.333, 279(0):0.164|0.174, 284(0):1.987|2.053, 277(0):5.246|5.566
3060, 3106(0):1.715|1.997, 3109(0):0.360|0.779, 311(0):0.193|0.376, 308(0):2.088|4.527, 312(0):5.167|5.880
3070, 3026(1):1.684|8.419, 3025(0):0.349|0.485, 302(0):0.191|0.282, 304(0):1.983|3.076, 299(0):5.580|6.063
3080, 2970(1):1.750|5.445, 2973(0):0.357|0.982, 297(0):0.177|0.213, 294(0):2.028|2.213, 302(0):5.642|6.162
3090, 3244(1):1.638|6.553, 3246(0):0.336|0.610, 325(0):0.170|0.222, 324(0):1.951|3.096, 324(0):5.175|5.613
3100, 2703(0):1.697|2.585, 2702(0):0.363|1.015, 270(0):0.184|0.248, 272(0):2.027|2.210, 267(0):5.385|5.945
3110, 2880(0):1.771|1.999, 2883(0):0.347|0.510, 287(0):0.176|0.214, 289(0):1.900|2.361, 288(0):5.521|6.950
3120, 2978(0):1.690|1.994, 2971(0):0.357|0.733, 297(0):0.172|0.231, 297(0):1.965|2.007, 298(0):5.531|6.369
3130, 3026(0):1.738|4.036, 3034(0):0.340|0.556, 304(0):0.166|0.236, 302(0):2.037|4.883, 303(0):5.366|5.703
3140, 2909(0):1.675|2.023, 2907(0):0.346|0.675, 291(0):0.166|0.198, 290(0):1.933|1.977, 294(0):5.186|5.525
3150, 3372(0):1.665|2.079, 3369(0):0.342|0.776, 337(0):0.172|0.197, 339(0):1.897|2.150, 337(0):5.280|6.443
3160, 3408(0):1.721|1.954, 3403(0):0.356|0.614, 341(0):0.167|0.190, 341(0):1.964|2.074, 337(0):5.485|6.290
3170, 3242(0):1.639|2.263, 3251(0):0.338|1.056, 325(0):0.159|0.179, 324(0):2.030|2.723, 328(0):5.125|5.819
3180, 3353(0):1.665|4.251, 3349(0):0.348|0.493, 335(0):0.184|0.527, 333(0):2.039|3.691, 336(0):5.288|5.832
3190, 3171(0):1.716|1.973, 3170(0):0.360|1.225, 317(0):0.165|0.204, 321(0):2.000|2.154, 313(0):5.271|5.792
3200, 2937(0):1.719|3.482, 2937(0):0.363|4.364, 293(0):0.170|0.322, 291(0):2.008|2.419, 297(0):5.805|6.300
3210, 3176(0):1.682|1.975, 3180(0):0.345|1.138, 318(0):0.165|0.211, 319(0):1.955|2.025, 318(0):5.538|6.452
3220, 3219(0):1.678|1.918, 3216(0):0.350|0.436, 322(0):0.162|0.245, 320(0):1.934|2.068, 322(0):5.437|5.968
3230, 3010(0):1.653|1.959, 3015(0):0.352|0.551, 302(0):0.164|0.222, 301(0):1.922|1.989, 301(0):5.147|5.758
3240, 2575(0):1.719|1.918, 2573(0):0.348|0.657, 257(0):0.167|0.275, 258(0):2.008|2.103, 258(0):5.456|5.683
3250, 2729(0):1.666|2.056, 2723(0):0.350|2.373, 272(0):0.174|0.341, 271(0):2.028|2.100, 272(0):5.532|5.825
3260, 3074(0):1.693|3.308, 3076(0):0.352|0.505, 308(0):0.169|0.185, 309(0):2.017|4.896, 309(0):5.475|6.361
3270, 3193(0):1.578|1.830, 3194(0):0.334|1.246, 320(0):0.154|0.220, 320(0):1.896|2.991, 315(0):5.310|5.919
3280, 2987(0):1.699|3.227, 2988(0):0.376|0.586, 298(0):0.158|0.174, 297(0):2.005|2.552, 300(0):5.178|5.741
3290, 3136(0):1.707|2.277, 3140(0):0.336|1.701, 314(0):0.160|0.255, 316(0):1.882|2.728, 315(0):5.363|6.139
3300, 3349(0):1.704|1.974, 3347(0):0.352|0.539, 335(0):0.169|0.207, 335(0):1.978|2.076, 335(0):5.331|6.062
3310, 3165(0):1.688|3.257, 3163(0):0.347|0.598, 316(0):0.164|0.317, 314(0):2.037|3.805, 315(0):5.362|9.452
3320, 2868(0):1.639|1.872, 2865(0):0.341|3.031, 287(0):0.164|0.204, 289(0):1.931|2.073, 285(0):5.279|5.704
3330, 3437(0):1.731|3.231, 3437(0):0.345|0.688, 344(0):0.185|0.237, 341(0):2.013|2.381, 346(0):5.144|5.902
3340, 2740(0):1.764|3.210, 2742(0):0.355|1.195, 274(0):0.175|0.193, 275(0):2.120|2.231, 274(0):5.488|5.799
3350, 3118(0):1.701|2.025, 3119(0):0.339|0.851, 312(0):0.163|0.207, 312(0):1.948|2.183, 311(0):5.383|5.629
3360, 2913(0):1.713|1.975, 2917(0):0.353|0.591, 291(0):0.177|0.261, 293(0):1.981|2.165, 291(0):5.177|5.416
3370, 2828(0):1.668|1.875, 2812(0):0.336|0.512, 282(0):0.178|0.187, 277(0):1.941|2.114, 285(0):5.579|5.838
3380, 3053(0):1.702|2.218, 3051(0):0.365|1.545, 305(0):0.164|0.238, 307(0):1.910|2.061, 305(0):5.545|5.975
3390, 3551(0):1.659|2.343, 3565(0):0.348|0.434, 357(0):0.175|0.207, 360(0):1.989|2.154, 355(0):5.267|5.740
3400, 2750(0):1.686|2.993, 2748(0):0.363|1.399, 274(0):0.181|0.210, 274(0):1.973|2.056, 276(0):5.559|6.242
3410, 2705(0):1.573|1.916, 2705(0):0.335|0.632, 270(0):0.175|0.195, 269(0):1.856|1.931, 268(0):5.058|5.500
3420, 3065(0):1.654|1.905, 3071(0):0.344|0.624, 307(0):0.161|0.501, 306(0):1.932|2.068, 309(0):5.017|5.540
3430, 2930(0):1.660|2.086, 2932(0):0.338|0.585, 294(0):0.162|0.223, 293(0):1.946|2.008, 294(0):5.224|5.752
3440, 3041(1):1.702|6.054, 3041(0):0.354|0.538, 304(0):0.171|0.195, 305(0):2.002|2.215, 304(0):5.550|6.400
3450, 3165(0):1.687|4.596, 3157(0):0.337|1.455, 316(0):0.155|0.865, 316(0):2.063|2.169, 316(0):4.983|6.107
3460, 2675(0):1.738|3.960, 2680(0):0.338|0.616, 268(0):0.170|0.245, 269(0):1.888|2.257, 268(0):5.163|5.576
3470, 2989(0):1.702|3.603, 2986(0):0.356|0.730, 299(0):0.180|0.221, 297(0):2.031|2.265, 299(0):5.526|6.039
3480, 3263(0):1.657|1.960, 3264(0):0.345|1.010, 326(0):0.150|0.202, 327(0):1.951|2.092, 326(0):5.164|5.864
3490, 2610(0):1.610|2.172, 2609(0):0.331|0.663, 260(0):0.163|0.171, 262(0):2.001|2.048, 258(0):4.670|5.468
3500, 3159(0):1.763|2.573, 3161(0):0.362|1.020, 317(0):0.176|0.255, 314(0):1.997|2.353, 319(0):5.306|5.801
3510, 2975(0):1.687|1.926, 2973(0):0.341|0.456, 297(0):0.165|0.177, 297(0):2.004|2.258, 296(0):5.260|6.789
3520, 2696(0):1.719|2.003, 2695(0):0.342|0.440, 270(0):0.162|0.219, 272(0):1.945|2.073, 266(0):5.004|5.233
3530, 3079(0):1.655|1.895, 3083(0):0.332|0.658, 308(0):0.162|0.250, 306(0):1.844|2.157, 313(0):5.292|5.631
3540, 3432(0):1.706|2.886, 3426(0):0.347|1.488, 343(0):0.193|0.327, 343(0):1.883|2.165, 343(0):5.456|5.686
3550, 2858(0):1.625|4.153, 2864(0):0.339|1.043, 286(0):0.169|0.478, 286(0):1.958|3.220, 286(0):5.328|5.573
3560, 3350(0):1.677|1.989, 3342(0):0.342|0.536, 334(0):0.163|0.181, 336(0):1.967|2.109, 334(0):5.080|5.962
3570, 3361(0):1.631|2.033, 3367(0):0.344|0.777, 337(0):0.162|0.201, 337(0):1.954|2.196, 337(0):5.216|5.978
3580, 2307(0):1.683|1.887, 2293(0):0.332|0.628, 231(0):0.183|0.202, 225(0):1.887|2.105, 230(0):4.823|5.284
3590, 3160(0):1.661|2.345, 3158(0):0.344|0.489, 316(0):0.163|0.196, 322(0):2.079|2.351, 312(0):5.094|5.803
3600, 3034(0):1.732|2.204, 3048(0):0.363|0.671, 304(0):0.188|0.224, 305(0):2.050|2.203, 303(0):5.542|6.733

STOPPING THREADS................................

<Raw Results>
  [0] sc:1112112  lt:153  rt:0  fl:0 
  [1] sc:1112196  lt:58  rt:0  fl:0 
  [2] sc:111239  lt:0  rt:0  fl:0 
  [3] sc:111239  lt:0  rt:0  fl:0 
  [4] sc:111230  lt:2  rt:0  fl:0 
 in 3600 sec.

<Raw Results2(sum ver.)>
  [0] sc:1112224  lt:153  rt:0  fl:0 
  [1] sc:1112326  lt:58  rt:0  fl:0 
  [2] sc:111239  lt:0  rt:0  fl:0 
  [3] sc:111242  lt:0  rt:0  fl:0 
  [4] sc:111231  lt:2  rt:0  fl:0 

<Constraint Check> (all must be [OK])
 [transaction percentage]
        Payment: 43.48% (>=43.0%) [OK]
   Order-Status: 4.35% (>= 4.0%) [OK]
       Delivery: 4.35% (>= 4.0%) [OK]
    Stock-Level: 4.35% (>= 4.0%) [OK]
 [response time (at least 90% passed)]
      New-Order: 99.99%  [OK]
        Payment: 99.99%  [OK]
   Order-Status: 100.00%  [OK]
       Delivery: 100.00%  [OK]
    Stock-Level: 100.00%  [OK]

<TpmC>
                 18537.750 TpmC

